[0.790s] Invoking command in '/uolstore/home/users/sc23oy/ros2_ws/build/turtlebot3_fake_node': CMAKE_PREFIX_PATH=${CMAKE_PREFIX_PATH}:/uolstore/home/users/sc23oy/ros2_ws/install/lab3:/uolstore/home/users/sc23oy/ros2_ws/install/lab2:/uolstore/home/users/sc23oy/ros2_ws/install/lab1:/opt/ros/humble /usr/bin/cmake --build /uolstore/home/users/sc23oy/ros2_ws/build/turtlebot3_fake_node -- -j48 -l48
[2.029s] [100%] Built target turtlebot3_fake_node
[2.627s] Invoked command in '/uolstore/home/users/sc23oy/ros2_ws/build/turtlebot3_fake_node' returned '0': CMAKE_PREFIX_PATH=${CMAKE_PREFIX_PATH}:/uolstore/home/users/sc23oy/ros2_ws/install/lab3:/uolstore/home/users/sc23oy/ros2_ws/install/lab2:/uolstore/home/users/sc23oy/ros2_ws/install/lab1:/opt/ros/humble /usr/bin/cmake --build /uolstore/home/users/sc23oy/ros2_ws/build/turtlebot3_fake_node -- -j48 -l48
[2.702s] Invoking command in '/uolstore/home/users/sc23oy/ros2_ws/build/turtlebot3_fake_node': CMAKE_PREFIX_PATH=${CMAKE_PREFIX_PATH}:/uolstore/home/users/sc23oy/ros2_ws/install/lab3:/uolstore/home/users/sc23oy/ros2_ws/install/lab2:/uolstore/home/users/sc23oy/ros2_ws/install/lab1:/opt/ros/humble /usr/bin/cmake --install /uolstore/home/users/sc23oy/ros2_ws/build/turtlebot3_fake_node
[2.720s] -- Install configuration: ""
[2.723s] -- Up-to-date: /uolstore/home/users/sc23oy/ros2_ws/install/turtlebot3_fake_node/lib/turtlebot3_fake_node/turtlebot3_fake_node
[2.728s] -- Up-to-date: /uolstore/home/users/sc23oy/ros2_ws/install/turtlebot3_fake_node/share/turtlebot3_fake_node/launch
[2.730s] -- Up-to-date: /uolstore/home/users/sc23oy/ros2_ws/install/turtlebot3_fake_node/share/turtlebot3_fake_node/launch/rviz2.launch.py
[2.732s] -- Up-to-date: /uolstore/home/users/sc23oy/ros2_ws/install/turtlebot3_fake_node/share/turtlebot3_fake_node/launch/turtlebot3_fake_node.launch.py
[2.732s] -- Up-to-date: /uolstore/home/users/sc23oy/ros2_ws/install/turtlebot3_fake_node/share/turtlebot3_fake_node/param
[2.734s] -- Up-to-date: /uolstore/home/users/sc23oy/ros2_ws/install/turtlebot3_fake_node/share/turtlebot3_fake_node/param/burger.yaml
[2.736s] -- Up-to-date: /uolstore/home/users/sc23oy/ros2_ws/install/turtlebot3_fake_node/share/turtlebot3_fake_node/param/waffle.yaml
[2.737s] -- Up-to-date: /uolstore/home/users/sc23oy/ros2_ws/install/turtlebot3_fake_node/share/turtlebot3_fake_node/param/waffle_pi.yaml
[2.737s] -- Up-to-date: /uolstore/home/users/sc23oy/ros2_ws/install/turtlebot3_fake_node/include/
[2.739s] -- Up-to-date: /uolstore/home/users/sc23oy/ros2_ws/install/turtlebot3_fake_node/include//turtlebot3_fake_node
[2.740s] -- Up-to-date: /uolstore/home/users/sc23oy/ros2_ws/install/turtlebot3_fake_node/include//turtlebot3_fake_node/turtlebot3_fake_node.hpp
[2.741s] -- Up-to-date: /uolstore/home/users/sc23oy/ros2_ws/install/turtlebot3_fake_node/share/ament_index/resource_index/package_run_dependencies/turtlebot3_fake_node
[2.743s] -- Up-to-date: /uolstore/home/users/sc23oy/ros2_ws/install/turtlebot3_fake_node/share/ament_index/resource_index/parent_prefix_path/turtlebot3_fake_node
[2.744s] -- Up-to-date: /uolstore/home/users/sc23oy/ros2_ws/install/turtlebot3_fake_node/share/turtlebot3_fake_node/environment/ament_prefix_path.sh
[2.745s] -- Up-to-date: /uolstore/home/users/sc23oy/ros2_ws/install/turtlebot3_fake_node/share/turtlebot3_fake_node/environment/ament_prefix_path.dsv
[2.746s] -- Up-to-date: /uolstore/home/users/sc23oy/ros2_ws/install/turtlebot3_fake_node/share/turtlebot3_fake_node/environment/path.sh
[2.748s] -- Up-to-date: /uolstore/home/users/sc23oy/ros2_ws/install/turtlebot3_fake_node/share/turtlebot3_fake_node/environment/path.dsv
[2.748s] -- Up-to-date: /uolstore/home/users/sc23oy/ros2_ws/install/turtlebot3_fake_node/share/turtlebot3_fake_node/local_setup.bash
[2.749s] -- Up-to-date: /uolstore/home/users/sc23oy/ros2_ws/install/turtlebot3_fake_node/share/turtlebot3_fake_node/local_setup.sh
[2.750s] -- Up-to-date: /uolstore/home/users/sc23oy/ros2_ws/install/turtlebot3_fake_node/share/turtlebot3_fake_node/local_setup.zsh
[2.751s] -- Up-to-date: /uolstore/home/users/sc23oy/ros2_ws/install/turtlebot3_fake_node/share/turtlebot3_fake_node/local_setup.dsv
[2.752s] -- Installing: /uolstore/home/users/sc23oy/ros2_ws/install/turtlebot3_fake_node/share/turtlebot3_fake_node/package.dsv
[2.761s] -- Up-to-date: /uolstore/home/users/sc23oy/ros2_ws/install/turtlebot3_fake_node/share/ament_index/resource_index/packages/turtlebot3_fake_node
[2.762s] -- Up-to-date: /uolstore/home/users/sc23oy/ros2_ws/install/turtlebot3_fake_node/share/turtlebot3_fake_node/cmake/ament_cmake_export_include_directories-extras.cmake
[2.763s] -- Up-to-date: /uolstore/home/users/sc23oy/ros2_ws/install/turtlebot3_fake_node/share/turtlebot3_fake_node/cmake/ament_cmake_export_dependencies-extras.cmake
[2.764s] -- Up-to-date: /uolstore/home/users/sc23oy/ros2_ws/install/turtlebot3_fake_node/share/turtlebot3_fake_node/cmake/turtlebot3_fake_nodeConfig.cmake
[2.765s] -- Up-to-date: /uolstore/home/users/sc23oy/ros2_ws/install/turtlebot3_fake_node/share/turtlebot3_fake_node/cmake/turtlebot3_fake_nodeConfig-version.cmake
[2.767s] -- Up-to-date: /uolstore/home/users/sc23oy/ros2_ws/install/turtlebot3_fake_node/share/turtlebot3_fake_node/package.xml
[2.772s] Invoked command in '/uolstore/home/users/sc23oy/ros2_ws/build/turtlebot3_fake_node' returned '0': CMAKE_PREFIX_PATH=${CMAKE_PREFIX_PATH}:/uolstore/home/users/sc23oy/ros2_ws/install/lab3:/uolstore/home/users/sc23oy/ros2_ws/install/lab2:/uolstore/home/users/sc23oy/ros2_ws/install/lab1:/opt/ros/humble /usr/bin/cmake --install /uolstore/home/users/sc23oy/ros2_ws/build/turtlebot3_fake_node
