[0.237s] Invoking command in '/uolstore/home/users/sc23oy/ros2_ws/build/turtlebot3_fake_node': PS1=[COMP3631] Singularity> \w $ /usr/bin/cmake /uolstore/home/users/sc23oy/ros2_ws/src/turtlebot3_simulations/turtlebot3_fake_node -DCMAKE_INSTALL_PREFIX=/uolstore/home/users/sc23oy/ros2_ws/install/turtlebot3_fake_node
[1.012s] -- The C compiler identification is GNU 11.4.0
[1.012s] -- The CXX compiler identification is GNU 11.4.0
[1.012s] -- Detecting C compiler ABI info
[1.200s] -- Detecting C compiler ABI info - done
[1.216s] -- Check for working C compiler: /usr/bin/gcc - skipped
[1.217s] -- Detecting C compile features
[1.226s] -- Detecting C compile features - done
[1.243s] -- Detecting CXX compiler ABI info
[1.543s] -- Detecting CXX compiler ABI info - done
[1.560s] -- Check for working CXX compiler: /usr/bin/g++ - skipped
[1.560s] -- Detecting CXX compile features
[1.561s] -- Detecting CXX compile features - done
[1.605s] [31mCMake Error at CMakeLists.txt:18 (find_package):
[1.605s]   By not providing "Findament_cmake.cmake" in CMAKE_MODULE_PATH this project
[1.605s]   has asked CMake to find a package configuration file provided by
[1.605s]   "ament_cmake", but CMake did not find one.
[1.605s] 
[1.605s]   Could not find a package configuration file provided by "ament_cmake" with
[1.605s]   any of the following names:
[1.605s] 
[1.605s]     ament_cmakeConfig.cmake
[1.605s]     ament_cmake-config.cmake
[1.606s] 
[1.606s]   Add the installation prefix of "ament_cmake" to CMAKE_PREFIX_PATH or set
[1.606s]   "ament_cmake_DIR" to a directory containing one of the above files.  If
[1.606s]   "ament_cmake" provides a separate development package or SDK, be sure it
[1.606s]   has been installed.
[1.606s] 
[1.606s] [0m
[1.607s] -- Configuring incomplete, errors occurred!
[1.607s] See also "/uolstore/home/users/sc23oy/ros2_ws/build/turtlebot3_fake_node/CMakeFiles/CMakeOutput.log".
[1.615s] Invoked command in '/uolstore/home/users/sc23oy/ros2_ws/build/turtlebot3_fake_node' returned '1': PS1=[COMP3631] Singularity> \w $ /usr/bin/cmake /uolstore/home/users/sc23oy/ros2_ws/src/turtlebot3_simulations/turtlebot3_fake_node -DCMAKE_INSTALL_PREFIX=/uolstore/home/users/sc23oy/ros2_ws/install/turtlebot3_fake_node
