[0.212s] Invoking command in '/uolstore/home/users/sc23oy/ros2_ws/build/turtlebot3_gazebo': PS1=[COMP3631] Singularity> \w $ /usr/bin/cmake /uolstore/home/users/sc23oy/ros2_ws/src/turtlebot3_simulations/turtlebot3_gazebo -DCMAKE_INSTALL_PREFIX=/uolstore/home/users/sc23oy/ros2_ws/install/turtlebot3_gazebo
[0.978s] -- The C compiler identification is GNU 11.4.0
[0.978s] -- The CXX compiler identification is GNU 11.4.0
[0.978s] -- Detecting C compiler ABI info
[1.164s] -- Detecting C compiler ABI info - done
[1.181s] -- Check for working C compiler: /usr/bin/gcc - skipped
[1.182s] -- Detecting C compile features
[1.191s] -- Detecting C compile features - done
[1.208s] -- Detecting CXX compiler ABI info
[1.508s] -- Detecting CXX compiler ABI info - done
[1.526s] -- Check for working CXX compiler: /usr/bin/g++ - skipped
[1.526s] -- Detecting CXX compile features
[1.527s] -- Detecting CXX compile features - done
[1.572s] [31mCMake Error at CMakeLists.txt:22 (find_package):
[1.572s]   By not providing "Findament_cmake.cmake" in CMAKE_MODULE_PATH this project
[1.572s]   has asked CMake to find a package configuration file provided by
[1.572s]   "ament_cmake", but CMake did not find one.
[1.572s] 
[1.572s]   Could not find a package configuration file provided by "ament_cmake" with
[1.572s]   any of the following names:
[1.572s] 
[1.572s]     ament_cmakeConfig.cmake
[1.572s]     ament_cmake-config.cmake
[1.572s] 
[1.572s]   Add the installation prefix of "ament_cmake" to CMAKE_PREFIX_PATH or set
[1.572s]   "ament_cmake_DIR" to a directory containing one of the above files.  If
[1.572s]   "ament_cmake" provides a separate development package or SDK, be sure it
[1.573s]   has been installed.
[1.573s] 
[1.573s] [0m
[1.573s] -- Configuring incomplete, errors occurred!
[1.573s] See also "/uolstore/home/users/sc23oy/ros2_ws/build/turtlebot3_gazebo/CMakeFiles/CMakeOutput.log".
[1.589s] Invoked command in '/uolstore/home/users/sc23oy/ros2_ws/build/turtlebot3_gazebo' returned '1': PS1=[COMP3631] Singularity> \w $ /usr/bin/cmake /uolstore/home/users/sc23oy/ros2_ws/src/turtlebot3_simulations/turtlebot3_gazebo -DCMAKE_INSTALL_PREFIX=/uolstore/home/users/sc23oy/ros2_ws/install/turtlebot3_gazebo
