[2.157s] Invoking command in '/uolstore/home/users/sc23oy/ros2_ws/src/lab1': PS1=[COMP3631] Singularity> \w $ PYTHONPATH=/uolstore/home/users/sc23oy/ros2_ws/build/lab1/prefix_override:/uolstore/home/users/sc23oy/ros2_ws/install/lab1/lib/python3.10/site-packages:${PYTHONPATH} /usr/bin/python3 setup.py egg_info --egg-base ../../build/lab1 build --build-base /uolstore/home/users/sc23oy/ros2_ws/build/lab1/build install --record /uolstore/home/users/sc23oy/ros2_ws/build/lab1/install.log --single-version-externally-managed
[2.603s] running egg_info
[2.603s] writing ../../build/lab1/lab1.egg-info/PKG-INFO
[2.607s] writing dependency_links to ../../build/lab1/lab1.egg-info/dependency_links.txt
[2.610s] writing entry points to ../../build/lab1/lab1.egg-info/entry_points.txt
[2.613s] writing requirements to ../../build/lab1/lab1.egg-info/requires.txt
[2.615s] writing top-level names to ../../build/lab1/lab1.egg-info/top_level.txt
[2.623s] reading manifest file '../../build/lab1/lab1.egg-info/SOURCES.txt'
[2.626s] writing manifest file '../../build/lab1/lab1.egg-info/SOURCES.txt'
[2.628s] running build
[2.628s] running build_py
[2.632s] running install
[2.632s] running install_lib
[2.637s] running install_data
[2.638s] running install_egg_info
[2.641s] removing '/uolstore/home/users/sc23oy/ros2_ws/install/lab1/lib/python3.10/site-packages/lab1-0.0.0-py3.10.egg-info' (and everything under it)
[2.650s] Copying ../../build/lab1/lab1.egg-info to /uolstore/home/users/sc23oy/ros2_ws/install/lab1/lib/python3.10/site-packages/lab1-0.0.0-py3.10.egg-info
[2.691s] running install_scripts
[2.719s] Installing hello script to /uolstore/home/users/sc23oy/ros2_ws/install/lab1/lib/lab1
[2.723s] writing list of installed files to '/uolstore/home/users/sc23oy/ros2_ws/build/lab1/install.log'
[2.753s] Invoked command in '/uolstore/home/users/sc23oy/ros2_ws/src/lab1' returned '0': PS1=[COMP3631] Singularity> \w $ PYTHONPATH=/uolstore/home/users/sc23oy/ros2_ws/build/lab1/prefix_override:/uolstore/home/users/sc23oy/ros2_ws/install/lab1/lib/python3.10/site-packages:${PYTHONPATH} /usr/bin/python3 setup.py egg_info --egg-base ../../build/lab1 build --build-base /uolstore/home/users/sc23oy/ros2_ws/build/lab1/build install --record /uolstore/home/users/sc23oy/ros2_ws/build/lab1/install.log --single-version-externally-managed
