[2.743s] Invoking command in '/uolstore/home/users/sc23oy/ros2_ws/src/lab2': PS1=[COMP3631] Singularity> \w $ PYTHONPATH=/uolstore/home/users/sc23oy/ros2_ws/build/lab2/prefix_override:/uolstore/home/users/sc23oy/ros2_ws/install/lab2/lib/python3.10/site-packages:${PYTHONPATH} /usr/bin/python3 setup.py egg_info --egg-base ../../build/lab2 build --build-base /uolstore/home/users/sc23oy/ros2_ws/build/lab2/build install --record /uolstore/home/users/sc23oy/ros2_ws/build/lab2/install.log --single-version-externally-managed
[3.226s] running egg_info
[3.227s] writing ../../build/lab2/lab2.egg-info/PKG-INFO
[3.230s] writing dependency_links to ../../build/lab2/lab2.egg-info/dependency_links.txt
[3.234s] writing entry points to ../../build/lab2/lab2.egg-info/entry_points.txt
[3.236s] writing requirements to ../../build/lab2/lab2.egg-info/requires.txt
[3.239s] writing top-level names to ../../build/lab2/lab2.egg-info/top_level.txt
[3.249s] reading manifest file '../../build/lab2/lab2.egg-info/SOURCES.txt'
[3.253s] writing manifest file '../../build/lab2/lab2.egg-info/SOURCES.txt'
[3.254s] running build
[3.255s] running build_py
[3.259s] running install
[3.259s] running install_lib
[3.266s] running install_data
[3.269s] running install_egg_info
[3.271s] removing '/uolstore/home/users/sc23oy/ros2_ws/install/lab2/lib/python3.10/site-packages/lab2-0.0.0-py3.10.egg-info' (and everything under it)
[3.279s] Copying ../../build/lab2/lab2.egg-info to /uolstore/home/users/sc23oy/ros2_ws/install/lab2/lib/python3.10/site-packages/lab2-0.0.0-py3.10.egg-info
[3.317s] running install_scripts
[3.347s] Installing listener script to /uolstore/home/users/sc23oy/ros2_ws/install/lab2/lib/lab2
[3.349s] Installing numeric_listener script to /uolstore/home/users/sc23oy/ros2_ws/install/lab2/lib/lab2
[3.351s] Installing numeric_talker script to /uolstore/home/users/sc23oy/ros2_ws/install/lab2/lib/lab2
[3.353s] Installing talker script to /uolstore/home/users/sc23oy/ros2_ws/install/lab2/lib/lab2
[3.356s] writing list of installed files to '/uolstore/home/users/sc23oy/ros2_ws/build/lab2/install.log'
[3.586s] Invoked command in '/uolstore/home/users/sc23oy/ros2_ws/src/lab2' returned '0': PS1=[COMP3631] Singularity> \w $ PYTHONPATH=/uolstore/home/users/sc23oy/ros2_ws/build/lab2/prefix_override:/uolstore/home/users/sc23oy/ros2_ws/install/lab2/lib/python3.10/site-packages:${PYTHONPATH} /usr/bin/python3 setup.py egg_info --egg-base ../../build/lab2 build --build-base /uolstore/home/users/sc23oy/ros2_ws/build/lab2/build install --record /uolstore/home/users/sc23oy/ros2_ws/build/lab2/install.log --single-version-externally-managed
