[2.883s] Invoking command in '/uolstore/home/users/sc23oy/ros2_ws/src/lab3': PYTHONPATH=/uolstore/home/users/sc23oy/ros2_ws/build/lab3/prefix_override:/uolstore/home/users/sc23oy/ros2_ws/install/lab3/lib/python3.10/site-packages:${PYTHONPATH} /usr/bin/python3 setup.py egg_info --egg-base ../../build/lab3 build --build-base /uolstore/home/users/sc23oy/ros2_ws/build/lab3/build install --record /uolstore/home/users/sc23oy/ros2_ws/build/lab3/install.log --single-version-externally-managed
[3.332s] running egg_info
[3.333s] writing ../../build/lab3/lab3.egg-info/PKG-INFO
[3.336s] writing dependency_links to ../../build/lab3/lab3.egg-info/dependency_links.txt
[3.339s] writing entry points to ../../build/lab3/lab3.egg-info/entry_points.txt
[3.341s] writing requirements to ../../build/lab3/lab3.egg-info/requires.txt
[3.343s] writing top-level names to ../../build/lab3/lab3.egg-info/top_level.txt
[3.349s] reading manifest file '../../build/lab3/lab3.egg-info/SOURCES.txt'
[3.352s] writing manifest file '../../build/lab3/lab3.egg-info/SOURCES.txt'
[3.354s] running build
[3.354s] running build_py
[3.355s] copying lab3/exercise2.py -> /uolstore/home/users/sc23oy/ros2_ws/build/lab3/build/lib/lab3
[3.359s] running install
[3.359s] running install_lib
[3.365s] copying /uolstore/home/users/sc23oy/ros2_ws/build/lab3/build/lib/lab3/exercise2.py -> /uolstore/home/users/sc23oy/ros2_ws/install/lab3/lib/python3.10/site-packages/lab3
[3.369s] byte-compiling /uolstore/home/users/sc23oy/ros2_ws/install/lab3/lib/python3.10/site-packages/lab3/exercise2.py to exercise2.cpython-310.pyc
[3.374s] running install_data
[3.375s] running install_egg_info
[3.377s] removing '/uolstore/home/users/sc23oy/ros2_ws/install/lab3/lib/python3.10/site-packages/lab3-0.0.0-py3.10.egg-info' (and everything under it)
[3.386s] Copying ../../build/lab3/lab3.egg-info to /uolstore/home/users/sc23oy/ros2_ws/install/lab3/lib/python3.10/site-packages/lab3-0.0.0-py3.10.egg-info
[3.424s] running install_scripts
[3.456s] Installing exercise1 script to /uolstore/home/users/sc23oy/ros2_ws/install/lab3/lib/lab3
[3.458s] Installing exercise2 script to /uolstore/home/users/sc23oy/ros2_ws/install/lab3/lib/lab3
[3.462s] Installing firstwalk script to /uolstore/home/users/sc23oy/ros2_ws/install/lab3/lib/lab3
[3.465s] writing list of installed files to '/uolstore/home/users/sc23oy/ros2_ws/build/lab3/install.log'
[3.708s] Invoked command in '/uolstore/home/users/sc23oy/ros2_ws/src/lab3' returned '0': PYTHONPATH=/uolstore/home/users/sc23oy/ros2_ws/build/lab3/prefix_override:/uolstore/home/users/sc23oy/ros2_ws/install/lab3/lib/python3.10/site-packages:${PYTHONPATH} /usr/bin/python3 setup.py egg_info --egg-base ../../build/lab3 build --build-base /uolstore/home/users/sc23oy/ros2_ws/build/lab3/build install --record /uolstore/home/users/sc23oy/ros2_ws/build/lab3/install.log --single-version-externally-managed
