[2.004s] Invoking command in '/uolstore/home/users/sc23oy/ros2_ws/src/lab2': PS1=[COMP3631] Singularity> \w $ PYTHONPATH=/uolstore/home/users/sc23oy/ros2_ws/build/lab2/prefix_override:/uolstore/home/users/sc23oy/ros2_ws/install/lab2/lib/python3.10/site-packages:${PYTHONPATH} /usr/bin/python3 setup.py egg_info --egg-base ../../build/lab2 build --build-base /uolstore/home/users/sc23oy/ros2_ws/build/lab2/build install --record /uolstore/home/users/sc23oy/ros2_ws/build/lab2/install.log --single-version-externally-managed
[2.458s] running egg_info
[2.458s] creating ../../build/lab2/lab2.egg-info
[2.459s] writing ../../build/lab2/lab2.egg-info/PKG-INFO
[2.464s] writing dependency_links to ../../build/lab2/lab2.egg-info/dependency_links.txt
[2.466s] writing entry points to ../../build/lab2/lab2.egg-info/entry_points.txt
[2.468s] writing requirements to ../../build/lab2/lab2.egg-info/requires.txt
[2.469s] writing top-level names to ../../build/lab2/lab2.egg-info/top_level.txt
[2.472s] writing manifest file '../../build/lab2/lab2.egg-info/SOURCES.txt'
[2.479s] reading manifest file '../../build/lab2/lab2.egg-info/SOURCES.txt'
[2.482s] writing manifest file '../../build/lab2/lab2.egg-info/SOURCES.txt'
[2.483s] running build
[2.483s] running build_py
[2.484s] creating /uolstore/home/users/sc23oy/ros2_ws/build/lab2/build
[2.485s] creating /uolstore/home/users/sc23oy/ros2_ws/build/lab2/build/lib
[2.486s] creating /uolstore/home/users/sc23oy/ros2_ws/build/lab2/build/lib/lab2
[2.488s] copying lab2/__init__.py -> /uolstore/home/users/sc23oy/ros2_ws/build/lab2/build/lib/lab2
[2.490s] copying lab2/listener.py -> /uolstore/home/users/sc23oy/ros2_ws/build/lab2/build/lib/lab2
[2.494s] copying lab2/talker.py -> /uolstore/home/users/sc23oy/ros2_ws/build/lab2/build/lib/lab2
[2.498s] running install
[2.499s] running install_lib
[2.502s] creating /uolstore/home/users/sc23oy/ros2_ws/install/lab2/lib/python3.10/site-packages/lab2
[2.503s] copying /uolstore/home/users/sc23oy/ros2_ws/build/lab2/build/lib/lab2/__init__.py -> /uolstore/home/users/sc23oy/ros2_ws/install/lab2/lib/python3.10/site-packages/lab2
[2.507s] copying /uolstore/home/users/sc23oy/ros2_ws/build/lab2/build/lib/lab2/listener.py -> /uolstore/home/users/sc23oy/ros2_ws/install/lab2/lib/python3.10/site-packages/lab2
[2.511s] copying /uolstore/home/users/sc23oy/ros2_ws/build/lab2/build/lib/lab2/talker.py -> /uolstore/home/users/sc23oy/ros2_ws/install/lab2/lib/python3.10/site-packages/lab2
[2.518s] byte-compiling /uolstore/home/users/sc23oy/ros2_ws/install/lab2/lib/python3.10/site-packages/lab2/__init__.py to __init__.cpython-310.pyc
[2.522s] byte-compiling /uolstore/home/users/sc23oy/ros2_ws/install/lab2/lib/python3.10/site-packages/lab2/listener.py to listener.cpython-310.pyc
[2.528s] byte-compiling /uolstore/home/users/sc23oy/ros2_ws/install/lab2/lib/python3.10/site-packages/lab2/talker.py to talker.cpython-310.pyc
[2.532s] running install_data
[2.534s] creating /uolstore/home/users/sc23oy/ros2_ws/install/lab2/share/ament_index
[2.534s] creating /uolstore/home/users/sc23oy/ros2_ws/install/lab2/share/ament_index/resource_index
[2.535s] creating /uolstore/home/users/sc23oy/ros2_ws/install/lab2/share/ament_index/resource_index/packages
[2.537s] copying resource/lab2 -> /uolstore/home/users/sc23oy/ros2_ws/install/lab2/share/ament_index/resource_index/packages
[2.541s] copying package.xml -> /uolstore/home/users/sc23oy/ros2_ws/install/lab2/share/lab2
[2.545s] creating /uolstore/home/users/sc23oy/ros2_ws/install/lab2/share/lab2/launch
[2.546s] copying launch/chatter.py -> /uolstore/home/users/sc23oy/ros2_ws/install/lab2/share/lab2/launch
[2.550s] running install_egg_info
[2.553s] Copying ../../build/lab2/lab2.egg-info to /uolstore/home/users/sc23oy/ros2_ws/install/lab2/lib/python3.10/site-packages/lab2-0.0.0-py3.10.egg-info
[2.587s] running install_scripts
[2.618s] Installing listener script to /uolstore/home/users/sc23oy/ros2_ws/install/lab2/lib/lab2
[2.621s] Installing talker script to /uolstore/home/users/sc23oy/ros2_ws/install/lab2/lib/lab2
[2.624s] writing list of installed files to '/uolstore/home/users/sc23oy/ros2_ws/build/lab2/install.log'
[2.726s] Invoked command in '/uolstore/home/users/sc23oy/ros2_ws/src/lab2' returned '0': PS1=[COMP3631] Singularity> \w $ PYTHONPATH=/uolstore/home/users/sc23oy/ros2_ws/build/lab2/prefix_override:/uolstore/home/users/sc23oy/ros2_ws/install/lab2/lib/python3.10/site-packages:${PYTHONPATH} /usr/bin/python3 setup.py egg_info --egg-base ../../build/lab2 build --build-base /uolstore/home/users/sc23oy/ros2_ws/build/lab2/build install --record /uolstore/home/users/sc23oy/ros2_ws/build/lab2/install.log --single-version-externally-managed
