[1.708s] Invoking command in '/uolstore/home/users/sc23oy/ros2_ws/src/lab2': PS1=[COMP3631] Singularity> \w $ PYTHONPATH=/uolstore/home/users/sc23oy/ros2_ws/build/lab2/prefix_override:/uolstore/home/users/sc23oy/ros2_ws/install/lab2/lib/python3.10/site-packages: /usr/bin/python3 setup.py egg_info --egg-base ../../build/lab2 build --build-base /uolstore/home/users/sc23oy/ros2_ws/build/lab2/build install --record /uolstore/home/users/sc23oy/ros2_ws/build/lab2/install.log --single-version-externally-managed
[2.028s] running egg_info
[2.028s] creating ../../build/lab2/lab2.egg-info
[2.030s] writing ../../build/lab2/lab2.egg-info/PKG-INFO
[2.034s] writing dependency_links to ../../build/lab2/lab2.egg-info/dependency_links.txt
[2.036s] writing entry points to ../../build/lab2/lab2.egg-info/entry_points.txt
[2.038s] writing requirements to ../../build/lab2/lab2.egg-info/requires.txt
[2.039s] writing top-level names to ../../build/lab2/lab2.egg-info/top_level.txt
[2.043s] writing manifest file '../../build/lab2/lab2.egg-info/SOURCES.txt'
[2.051s] reading manifest file '../../build/lab2/lab2.egg-info/SOURCES.txt'
[2.054s] writing manifest file '../../build/lab2/lab2.egg-info/SOURCES.txt'
[2.055s] running build
[2.055s] running build_py
[2.057s] creating /uolstore/home/users/sc23oy/ros2_ws/build/lab2/build
[2.058s] creating /uolstore/home/users/sc23oy/ros2_ws/build/lab2/build/lib
[2.059s] creating /uolstore/home/users/sc23oy/ros2_ws/build/lab2/build/lib/lab2
[2.061s] copying lab2/__init__.py -> /uolstore/home/users/sc23oy/ros2_ws/build/lab2/build/lib/lab2
[2.064s] copying lab2/listener.py -> /uolstore/home/users/sc23oy/ros2_ws/build/lab2/build/lib/lab2
[2.067s] copying lab2/talker.py -> /uolstore/home/users/sc23oy/ros2_ws/build/lab2/build/lib/lab2
[2.071s] copying lab2/numeric_listener.py -> /uolstore/home/users/sc23oy/ros2_ws/build/lab2/build/lib/lab2
[2.075s] copying lab2/numeric_talker.py -> /uolstore/home/users/sc23oy/ros2_ws/build/lab2/build/lib/lab2
[2.078s] running install
[2.079s] running install_lib
[2.082s] creating /uolstore/home/users/sc23oy/ros2_ws/install/lab2/lib/python3.10/site-packages/lab2
[2.083s] copying /uolstore/home/users/sc23oy/ros2_ws/build/lab2/build/lib/lab2/__init__.py -> /uolstore/home/users/sc23oy/ros2_ws/install/lab2/lib/python3.10/site-packages/lab2
[2.087s] copying /uolstore/home/users/sc23oy/ros2_ws/build/lab2/build/lib/lab2/listener.py -> /uolstore/home/users/sc23oy/ros2_ws/install/lab2/lib/python3.10/site-packages/lab2
[2.091s] copying /uolstore/home/users/sc23oy/ros2_ws/build/lab2/build/lib/lab2/talker.py -> /uolstore/home/users/sc23oy/ros2_ws/install/lab2/lib/python3.10/site-packages/lab2
[2.096s] copying /uolstore/home/users/sc23oy/ros2_ws/build/lab2/build/lib/lab2/numeric_listener.py -> /uolstore/home/users/sc23oy/ros2_ws/install/lab2/lib/python3.10/site-packages/lab2
[2.100s] copying /uolstore/home/users/sc23oy/ros2_ws/build/lab2/build/lib/lab2/numeric_talker.py -> /uolstore/home/users/sc23oy/ros2_ws/install/lab2/lib/python3.10/site-packages/lab2
[2.106s] byte-compiling /uolstore/home/users/sc23oy/ros2_ws/install/lab2/lib/python3.10/site-packages/lab2/__init__.py to __init__.cpython-310.pyc
[2.110s] byte-compiling /uolstore/home/users/sc23oy/ros2_ws/install/lab2/lib/python3.10/site-packages/lab2/listener.py to listener.cpython-310.pyc
[2.115s] byte-compiling /uolstore/home/users/sc23oy/ros2_ws/install/lab2/lib/python3.10/site-packages/lab2/talker.py to talker.cpython-310.pyc
[2.120s] byte-compiling /uolstore/home/users/sc23oy/ros2_ws/install/lab2/lib/python3.10/site-packages/lab2/numeric_listener.py to numeric_listener.cpython-310.pyc
[2.125s] byte-compiling /uolstore/home/users/sc23oy/ros2_ws/install/lab2/lib/python3.10/site-packages/lab2/numeric_talker.py to numeric_talker.cpython-310.pyc
[2.130s] running install_data
[2.130s] creating /uolstore/home/users/sc23oy/ros2_ws/install/lab2/share/ament_index
[2.131s] creating /uolstore/home/users/sc23oy/ros2_ws/install/lab2/share/ament_index/resource_index
[2.132s] creating /uolstore/home/users/sc23oy/ros2_ws/install/lab2/share/ament_index/resource_index/packages
[2.134s] copying resource/lab2 -> /uolstore/home/users/sc23oy/ros2_ws/install/lab2/share/ament_index/resource_index/packages
[2.138s] copying package.xml -> /uolstore/home/users/sc23oy/ros2_ws/install/lab2/share/lab2
[2.142s] creating /uolstore/home/users/sc23oy/ros2_ws/install/lab2/share/lab2/launch
[2.143s] copying launch/chatter.py -> /uolstore/home/users/sc23oy/ros2_ws/install/lab2/share/lab2/launch
[2.147s] copying launch/numeric_chatter.py -> /uolstore/home/users/sc23oy/ros2_ws/install/lab2/share/lab2/launch
[2.150s] running install_egg_info
[2.154s] Copying ../../build/lab2/lab2.egg-info to /uolstore/home/users/sc23oy/ros2_ws/install/lab2/lib/python3.10/site-packages/lab2-0.0.0-py3.10.egg-info
[2.188s] running install_scripts
[2.217s] Installing listener script to /uolstore/home/users/sc23oy/ros2_ws/install/lab2/lib/lab2
[2.220s] Installing numeric_listener script to /uolstore/home/users/sc23oy/ros2_ws/install/lab2/lib/lab2
[2.222s] Installing numeric_talker script to /uolstore/home/users/sc23oy/ros2_ws/install/lab2/lib/lab2
[2.225s] Installing talker script to /uolstore/home/users/sc23oy/ros2_ws/install/lab2/lib/lab2
[2.228s] writing list of installed files to '/uolstore/home/users/sc23oy/ros2_ws/build/lab2/install.log'
[2.317s] Invoked command in '/uolstore/home/users/sc23oy/ros2_ws/src/lab2' returned '0': PS1=[COMP3631] Singularity> \w $ PYTHONPATH=/uolstore/home/users/sc23oy/ros2_ws/build/lab2/prefix_override:/uolstore/home/users/sc23oy/ros2_ws/install/lab2/lib/python3.10/site-packages: /usr/bin/python3 setup.py egg_info --egg-base ../../build/lab2 build --build-base /uolstore/home/users/sc23oy/ros2_ws/build/lab2/build install --record /uolstore/home/users/sc23oy/ros2_ws/build/lab2/install.log --single-version-externally-managed
