[5.137s] Invoking command in '/uolstore/home/users/sc23oy/ros2_ws/src/lab1': PYTHONPATH=/uolstore/home/users/sc23oy/ros2_ws/build/lab1/prefix_override:/uolstore/home/users/sc23oy/ros2_ws/install/lab1/lib/python3.10/site-packages:${PYTHONPATH} /usr/bin/python3 setup.py egg_info --egg-base ../../build/lab1 build --build-base /uolstore/home/users/sc23oy/ros2_ws/build/lab1/build install --record /uolstore/home/users/sc23oy/ros2_ws/build/lab1/install.log --single-version-externally-managed
[5.760s] running egg_info
[5.761s] writing ../../build/lab1/lab1.egg-info/PKG-INFO
[5.766s] writing dependency_links to ../../build/lab1/lab1.egg-info/dependency_links.txt
[5.769s] writing entry points to ../../build/lab1/lab1.egg-info/entry_points.txt
[5.772s] writing requirements to ../../build/lab1/lab1.egg-info/requires.txt
[5.775s] writing top-level names to ../../build/lab1/lab1.egg-info/top_level.txt
[5.782s] reading manifest file '../../build/lab1/lab1.egg-info/SOURCES.txt'
[5.786s] writing manifest file '../../build/lab1/lab1.egg-info/SOURCES.txt'
[5.788s] running build
[5.788s] running build_py
[5.789s] running install
[5.790s] running install_lib
[5.794s] running install_data
[5.795s] running install_egg_info
[5.800s] removing '/uolstore/home/users/sc23oy/ros2_ws/install/lab1/lib/python3.10/site-packages/lab1-0.0.0-py3.10.egg-info' (and everything under it)
[5.808s] Copying ../../build/lab1/lab1.egg-info to /uolstore/home/users/sc23oy/ros2_ws/install/lab1/lib/python3.10/site-packages/lab1-0.0.0-py3.10.egg-info
[5.853s] running install_scripts
[5.895s] Installing hello script to /uolstore/home/users/sc23oy/ros2_ws/install/lab1/lib/lab1
[5.899s] writing list of installed files to '/uolstore/home/users/sc23oy/ros2_ws/build/lab1/install.log'
[5.954s] Invoked command in '/uolstore/home/users/sc23oy/ros2_ws/src/lab1' returned '0': PYTHONPATH=/uolstore/home/users/sc23oy/ros2_ws/build/lab1/prefix_override:/uolstore/home/users/sc23oy/ros2_ws/install/lab1/lib/python3.10/site-packages:${PYTHONPATH} /usr/bin/python3 setup.py egg_info --egg-base ../../build/lab1 build --build-base /uolstore/home/users/sc23oy/ros2_ws/build/lab1/build install --record /uolstore/home/users/sc23oy/ros2_ws/build/lab1/install.log --single-version-externally-managed
