[2.629s] Invoking command in '/uolstore/home/users/sc23oy/ros2_ws/src/lab3': PS1=[COMP3631] Singularity> \w $ PYTHONPATH=/uolstore/home/users/sc23oy/ros2_ws/build/lab3/prefix_override:/uolstore/home/users/sc23oy/ros2_ws/install/lab3/lib/python3.10/site-packages:${PYTHONPATH} /usr/bin/python3 setup.py egg_info --egg-base ../../build/lab3 build --build-base /uolstore/home/users/sc23oy/ros2_ws/build/lab3/build install --record /uolstore/home/users/sc23oy/ros2_ws/build/lab3/install.log --single-version-externally-managed
[3.105s] running egg_info
[3.106s] writing ../../build/lab3/lab3.egg-info/PKG-INFO
[3.109s] writing dependency_links to ../../build/lab3/lab3.egg-info/dependency_links.txt
[3.112s] writing entry points to ../../build/lab3/lab3.egg-info/entry_points.txt
[3.115s] writing requirements to ../../build/lab3/lab3.egg-info/requires.txt
[3.117s] writing top-level names to ../../build/lab3/lab3.egg-info/top_level.txt
[3.126s] reading manifest file '../../build/lab3/lab3.egg-info/SOURCES.txt'
[3.129s] writing manifest file '../../build/lab3/lab3.egg-info/SOURCES.txt'
[3.131s] running build
[3.132s] running build_py
[3.134s] running install
[3.134s] running install_lib
[3.139s] running install_data
[3.142s] running install_egg_info
[3.144s] removing '/uolstore/home/users/sc23oy/ros2_ws/install/lab3/lib/python3.10/site-packages/lab3-0.0.0-py3.10.egg-info' (and everything under it)
[3.152s] Copying ../../build/lab3/lab3.egg-info to /uolstore/home/users/sc23oy/ros2_ws/install/lab3/lib/python3.10/site-packages/lab3-0.0.0-py3.10.egg-info
[3.189s] running install_scripts
[3.219s] Installing firstwalk script to /uolstore/home/users/sc23oy/ros2_ws/install/lab3/lib/lab3
[3.222s] writing list of installed files to '/uolstore/home/users/sc23oy/ros2_ws/build/lab3/install.log'
[3.343s] Invoked command in '/uolstore/home/users/sc23oy/ros2_ws/src/lab3' returned '0': PS1=[COMP3631] Singularity> \w $ PYTHONPATH=/uolstore/home/users/sc23oy/ros2_ws/build/lab3/prefix_override:/uolstore/home/users/sc23oy/ros2_ws/install/lab3/lib/python3.10/site-packages:${PYTHONPATH} /usr/bin/python3 setup.py egg_info --egg-base ../../build/lab3 build --build-base /uolstore/home/users/sc23oy/ros2_ws/build/lab3/build install --record /uolstore/home/users/sc23oy/ros2_ws/build/lab3/install.log --single-version-externally-managed
