[4.040s] Invoking command in '/uolstore/home/users/sc23oy/ros2_ws/src/lab2': PYTHONPATH=/uolstore/home/users/sc23oy/ros2_ws/build/lab2/prefix_override:/uolstore/home/users/sc23oy/ros2_ws/install/lab2/lib/python3.10/site-packages:${PYTHONPATH} /usr/bin/python3 setup.py egg_info --egg-base ../../build/lab2 build --build-base /uolstore/home/users/sc23oy/ros2_ws/build/lab2/build install --record /uolstore/home/users/sc23oy/ros2_ws/build/lab2/install.log --single-version-externally-managed
[4.654s] running egg_info
[4.656s] writing ../../build/lab2/lab2.egg-info/PKG-INFO
[4.659s] writing dependency_links to ../../build/lab2/lab2.egg-info/dependency_links.txt
[4.662s] writing entry points to ../../build/lab2/lab2.egg-info/entry_points.txt
[4.665s] writing requirements to ../../build/lab2/lab2.egg-info/requires.txt
[4.667s] writing top-level names to ../../build/lab2/lab2.egg-info/top_level.txt
[4.676s] reading manifest file '../../build/lab2/lab2.egg-info/SOURCES.txt'
[4.684s] writing manifest file '../../build/lab2/lab2.egg-info/SOURCES.txt'
[4.684s] running build
[4.684s] running build_py
[4.685s] running install
[4.685s] running install_lib
[4.696s] running install_data
[4.698s] running install_egg_info
[4.701s] removing '/uolstore/home/users/sc23oy/ros2_ws/install/lab2/lib/python3.10/site-packages/lab2-0.0.0-py3.10.egg-info' (and everything under it)
[4.710s] Copying ../../build/lab2/lab2.egg-info to /uolstore/home/users/sc23oy/ros2_ws/install/lab2/lib/python3.10/site-packages/lab2-0.0.0-py3.10.egg-info
[4.752s] running install_scripts
[4.790s] Installing listener script to /uolstore/home/users/sc23oy/ros2_ws/install/lab2/lib/lab2
[4.794s] Installing numeric_listener script to /uolstore/home/users/sc23oy/ros2_ws/install/lab2/lib/lab2
[4.797s] Installing numeric_talker script to /uolstore/home/users/sc23oy/ros2_ws/install/lab2/lib/lab2
[4.799s] Installing talker script to /uolstore/home/users/sc23oy/ros2_ws/install/lab2/lib/lab2
[4.803s] writing list of installed files to '/uolstore/home/users/sc23oy/ros2_ws/build/lab2/install.log'
[4.990s] Invoked command in '/uolstore/home/users/sc23oy/ros2_ws/src/lab2' returned '0': PYTHONPATH=/uolstore/home/users/sc23oy/ros2_ws/build/lab2/prefix_override:/uolstore/home/users/sc23oy/ros2_ws/install/lab2/lib/python3.10/site-packages:${PYTHONPATH} /usr/bin/python3 setup.py egg_info --egg-base ../../build/lab2 build --build-base /uolstore/home/users/sc23oy/ros2_ws/build/lab2/build install --record /uolstore/home/users/sc23oy/ros2_ws/build/lab2/install.log --single-version-externally-managed
