[4.248s] Invoking command in '/uolstore/home/users/sc23oy/ros2_ws/src/lab1': PYTHONPATH=/uolstore/home/users/sc23oy/ros2_ws/build/lab1/prefix_override:/uolstore/home/users/sc23oy/ros2_ws/install/lab1/lib/python3.10/site-packages:${PYTHONPATH} /usr/bin/python3 setup.py egg_info --egg-base ../../build/lab1 build --build-base /uolstore/home/users/sc23oy/ros2_ws/build/lab1/build install --record /uolstore/home/users/sc23oy/ros2_ws/build/lab1/install.log --single-version-externally-managed
[4.862s] running egg_info
[4.863s] writing ../../build/lab1/lab1.egg-info/PKG-INFO
[4.867s] writing dependency_links to ../../build/lab1/lab1.egg-info/dependency_links.txt
[4.870s] writing entry points to ../../build/lab1/lab1.egg-info/entry_points.txt
[4.873s] writing requirements to ../../build/lab1/lab1.egg-info/requires.txt
[4.875s] writing top-level names to ../../build/lab1/lab1.egg-info/top_level.txt
[4.885s] reading manifest file '../../build/lab1/lab1.egg-info/SOURCES.txt'
[4.891s] writing manifest file '../../build/lab1/lab1.egg-info/SOURCES.txt'
[4.895s] running build
[4.896s] running build_py
[4.896s] running install
[4.897s] running install_lib
[4.902s] running install_data
[4.903s] running install_egg_info
[4.907s] removing '/uolstore/home/users/sc23oy/ros2_ws/install/lab1/lib/python3.10/site-packages/lab1-0.0.0-py3.10.egg-info' (and everything under it)
[4.916s] Copying ../../build/lab1/lab1.egg-info to /uolstore/home/users/sc23oy/ros2_ws/install/lab1/lib/python3.10/site-packages/lab1-0.0.0-py3.10.egg-info
[4.957s] running install_scripts
[4.995s] Installing hello script to /uolstore/home/users/sc23oy/ros2_ws/install/lab1/lib/lab1
[4.998s] writing list of installed files to '/uolstore/home/users/sc23oy/ros2_ws/build/lab1/install.log'
[5.042s] Invoked command in '/uolstore/home/users/sc23oy/ros2_ws/src/lab1' returned '0': PYTHONPATH=/uolstore/home/users/sc23oy/ros2_ws/build/lab1/prefix_override:/uolstore/home/users/sc23oy/ros2_ws/install/lab1/lib/python3.10/site-packages:${PYTHONPATH} /usr/bin/python3 setup.py egg_info --egg-base ../../build/lab1 build --build-base /uolstore/home/users/sc23oy/ros2_ws/build/lab1/build install --record /uolstore/home/users/sc23oy/ros2_ws/build/lab1/install.log --single-version-externally-managed
