[4.124s] Invoking command in '/uolstore/home/users/sc23oy/ros2_ws/src/lab1': PYTHONPATH=/uolstore/home/users/sc23oy/ros2_ws/build/lab1/prefix_override:/uolstore/home/users/sc23oy/ros2_ws/install/lab1/lib/python3.10/site-packages:${PYTHONPATH} /usr/bin/python3 setup.py egg_info --egg-base ../../build/lab1 build --build-base /uolstore/home/users/sc23oy/ros2_ws/build/lab1/build install --record /uolstore/home/users/sc23oy/ros2_ws/build/lab1/install.log --single-version-externally-managed
[4.631s] running egg_info
[4.637s] writing ../../build/lab1/lab1.egg-info/PKG-INFO
[4.637s] writing dependency_links to ../../build/lab1/lab1.egg-info/dependency_links.txt
[4.639s] writing entry points to ../../build/lab1/lab1.egg-info/entry_points.txt
[4.641s] writing requirements to ../../build/lab1/lab1.egg-info/requires.txt
[4.643s] writing top-level names to ../../build/lab1/lab1.egg-info/top_level.txt
[4.651s] reading manifest file '../../build/lab1/lab1.egg-info/SOURCES.txt'
[4.655s] writing manifest file '../../build/lab1/lab1.egg-info/SOURCES.txt'
[4.656s] running build
[4.656s] running build_py
[4.657s] running install
[4.657s] running install_lib
[4.660s] running install_data
[4.661s] running install_egg_info
[4.663s] removing '/uolstore/home/users/sc23oy/ros2_ws/install/lab1/lib/python3.10/site-packages/lab1-0.0.0-py3.10.egg-info' (and everything under it)
[4.671s] Copying ../../build/lab1/lab1.egg-info to /uolstore/home/users/sc23oy/ros2_ws/install/lab1/lib/python3.10/site-packages/lab1-0.0.0-py3.10.egg-info
[4.715s] running install_scripts
[4.750s] Installing hello script to /uolstore/home/users/sc23oy/ros2_ws/install/lab1/lib/lab1
[4.754s] writing list of installed files to '/uolstore/home/users/sc23oy/ros2_ws/build/lab1/install.log'
[4.918s] Invoked command in '/uolstore/home/users/sc23oy/ros2_ws/src/lab1' returned '0': PYTHONPATH=/uolstore/home/users/sc23oy/ros2_ws/build/lab1/prefix_override:/uolstore/home/users/sc23oy/ros2_ws/install/lab1/lib/python3.10/site-packages:${PYTHONPATH} /usr/bin/python3 setup.py egg_info --egg-base ../../build/lab1 build --build-base /uolstore/home/users/sc23oy/ros2_ws/build/lab1/build install --record /uolstore/home/users/sc23oy/ros2_ws/build/lab1/install.log --single-version-externally-managed
