[1.075s] Invoking command in '/uolstore/home/users/sc23oy/ros2_ws/build/turtlebot3_gazebo': CMAKE_PREFIX_PATH=${CMAKE_PREFIX_PATH}:/uolstore/home/users/sc23oy/ros2_ws/install/lab3:/uolstore/home/users/sc23oy/ros2_ws/install/lab2:/uolstore/home/users/sc23oy/ros2_ws/install/lab1:/opt/ros/humble /usr/bin/cmake --build /uolstore/home/users/sc23oy/ros2_ws/build/turtlebot3_gazebo -- -j48 -l48
[2.368s] [ 25%] Built target turtlebot3_drive
[2.369s] [ 75%] Built target obstacle1
[2.369s] [100%] Built target obstacle2
[2.369s] [100%] Built target obstacles
[3.021s] Invoked command in '/uolstore/home/users/sc23oy/ros2_ws/build/turtlebot3_gazebo' returned '0': CMAKE_PREFIX_PATH=${CMAKE_PREFIX_PATH}:/uolstore/home/users/sc23oy/ros2_ws/install/lab3:/uolstore/home/users/sc23oy/ros2_ws/install/lab2:/uolstore/home/users/sc23oy/ros2_ws/install/lab1:/opt/ros/humble /usr/bin/cmake --build /uolstore/home/users/sc23oy/ros2_ws/build/turtlebot3_gazebo -- -j48 -l48
[3.098s] Invoking command in '/uolstore/home/users/sc23oy/ros2_ws/build/turtlebot3_gazebo': CMAKE_PREFIX_PATH=${CMAKE_PREFIX_PATH}:/uolstore/home/users/sc23oy/ros2_ws/install/lab3:/uolstore/home/users/sc23oy/ros2_ws/install/lab2:/uolstore/home/users/sc23oy/ros2_ws/install/lab1:/opt/ros/humble /usr/bin/cmake --install /uolstore/home/users/sc23oy/ros2_ws/build/turtlebot3_gazebo
[3.114s] -- Install configuration: ""
[3.119s] -- Up-to-date: /uolstore/home/users/sc23oy/ros2_ws/install/turtlebot3_gazebo/lib/turtlebot3_gazebo/turtlebot3_drive
[3.122s] -- Up-to-date: /uolstore/home/users/sc23oy/ros2_ws/install/turtlebot3_gazebo/share/turtlebot3_gazebo//launch
[3.123s] -- Up-to-date: /uolstore/home/users/sc23oy/ros2_ws/install/turtlebot3_gazebo/share/turtlebot3_gazebo//launch/empty_world.launch.py
[3.124s] -- Up-to-date: /uolstore/home/users/sc23oy/ros2_ws/install/turtlebot3_gazebo/share/turtlebot3_gazebo//launch/robot_state_publisher.launch.py
[3.125s] -- Up-to-date: /uolstore/home/users/sc23oy/ros2_ws/install/turtlebot3_gazebo/share/turtlebot3_gazebo//launch/spawn_turtlebot3.launch.py
[3.126s] -- Up-to-date: /uolstore/home/users/sc23oy/ros2_ws/install/turtlebot3_gazebo/share/turtlebot3_gazebo//launch/turtlebot3_dqn_stage1.launch.py
[3.126s] -- Up-to-date: /uolstore/home/users/sc23oy/ros2_ws/install/turtlebot3_gazebo/share/turtlebot3_gazebo//launch/turtlebot3_dqn_stage2.launch.py
[3.127s] -- Up-to-date: /uolstore/home/users/sc23oy/ros2_ws/install/turtlebot3_gazebo/share/turtlebot3_gazebo//launch/turtlebot3_dqn_stage3.launch.py
[3.128s] -- Up-to-date: /uolstore/home/users/sc23oy/ros2_ws/install/turtlebot3_gazebo/share/turtlebot3_gazebo//launch/turtlebot3_dqn_stage4.launch.py
[3.128s] -- Up-to-date: /uolstore/home/users/sc23oy/ros2_ws/install/turtlebot3_gazebo/share/turtlebot3_gazebo//launch/turtlebot3_house.launch.py
[3.129s] -- Up-to-date: /uolstore/home/users/sc23oy/ros2_ws/install/turtlebot3_gazebo/share/turtlebot3_gazebo//launch/turtlebot3_panorama.launch.py
[3.130s] -- Up-to-date: /uolstore/home/users/sc23oy/ros2_ws/install/turtlebot3_gazebo/share/turtlebot3_gazebo//launch/turtlebot3_rgb_world.launch.py
[3.130s] -- Up-to-date: /uolstore/home/users/sc23oy/ros2_ws/install/turtlebot3_gazebo/share/turtlebot3_gazebo//launch/turtlebot3_space.launch.py
[3.131s] -- Up-to-date: /uolstore/home/users/sc23oy/ros2_ws/install/turtlebot3_gazebo/share/turtlebot3_gazebo//launch/turtlebot3_world.launch.py
[3.132s] -- Up-to-date: /uolstore/home/users/sc23oy/ros2_ws/install/turtlebot3_gazebo/share/turtlebot3_gazebo//models
[3.133s] -- Up-to-date: /uolstore/home/users/sc23oy/ros2_ws/install/turtlebot3_gazebo/share/turtlebot3_gazebo//models/brick_box_3x1x3
[3.134s] -- Up-to-date: /uolstore/home/users/sc23oy/ros2_ws/install/turtlebot3_gazebo/share/turtlebot3_gazebo//models/brick_box_3x1x3/materials
[3.136s] -- Up-to-date: /uolstore/home/users/sc23oy/ros2_ws/install/turtlebot3_gazebo/share/turtlebot3_gazebo//models/brick_box_3x1x3/materials/scripts
[3.137s] -- Up-to-date: /uolstore/home/users/sc23oy/ros2_ws/install/turtlebot3_gazebo/share/turtlebot3_gazebo//models/brick_box_3x1x3/materials/scripts/brick_box.material
[3.138s] -- Up-to-date: /uolstore/home/users/sc23oy/ros2_ws/install/turtlebot3_gazebo/share/turtlebot3_gazebo//models/brick_box_3x1x3/materials/textures
[3.139s] -- Up-to-date: /uolstore/home/users/sc23oy/ros2_ws/install/turtlebot3_gazebo/share/turtlebot3_gazebo//models/brick_box_3x1x3/materials/textures/simple_box.png
[3.140s] -- Up-to-date: /uolstore/home/users/sc23oy/ros2_ws/install/turtlebot3_gazebo/share/turtlebot3_gazebo//models/brick_box_3x1x3/meshes
[3.142s] -- Up-to-date: /uolstore/home/users/sc23oy/ros2_ws/install/turtlebot3_gazebo/share/turtlebot3_gazebo//models/brick_box_3x1x3/meshes/simple_box.dae
[3.143s] -- Up-to-date: /uolstore/home/users/sc23oy/ros2_ws/install/turtlebot3_gazebo/share/turtlebot3_gazebo//models/brick_box_3x1x3/model-1_3.sdf
[3.145s] -- Up-to-date: /uolstore/home/users/sc23oy/ros2_ws/install/turtlebot3_gazebo/share/turtlebot3_gazebo//models/brick_box_3x1x3/model-1_4.sdf
[3.145s] -- Up-to-date: /uolstore/home/users/sc23oy/ros2_ws/install/turtlebot3_gazebo/share/turtlebot3_gazebo//models/brick_box_3x1x3/model.config
[3.147s] -- Up-to-date: /uolstore/home/users/sc23oy/ros2_ws/install/turtlebot3_gazebo/share/turtlebot3_gazebo//models/brick_box_3x1x3/model.sdf
[3.147s] -- Up-to-date: /uolstore/home/users/sc23oy/ros2_ws/install/turtlebot3_gazebo/share/turtlebot3_gazebo//models/green_image
[3.149s] -- Up-to-date: /uolstore/home/users/sc23oy/ros2_ws/install/turtlebot3_gazebo/share/turtlebot3_gazebo//models/green_image/materials
[3.150s] -- Up-to-date: /uolstore/home/users/sc23oy/ros2_ws/install/turtlebot3_gazebo/share/turtlebot3_gazebo//models/green_image/materials/scripts
[3.151s] -- Up-to-date: /uolstore/home/users/sc23oy/ros2_ws/install/turtlebot3_gazebo/share/turtlebot3_gazebo//models/green_image/materials/scripts/green_image.material
[3.152s] -- Up-to-date: /uolstore/home/users/sc23oy/ros2_ws/install/turtlebot3_gazebo/share/turtlebot3_gazebo//models/green_image/materials/textures
[3.154s] -- Up-to-date: /uolstore/home/users/sc23oy/ros2_ws/install/turtlebot3_gazebo/share/turtlebot3_gazebo//models/green_image/materials/textures/green_image.jpg
[3.155s] -- Up-to-date: /uolstore/home/users/sc23oy/ros2_ws/install/turtlebot3_gazebo/share/turtlebot3_gazebo//models/green_image/model.config
[3.156s] -- Up-to-date: /uolstore/home/users/sc23oy/ros2_ws/install/turtlebot3_gazebo/share/turtlebot3_gazebo//models/green_image/model.sdf
[3.156s] -- Up-to-date: /uolstore/home/users/sc23oy/ros2_ws/install/turtlebot3_gazebo/share/turtlebot3_gazebo//models/grey_wall_medium
[3.158s] -- Up-to-date: /uolstore/home/users/sc23oy/ros2_ws/install/turtlebot3_gazebo/share/turtlebot3_gazebo//models/grey_wall_medium/materials
[3.159s] -- Up-to-date: /uolstore/home/users/sc23oy/ros2_ws/install/turtlebot3_gazebo/share/turtlebot3_gazebo//models/grey_wall_medium/materials/scripts
[3.161s] -- Up-to-date: /uolstore/home/users/sc23oy/ros2_ws/install/turtlebot3_gazebo/share/turtlebot3_gazebo//models/grey_wall_medium/materials/scripts/grey_wall.material
[3.162s] -- Up-to-date: /uolstore/home/users/sc23oy/ros2_ws/install/turtlebot3_gazebo/share/turtlebot3_gazebo//models/grey_wall_medium/materials/textures
[3.163s] -- Up-to-date: /uolstore/home/users/sc23oy/ros2_ws/install/turtlebot3_gazebo/share/turtlebot3_gazebo//models/grey_wall_medium/materials/textures/dull_gray.png
[3.165s] -- Up-to-date: /uolstore/home/users/sc23oy/ros2_ws/install/turtlebot3_gazebo/share/turtlebot3_gazebo//models/grey_wall_medium/model-1_3.sdf
[3.165s] -- Up-to-date: /uolstore/home/users/sc23oy/ros2_ws/install/turtlebot3_gazebo/share/turtlebot3_gazebo//models/grey_wall_medium/model-1_4.sdf
[3.167s] -- Up-to-date: /uolstore/home/users/sc23oy/ros2_ws/install/turtlebot3_gazebo/share/turtlebot3_gazebo//models/grey_wall_medium/model.config
[3.168s] -- Up-to-date: /uolstore/home/users/sc23oy/ros2_ws/install/turtlebot3_gazebo/share/turtlebot3_gazebo//models/grey_wall_medium/model.sdf
[3.168s] -- Up-to-date: /uolstore/home/users/sc23oy/ros2_ws/install/turtlebot3_gazebo/share/turtlebot3_gazebo//models/grey_wall_micro
[3.170s] -- Up-to-date: /uolstore/home/users/sc23oy/ros2_ws/install/turtlebot3_gazebo/share/turtlebot3_gazebo//models/grey_wall_micro/materials
[3.171s] -- Up-to-date: /uolstore/home/users/sc23oy/ros2_ws/install/turtlebot3_gazebo/share/turtlebot3_gazebo//models/grey_wall_micro/materials/scripts
[3.173s] -- Up-to-date: /uolstore/home/users/sc23oy/ros2_ws/install/turtlebot3_gazebo/share/turtlebot3_gazebo//models/grey_wall_micro/materials/scripts/grey_wall.material
[3.173s] -- Up-to-date: /uolstore/home/users/sc23oy/ros2_ws/install/turtlebot3_gazebo/share/turtlebot3_gazebo//models/grey_wall_micro/materials/textures
[3.175s] -- Up-to-date: /uolstore/home/users/sc23oy/ros2_ws/install/turtlebot3_gazebo/share/turtlebot3_gazebo//models/grey_wall_micro/materials/textures/dull_gray.png
[3.176s] -- Up-to-date: /uolstore/home/users/sc23oy/ros2_ws/install/turtlebot3_gazebo/share/turtlebot3_gazebo//models/grey_wall_micro/model-1_3.sdf
[3.177s] -- Up-to-date: /uolstore/home/users/sc23oy/ros2_ws/install/turtlebot3_gazebo/share/turtlebot3_gazebo//models/grey_wall_micro/model-1_4.sdf
[3.178s] -- Up-to-date: /uolstore/home/users/sc23oy/ros2_ws/install/turtlebot3_gazebo/share/turtlebot3_gazebo//models/grey_wall_micro/model.config
[3.180s] -- Up-to-date: /uolstore/home/users/sc23oy/ros2_ws/install/turtlebot3_gazebo/share/turtlebot3_gazebo//models/grey_wall_micro/model.sdf
[3.181s] -- Up-to-date: /uolstore/home/users/sc23oy/ros2_ws/install/turtlebot3_gazebo/share/turtlebot3_gazebo//models/grey_wall_small
[3.181s] -- Up-to-date: /uolstore/home/users/sc23oy/ros2_ws/install/turtlebot3_gazebo/share/turtlebot3_gazebo//models/grey_wall_small/materials
[3.183s] -- Up-to-date: /uolstore/home/users/sc23oy/ros2_ws/install/turtlebot3_gazebo/share/turtlebot3_gazebo//models/grey_wall_small/materials/scripts
[3.185s] -- Up-to-date: /uolstore/home/users/sc23oy/ros2_ws/install/turtlebot3_gazebo/share/turtlebot3_gazebo//models/grey_wall_small/materials/scripts/grey_wall.material
[3.185s] -- Up-to-date: /uolstore/home/users/sc23oy/ros2_ws/install/turtlebot3_gazebo/share/turtlebot3_gazebo//models/grey_wall_small/materials/textures
[3.187s] -- Up-to-date: /uolstore/home/users/sc23oy/ros2_ws/install/turtlebot3_gazebo/share/turtlebot3_gazebo//models/grey_wall_small/materials/textures/dull_gray.png
[3.188s] -- Up-to-date: /uolstore/home/users/sc23oy/ros2_ws/install/turtlebot3_gazebo/share/turtlebot3_gazebo//models/grey_wall_small/model-1_3.sdf
[3.189s] -- Up-to-date: /uolstore/home/users/sc23oy/ros2_ws/install/turtlebot3_gazebo/share/turtlebot3_gazebo//models/grey_wall_small/model-1_4.sdf
[3.191s] -- Up-to-date: /uolstore/home/users/sc23oy/ros2_ws/install/turtlebot3_gazebo/share/turtlebot3_gazebo//models/grey_wall_small/model.config
[3.191s] -- Up-to-date: /uolstore/home/users/sc23oy/ros2_ws/install/turtlebot3_gazebo/share/turtlebot3_gazebo//models/grey_wall_small/model.sdf
[3.192s] -- Up-to-date: /uolstore/home/users/sc23oy/ros2_ws/install/turtlebot3_gazebo/share/turtlebot3_gazebo//models/grey_wall_smaller
[3.194s] -- Up-to-date: /uolstore/home/users/sc23oy/ros2_ws/install/turtlebot3_gazebo/share/turtlebot3_gazebo//models/grey_wall_smaller/materials
[3.195s] -- Up-to-date: /uolstore/home/users/sc23oy/ros2_ws/install/turtlebot3_gazebo/share/turtlebot3_gazebo//models/grey_wall_smaller/materials/scripts
[3.196s] -- Up-to-date: /uolstore/home/users/sc23oy/ros2_ws/install/turtlebot3_gazebo/share/turtlebot3_gazebo//models/grey_wall_smaller/materials/scripts/grey_wall.material
[3.197s] -- Up-to-date: /uolstore/home/users/sc23oy/ros2_ws/install/turtlebot3_gazebo/share/turtlebot3_gazebo//models/grey_wall_smaller/materials/textures
[3.199s] -- Up-to-date: /uolstore/home/users/sc23oy/ros2_ws/install/turtlebot3_gazebo/share/turtlebot3_gazebo//models/grey_wall_smaller/materials/textures/dull_gray.png
[3.200s] -- Up-to-date: /uolstore/home/users/sc23oy/ros2_ws/install/turtlebot3_gazebo/share/turtlebot3_gazebo//models/grey_wall_smaller/model-1_3.sdf
[3.202s] -- Up-to-date: /uolstore/home/users/sc23oy/ros2_ws/install/turtlebot3_gazebo/share/turtlebot3_gazebo//models/grey_wall_smaller/model-1_4.sdf
[3.202s] -- Up-to-date: /uolstore/home/users/sc23oy/ros2_ws/install/turtlebot3_gazebo/share/turtlebot3_gazebo//models/grey_wall_smaller/model.config
[3.204s] -- Up-to-date: /uolstore/home/users/sc23oy/ros2_ws/install/turtlebot3_gazebo/share/turtlebot3_gazebo//models/grey_wall_smaller/model.sdf
[3.204s] -- Up-to-date: /uolstore/home/users/sc23oy/ros2_ws/install/turtlebot3_gazebo/share/turtlebot3_gazebo//models/grey_wall_tinier
[3.206s] -- Up-to-date: /uolstore/home/users/sc23oy/ros2_ws/install/turtlebot3_gazebo/share/turtlebot3_gazebo//models/grey_wall_tinier/materials
[3.207s] -- Up-to-date: /uolstore/home/users/sc23oy/ros2_ws/install/turtlebot3_gazebo/share/turtlebot3_gazebo//models/grey_wall_tinier/materials/scripts
[3.209s] -- Up-to-date: /uolstore/home/users/sc23oy/ros2_ws/install/turtlebot3_gazebo/share/turtlebot3_gazebo//models/grey_wall_tinier/materials/scripts/grey_wall.material
[3.210s] -- Up-to-date: /uolstore/home/users/sc23oy/ros2_ws/install/turtlebot3_gazebo/share/turtlebot3_gazebo//models/grey_wall_tinier/materials/textures
[3.211s] -- Up-to-date: /uolstore/home/users/sc23oy/ros2_ws/install/turtlebot3_gazebo/share/turtlebot3_gazebo//models/grey_wall_tinier/materials/textures/dull_gray.png
[3.212s] -- Up-to-date: /uolstore/home/users/sc23oy/ros2_ws/install/turtlebot3_gazebo/share/turtlebot3_gazebo//models/grey_wall_tinier/model-1_3.sdf
[3.214s] -- Up-to-date: /uolstore/home/users/sc23oy/ros2_ws/install/turtlebot3_gazebo/share/turtlebot3_gazebo//models/grey_wall_tinier/model-1_4.sdf
[3.215s] -- Up-to-date: /uolstore/home/users/sc23oy/ros2_ws/install/turtlebot3_gazebo/share/turtlebot3_gazebo//models/grey_wall_tinier/model.config
[3.215s] -- Up-to-date: /uolstore/home/users/sc23oy/ros2_ws/install/turtlebot3_gazebo/share/turtlebot3_gazebo//models/grey_wall_tinier/model.sdf
[3.216s] -- Up-to-date: /uolstore/home/users/sc23oy/ros2_ws/install/turtlebot3_gazebo/share/turtlebot3_gazebo//models/grey_wall_tiny
[3.218s] -- Up-to-date: /uolstore/home/users/sc23oy/ros2_ws/install/turtlebot3_gazebo/share/turtlebot3_gazebo//models/grey_wall_tiny/materials
[3.219s] -- Up-to-date: /uolstore/home/users/sc23oy/ros2_ws/install/turtlebot3_gazebo/share/turtlebot3_gazebo//models/grey_wall_tiny/materials/scripts
[3.221s] -- Up-to-date: /uolstore/home/users/sc23oy/ros2_ws/install/turtlebot3_gazebo/share/turtlebot3_gazebo//models/grey_wall_tiny/materials/scripts/grey_wall.material
[3.222s] -- Up-to-date: /uolstore/home/users/sc23oy/ros2_ws/install/turtlebot3_gazebo/share/turtlebot3_gazebo//models/grey_wall_tiny/materials/textures
[3.223s] -- Up-to-date: /uolstore/home/users/sc23oy/ros2_ws/install/turtlebot3_gazebo/share/turtlebot3_gazebo//models/grey_wall_tiny/materials/textures/dull_gray.png
[3.224s] -- Up-to-date: /uolstore/home/users/sc23oy/ros2_ws/install/turtlebot3_gazebo/share/turtlebot3_gazebo//models/grey_wall_tiny/model-1_3.sdf
[3.225s] -- Up-to-date: /uolstore/home/users/sc23oy/ros2_ws/install/turtlebot3_gazebo/share/turtlebot3_gazebo//models/grey_wall_tiny/model-1_4.sdf
[3.226s] -- Up-to-date: /uolstore/home/users/sc23oy/ros2_ws/install/turtlebot3_gazebo/share/turtlebot3_gazebo//models/grey_wall_tiny/model.config
[3.227s] -- Up-to-date: /uolstore/home/users/sc23oy/ros2_ws/install/turtlebot3_gazebo/share/turtlebot3_gazebo//models/grey_wall_tiny/model.sdf
[3.228s] -- Up-to-date: /uolstore/home/users/sc23oy/ros2_ws/install/turtlebot3_gazebo/share/turtlebot3_gazebo//models/my_grey_wall
[3.230s] -- Up-to-date: /uolstore/home/users/sc23oy/ros2_ws/install/turtlebot3_gazebo/share/turtlebot3_gazebo//models/my_grey_wall/materials
[3.232s] -- Up-to-date: /uolstore/home/users/sc23oy/ros2_ws/install/turtlebot3_gazebo/share/turtlebot3_gazebo//models/my_grey_wall/materials/scripts
[3.233s] -- Up-to-date: /uolstore/home/users/sc23oy/ros2_ws/install/turtlebot3_gazebo/share/turtlebot3_gazebo//models/my_grey_wall/materials/scripts/brick_box.material
[3.233s] -- Up-to-date: /uolstore/home/users/sc23oy/ros2_ws/install/turtlebot3_gazebo/share/turtlebot3_gazebo//models/my_grey_wall/materials/scripts/my_grey_wall.material
[3.235s] -- Up-to-date: /uolstore/home/users/sc23oy/ros2_ws/install/turtlebot3_gazebo/share/turtlebot3_gazebo//models/my_grey_wall/materials/scripts/space_box.material
[3.235s] -- Up-to-date: /uolstore/home/users/sc23oy/ros2_ws/install/turtlebot3_gazebo/share/turtlebot3_gazebo//models/my_grey_wall/materials/textures
[3.237s] -- Up-to-date: /uolstore/home/users/sc23oy/ros2_ws/install/turtlebot3_gazebo/share/turtlebot3_gazebo//models/my_grey_wall/materials/textures/Untitled.jpg
[3.238s] -- Up-to-date: /uolstore/home/users/sc23oy/ros2_ws/install/turtlebot3_gazebo/share/turtlebot3_gazebo//models/my_grey_wall/materials/textures/simple_box.jpg
[3.239s] -- Up-to-date: /uolstore/home/users/sc23oy/ros2_ws/install/turtlebot3_gazebo/share/turtlebot3_gazebo//models/my_grey_wall/materials/textures/simple_box.png
[3.242s] -- Up-to-date: /uolstore/home/users/sc23oy/ros2_ws/install/turtlebot3_gazebo/share/turtlebot3_gazebo//models/my_grey_wall/materials/textures/simple_box.png.old
[3.244s] -- Up-to-date: /uolstore/home/users/sc23oy/ros2_ws/install/turtlebot3_gazebo/share/turtlebot3_gazebo//models/my_grey_wall/materials/textures/simple_box1.png
[3.245s] -- Up-to-date: /uolstore/home/users/sc23oy/ros2_ws/install/turtlebot3_gazebo/share/turtlebot3_gazebo//models/my_grey_wall/materials/textures/simple_box2.png
[3.246s] -- Up-to-date: /uolstore/home/users/sc23oy/ros2_ws/install/turtlebot3_gazebo/share/turtlebot3_gazebo//models/my_grey_wall/materials/textures/spacecraftwall.jpeg
[3.247s] -- Up-to-date: /uolstore/home/users/sc23oy/ros2_ws/install/turtlebot3_gazebo/share/turtlebot3_gazebo//models/my_grey_wall/materials/textures/texture.jpg
[3.248s] -- Up-to-date: /uolstore/home/users/sc23oy/ros2_ws/install/turtlebot3_gazebo/share/turtlebot3_gazebo//models/my_grey_wall/meshes
[3.250s] -- Up-to-date: /uolstore/home/users/sc23oy/ros2_ws/install/turtlebot3_gazebo/share/turtlebot3_gazebo//models/my_grey_wall/meshes/simple_box.dae
[3.252s] -- Up-to-date: /uolstore/home/users/sc23oy/ros2_ws/install/turtlebot3_gazebo/share/turtlebot3_gazebo//models/my_grey_wall/model-1_3.sdf
[3.253s] -- Up-to-date: /uolstore/home/users/sc23oy/ros2_ws/install/turtlebot3_gazebo/share/turtlebot3_gazebo//models/my_grey_wall/model-1_4.sdf
[3.256s] -- Up-to-date: /uolstore/home/users/sc23oy/ros2_ws/install/turtlebot3_gazebo/share/turtlebot3_gazebo//models/my_grey_wall/model.config
[3.256s] -- Up-to-date: /uolstore/home/users/sc23oy/ros2_ws/install/turtlebot3_gazebo/share/turtlebot3_gazebo//models/my_grey_wall/model.sdf
[3.256s] -- Up-to-date: /uolstore/home/users/sc23oy/ros2_ws/install/turtlebot3_gazebo/share/turtlebot3_gazebo//models/panoframe
[3.258s] -- Up-to-date: /uolstore/home/users/sc23oy/ros2_ws/install/turtlebot3_gazebo/share/turtlebot3_gazebo//models/panoframe/materials
[3.259s] -- Up-to-date: /uolstore/home/users/sc23oy/ros2_ws/install/turtlebot3_gazebo/share/turtlebot3_gazebo//models/panoframe/materials/scripts
[3.260s] -- Up-to-date: /uolstore/home/users/sc23oy/ros2_ws/install/turtlebot3_gazebo/share/turtlebot3_gazebo//models/panoframe/materials/scripts/repeated.material
[3.261s] -- Up-to-date: /uolstore/home/users/sc23oy/ros2_ws/install/turtlebot3_gazebo/share/turtlebot3_gazebo//models/panoframe/materials/textures
[3.263s] -- Up-to-date: /uolstore/home/users/sc23oy/ros2_ws/install/turtlebot3_gazebo/share/turtlebot3_gazebo//models/panoframe/materials/textures/scene.jpg
[3.264s] -- Up-to-date: /uolstore/home/users/sc23oy/ros2_ws/install/turtlebot3_gazebo/share/turtlebot3_gazebo//models/panoframe/model.config
[3.265s] -- Up-to-date: /uolstore/home/users/sc23oy/ros2_ws/install/turtlebot3_gazebo/share/turtlebot3_gazebo//models/panoframe/model.sdf
[3.265s] -- Up-to-date: /uolstore/home/users/sc23oy/ros2_ws/install/turtlebot3_gazebo/share/turtlebot3_gazebo//models/panorama
[3.267s] -- Up-to-date: /uolstore/home/users/sc23oy/ros2_ws/install/turtlebot3_gazebo/share/turtlebot3_gazebo//models/panorama/materials
[3.268s] -- Up-to-date: /uolstore/home/users/sc23oy/ros2_ws/install/turtlebot3_gazebo/share/turtlebot3_gazebo//models/panorama/materials/scripts
[3.270s] -- Up-to-date: /uolstore/home/users/sc23oy/ros2_ws/install/turtlebot3_gazebo/share/turtlebot3_gazebo//models/panorama/materials/scripts/repeated.material
[3.271s] -- Up-to-date: /uolstore/home/users/sc23oy/ros2_ws/install/turtlebot3_gazebo/share/turtlebot3_gazebo//models/panorama/materials/textures
[3.273s] -- Up-to-date: /uolstore/home/users/sc23oy/ros2_ws/install/turtlebot3_gazebo/share/turtlebot3_gazebo//models/panorama/materials/textures/2.jpg
[3.274s] -- Up-to-date: /uolstore/home/users/sc23oy/ros2_ws/install/turtlebot3_gazebo/share/turtlebot3_gazebo//models/panorama/materials/textures/scene.jpg
[3.275s] -- Up-to-date: /uolstore/home/users/sc23oy/ros2_ws/install/turtlebot3_gazebo/share/turtlebot3_gazebo//models/panorama/materials/textures/scene_old.jpg
[3.276s] -- Up-to-date: /uolstore/home/users/sc23oy/ros2_ws/install/turtlebot3_gazebo/share/turtlebot3_gazebo//models/panorama/model.config
[3.277s] -- Up-to-date: /uolstore/home/users/sc23oy/ros2_ws/install/turtlebot3_gazebo/share/turtlebot3_gazebo//models/panorama/model.sdf
[3.278s] -- Up-to-date: /uolstore/home/users/sc23oy/ros2_ws/install/turtlebot3_gazebo/share/turtlebot3_gazebo//models/poster
[3.279s] -- Up-to-date: /uolstore/home/users/sc23oy/ros2_ws/install/turtlebot3_gazebo/share/turtlebot3_gazebo//models/poster/materials
[3.281s] -- Up-to-date: /uolstore/home/users/sc23oy/ros2_ws/install/turtlebot3_gazebo/share/turtlebot3_gazebo//models/poster/materials/scripts
[3.282s] -- Up-to-date: /uolstore/home/users/sc23oy/ros2_ws/install/turtlebot3_gazebo/share/turtlebot3_gazebo//models/poster/materials/scripts/repeated.material
[3.283s] -- Up-to-date: /uolstore/home/users/sc23oy/ros2_ws/install/turtlebot3_gazebo/share/turtlebot3_gazebo//models/poster/materials/textures
[3.285s] -- Up-to-date: /uolstore/home/users/sc23oy/ros2_ws/install/turtlebot3_gazebo/share/turtlebot3_gazebo//models/poster/materials/textures/poster.png
[3.286s] -- Up-to-date: /uolstore/home/users/sc23oy/ros2_ws/install/turtlebot3_gazebo/share/turtlebot3_gazebo//models/poster/model.config
[3.287s] -- Up-to-date: /uolstore/home/users/sc23oy/ros2_ws/install/turtlebot3_gazebo/share/turtlebot3_gazebo//models/poster/model.sdf
[3.288s] -- Up-to-date: /uolstore/home/users/sc23oy/ros2_ws/install/turtlebot3_gazebo/share/turtlebot3_gazebo//models/red_image
[3.289s] -- Up-to-date: /uolstore/home/users/sc23oy/ros2_ws/install/turtlebot3_gazebo/share/turtlebot3_gazebo//models/red_image/materials
[3.290s] -- Up-to-date: /uolstore/home/users/sc23oy/ros2_ws/install/turtlebot3_gazebo/share/turtlebot3_gazebo//models/red_image/materials/scripts
[3.292s] -- Up-to-date: /uolstore/home/users/sc23oy/ros2_ws/install/turtlebot3_gazebo/share/turtlebot3_gazebo//models/red_image/materials/scripts/red_image.material
[3.293s] -- Up-to-date: /uolstore/home/users/sc23oy/ros2_ws/install/turtlebot3_gazebo/share/turtlebot3_gazebo//models/red_image/materials/textures
[3.294s] -- Up-to-date: /uolstore/home/users/sc23oy/ros2_ws/install/turtlebot3_gazebo/share/turtlebot3_gazebo//models/red_image/materials/textures/red_image.jpg
[3.295s] -- Up-to-date: /uolstore/home/users/sc23oy/ros2_ws/install/turtlebot3_gazebo/share/turtlebot3_gazebo//models/red_image/model.config
[3.296s] -- Up-to-date: /uolstore/home/users/sc23oy/ros2_ws/install/turtlebot3_gazebo/share/turtlebot3_gazebo//models/red_image/model.sdf
[3.297s] -- Up-to-date: /uolstore/home/users/sc23oy/ros2_ws/install/turtlebot3_gazebo/share/turtlebot3_gazebo//models/red_image/red_image
[3.298s] -- Up-to-date: /uolstore/home/users/sc23oy/ros2_ws/install/turtlebot3_gazebo/share/turtlebot3_gazebo//models/red_image/red_image/materials
[3.299s] -- Up-to-date: /uolstore/home/users/sc23oy/ros2_ws/install/turtlebot3_gazebo/share/turtlebot3_gazebo//models/red_image/red_image/materials/scripts
[3.302s] -- Up-to-date: /uolstore/home/users/sc23oy/ros2_ws/install/turtlebot3_gazebo/share/turtlebot3_gazebo//models/red_image/red_image/materials/scripts/red_image.material
[3.302s] -- Up-to-date: /uolstore/home/users/sc23oy/ros2_ws/install/turtlebot3_gazebo/share/turtlebot3_gazebo//models/red_image/red_image/materials/textures
[3.304s] -- Up-to-date: /uolstore/home/users/sc23oy/ros2_ws/install/turtlebot3_gazebo/share/turtlebot3_gazebo//models/red_image/red_image/materials/textures/red_image.jpg
[3.305s] -- Up-to-date: /uolstore/home/users/sc23oy/ros2_ws/install/turtlebot3_gazebo/share/turtlebot3_gazebo//models/red_image/red_image/model.config
[3.306s] -- Up-to-date: /uolstore/home/users/sc23oy/ros2_ws/install/turtlebot3_gazebo/share/turtlebot3_gazebo//models/red_image/red_image/model.sdf
[3.307s] -- Up-to-date: /uolstore/home/users/sc23oy/ros2_ws/install/turtlebot3_gazebo/share/turtlebot3_gazebo//models/space_box_3x1x3
[3.309s] -- Up-to-date: /uolstore/home/users/sc23oy/ros2_ws/install/turtlebot3_gazebo/share/turtlebot3_gazebo//models/space_box_3x1x3/materials
[3.310s] -- Up-to-date: /uolstore/home/users/sc23oy/ros2_ws/install/turtlebot3_gazebo/share/turtlebot3_gazebo//models/space_box_3x1x3/materials/scripts
[3.312s] -- Up-to-date: /uolstore/home/users/sc23oy/ros2_ws/install/turtlebot3_gazebo/share/turtlebot3_gazebo//models/space_box_3x1x3/materials/scripts/brick_box.material
[3.313s] -- Up-to-date: /uolstore/home/users/sc23oy/ros2_ws/install/turtlebot3_gazebo/share/turtlebot3_gazebo//models/space_box_3x1x3/materials/scripts/space_box.material
[3.313s] -- Up-to-date: /uolstore/home/users/sc23oy/ros2_ws/install/turtlebot3_gazebo/share/turtlebot3_gazebo//models/space_box_3x1x3/materials/textures
[3.315s] -- Up-to-date: /uolstore/home/users/sc23oy/ros2_ws/install/turtlebot3_gazebo/share/turtlebot3_gazebo//models/space_box_3x1x3/materials/textures/Untitled.jpg
[3.316s] -- Up-to-date: /uolstore/home/users/sc23oy/ros2_ws/install/turtlebot3_gazebo/share/turtlebot3_gazebo//models/space_box_3x1x3/materials/textures/simple_box.jpg
[3.317s] -- Up-to-date: /uolstore/home/users/sc23oy/ros2_ws/install/turtlebot3_gazebo/share/turtlebot3_gazebo//models/space_box_3x1x3/materials/textures/simple_box.png
[3.318s] -- Up-to-date: /uolstore/home/users/sc23oy/ros2_ws/install/turtlebot3_gazebo/share/turtlebot3_gazebo//models/space_box_3x1x3/materials/textures/simple_box.png.old
[3.320s] -- Up-to-date: /uolstore/home/users/sc23oy/ros2_ws/install/turtlebot3_gazebo/share/turtlebot3_gazebo//models/space_box_3x1x3/materials/textures/simple_box1.png
[3.321s] -- Up-to-date: /uolstore/home/users/sc23oy/ros2_ws/install/turtlebot3_gazebo/share/turtlebot3_gazebo//models/space_box_3x1x3/materials/textures/simple_box2.png
[3.322s] -- Up-to-date: /uolstore/home/users/sc23oy/ros2_ws/install/turtlebot3_gazebo/share/turtlebot3_gazebo//models/space_box_3x1x3/materials/textures/spacecraftwall.jpeg
[3.323s] -- Up-to-date: /uolstore/home/users/sc23oy/ros2_ws/install/turtlebot3_gazebo/share/turtlebot3_gazebo//models/space_box_3x1x3/materials/textures/texture.jpg
[3.324s] -- Up-to-date: /uolstore/home/users/sc23oy/ros2_ws/install/turtlebot3_gazebo/share/turtlebot3_gazebo//models/space_box_3x1x3/meshes
[3.325s] -- Up-to-date: /uolstore/home/users/sc23oy/ros2_ws/install/turtlebot3_gazebo/share/turtlebot3_gazebo//models/space_box_3x1x3/meshes/simple_box.dae
[3.326s] -- Up-to-date: /uolstore/home/users/sc23oy/ros2_ws/install/turtlebot3_gazebo/share/turtlebot3_gazebo//models/space_box_3x1x3/model-1_3.sdf
[3.328s] -- Up-to-date: /uolstore/home/users/sc23oy/ros2_ws/install/turtlebot3_gazebo/share/turtlebot3_gazebo//models/space_box_3x1x3/model-1_4.sdf
[3.328s] -- Up-to-date: /uolstore/home/users/sc23oy/ros2_ws/install/turtlebot3_gazebo/share/turtlebot3_gazebo//models/space_box_3x1x3/model.config
[3.329s] -- Up-to-date: /uolstore/home/users/sc23oy/ros2_ws/install/turtlebot3_gazebo/share/turtlebot3_gazebo//models/space_box_3x1x3/model.sdf
[3.330s] -- Up-to-date: /uolstore/home/users/sc23oy/ros2_ws/install/turtlebot3_gazebo/share/turtlebot3_gazebo//models/turtlebot3_burger
[3.332s] -- Up-to-date: /uolstore/home/users/sc23oy/ros2_ws/install/turtlebot3_gazebo/share/turtlebot3_gazebo//models/turtlebot3_burger/meshes
[3.334s] -- Up-to-date: /uolstore/home/users/sc23oy/ros2_ws/install/turtlebot3_gazebo/share/turtlebot3_gazebo//models/turtlebot3_burger/meshes/bases
[3.336s] -- Up-to-date: /uolstore/home/users/sc23oy/ros2_ws/install/turtlebot3_gazebo/share/turtlebot3_gazebo//models/turtlebot3_burger/meshes/bases/burger_base.stl
[3.337s] -- Up-to-date: /uolstore/home/users/sc23oy/ros2_ws/install/turtlebot3_gazebo/share/turtlebot3_gazebo//models/turtlebot3_burger/meshes/bases/waffle_base.stl
[3.337s] -- Up-to-date: /uolstore/home/users/sc23oy/ros2_ws/install/turtlebot3_gazebo/share/turtlebot3_gazebo//models/turtlebot3_burger/meshes/bases/waffle_base_for_open_manipulator.stl
[3.338s] -- Up-to-date: /uolstore/home/users/sc23oy/ros2_ws/install/turtlebot3_gazebo/share/turtlebot3_gazebo//models/turtlebot3_burger/meshes/bases/waffle_pi_base.stl
[3.339s] -- Up-to-date: /uolstore/home/users/sc23oy/ros2_ws/install/turtlebot3_gazebo/share/turtlebot3_gazebo//models/turtlebot3_burger/meshes/bases/waffle_pi_base_for_open_manipulator.stl
[3.341s] -- Up-to-date: /uolstore/home/users/sc23oy/ros2_ws/install/turtlebot3_gazebo/share/turtlebot3_gazebo//models/turtlebot3_burger/meshes/burger_base.dae
[3.342s] -- Up-to-date: /uolstore/home/users/sc23oy/ros2_ws/install/turtlebot3_gazebo/share/turtlebot3_gazebo//models/turtlebot3_burger/meshes/lds.dae
[3.342s] -- Up-to-date: /uolstore/home/users/sc23oy/ros2_ws/install/turtlebot3_gazebo/share/turtlebot3_gazebo//models/turtlebot3_burger/meshes/sensors
[3.344s] -- Up-to-date: /uolstore/home/users/sc23oy/ros2_ws/install/turtlebot3_gazebo/share/turtlebot3_gazebo//models/turtlebot3_burger/meshes/sensors/astra.dae
[3.345s] -- Up-to-date: /uolstore/home/users/sc23oy/ros2_ws/install/turtlebot3_gazebo/share/turtlebot3_gazebo//models/turtlebot3_burger/meshes/sensors/astra.jpg
[3.346s] -- Up-to-date: /uolstore/home/users/sc23oy/ros2_ws/install/turtlebot3_gazebo/share/turtlebot3_gazebo//models/turtlebot3_burger/meshes/sensors/lds.stl
[3.347s] -- Up-to-date: /uolstore/home/users/sc23oy/ros2_ws/install/turtlebot3_gazebo/share/turtlebot3_gazebo//models/turtlebot3_burger/meshes/sensors/r200.dae
[3.348s] -- Up-to-date: /uolstore/home/users/sc23oy/ros2_ws/install/turtlebot3_gazebo/share/turtlebot3_gazebo//models/turtlebot3_burger/meshes/sensors/r200.jpg
[3.349s] -- Up-to-date: /uolstore/home/users/sc23oy/ros2_ws/install/turtlebot3_gazebo/share/turtlebot3_gazebo//models/turtlebot3_burger/meshes/tire.dae
[3.350s] -- Up-to-date: /uolstore/home/users/sc23oy/ros2_ws/install/turtlebot3_gazebo/share/turtlebot3_gazebo//models/turtlebot3_burger/meshes/wheels
[3.352s] -- Up-to-date: /uolstore/home/users/sc23oy/ros2_ws/install/turtlebot3_gazebo/share/turtlebot3_gazebo//models/turtlebot3_burger/meshes/wheels/left_tire.stl
[3.353s] -- Up-to-date: /uolstore/home/users/sc23oy/ros2_ws/install/turtlebot3_gazebo/share/turtlebot3_gazebo//models/turtlebot3_burger/meshes/wheels/right_tire.stl
[3.354s] -- Up-to-date: /uolstore/home/users/sc23oy/ros2_ws/install/turtlebot3_gazebo/share/turtlebot3_gazebo//models/turtlebot3_burger/model-1_4.sdf
[3.355s] -- Up-to-date: /uolstore/home/users/sc23oy/ros2_ws/install/turtlebot3_gazebo/share/turtlebot3_gazebo//models/turtlebot3_burger/model.config
[3.356s] -- Up-to-date: /uolstore/home/users/sc23oy/ros2_ws/install/turtlebot3_gazebo/share/turtlebot3_gazebo//models/turtlebot3_burger/model.sdf
[3.357s] -- Up-to-date: /uolstore/home/users/sc23oy/ros2_ws/install/turtlebot3_gazebo/share/turtlebot3_gazebo//models/turtlebot3_common
[3.358s] -- Up-to-date: /uolstore/home/users/sc23oy/ros2_ws/install/turtlebot3_gazebo/share/turtlebot3_gazebo//models/turtlebot3_common/meshes
[3.360s] -- Up-to-date: /uolstore/home/users/sc23oy/ros2_ws/install/turtlebot3_gazebo/share/turtlebot3_gazebo//models/turtlebot3_common/meshes/burger_base.dae
[3.361s] -- Up-to-date: /uolstore/home/users/sc23oy/ros2_ws/install/turtlebot3_gazebo/share/turtlebot3_gazebo//models/turtlebot3_common/meshes/lds.dae
[3.362s] -- Up-to-date: /uolstore/home/users/sc23oy/ros2_ws/install/turtlebot3_gazebo/share/turtlebot3_gazebo//models/turtlebot3_common/meshes/r200.dae
[3.363s] -- Up-to-date: /uolstore/home/users/sc23oy/ros2_ws/install/turtlebot3_gazebo/share/turtlebot3_gazebo//models/turtlebot3_common/meshes/tire.dae
[3.364s] -- Up-to-date: /uolstore/home/users/sc23oy/ros2_ws/install/turtlebot3_gazebo/share/turtlebot3_gazebo//models/turtlebot3_common/meshes/waffle_base.dae
[3.365s] -- Up-to-date: /uolstore/home/users/sc23oy/ros2_ws/install/turtlebot3_gazebo/share/turtlebot3_gazebo//models/turtlebot3_common/meshes/waffle_pi_base.dae
[3.368s] -- Up-to-date: /uolstore/home/users/sc23oy/ros2_ws/install/turtlebot3_gazebo/share/turtlebot3_gazebo//models/turtlebot3_common/model.config
[3.368s] -- Up-to-date: /uolstore/home/users/sc23oy/ros2_ws/install/turtlebot3_gazebo/share/turtlebot3_gazebo//models/turtlebot3_dqn_world
[3.369s] -- Up-to-date: /uolstore/home/users/sc23oy/ros2_ws/install/turtlebot3_gazebo/share/turtlebot3_gazebo//models/turtlebot3_dqn_world/goal_box
[3.371s] -- Up-to-date: /uolstore/home/users/sc23oy/ros2_ws/install/turtlebot3_gazebo/share/turtlebot3_gazebo//models/turtlebot3_dqn_world/goal_box/model.config
[3.372s] -- Up-to-date: /uolstore/home/users/sc23oy/ros2_ws/install/turtlebot3_gazebo/share/turtlebot3_gazebo//models/turtlebot3_dqn_world/goal_box/model.sdf
[3.373s] -- Up-to-date: /uolstore/home/users/sc23oy/ros2_ws/install/turtlebot3_gazebo/share/turtlebot3_gazebo//models/turtlebot3_dqn_world/inner_walls
[3.375s] -- Up-to-date: /uolstore/home/users/sc23oy/ros2_ws/install/turtlebot3_gazebo/share/turtlebot3_gazebo//models/turtlebot3_dqn_world/inner_walls/model.config
[3.376s] -- Up-to-date: /uolstore/home/users/sc23oy/ros2_ws/install/turtlebot3_gazebo/share/turtlebot3_gazebo//models/turtlebot3_dqn_world/inner_walls/model.sdf
[3.377s] -- Up-to-date: /uolstore/home/users/sc23oy/ros2_ws/install/turtlebot3_gazebo/share/turtlebot3_gazebo//models/turtlebot3_dqn_world/model.config
[3.378s] -- Up-to-date: /uolstore/home/users/sc23oy/ros2_ws/install/turtlebot3_gazebo/share/turtlebot3_gazebo//models/turtlebot3_dqn_world/model.sdf
[3.379s] -- Up-to-date: /uolstore/home/users/sc23oy/ros2_ws/install/turtlebot3_gazebo/share/turtlebot3_gazebo//models/turtlebot3_dqn_world/obstacle1
[3.380s] -- Up-to-date: /uolstore/home/users/sc23oy/ros2_ws/install/turtlebot3_gazebo/share/turtlebot3_gazebo//models/turtlebot3_dqn_world/obstacle1/model.config
[3.382s] -- Up-to-date: /uolstore/home/users/sc23oy/ros2_ws/install/turtlebot3_gazebo/share/turtlebot3_gazebo//models/turtlebot3_dqn_world/obstacle1/model.sdf
[3.382s] -- Up-to-date: /uolstore/home/users/sc23oy/ros2_ws/install/turtlebot3_gazebo/share/turtlebot3_gazebo//models/turtlebot3_dqn_world/obstacle2
[3.383s] -- Up-to-date: /uolstore/home/users/sc23oy/ros2_ws/install/turtlebot3_gazebo/share/turtlebot3_gazebo//models/turtlebot3_dqn_world/obstacle2/model.config
[3.384s] -- Up-to-date: /uolstore/home/users/sc23oy/ros2_ws/install/turtlebot3_gazebo/share/turtlebot3_gazebo//models/turtlebot3_dqn_world/obstacle2/model.sdf
[3.385s] -- Up-to-date: /uolstore/home/users/sc23oy/ros2_ws/install/turtlebot3_gazebo/share/turtlebot3_gazebo//models/turtlebot3_dqn_world/obstacle_plugin
[3.387s] -- Up-to-date: /uolstore/home/users/sc23oy/ros2_ws/install/turtlebot3_gazebo/share/turtlebot3_gazebo//models/turtlebot3_dqn_world/obstacle_plugin/CMakeLists.txt
[3.387s] -- Up-to-date: /uolstore/home/users/sc23oy/ros2_ws/install/turtlebot3_gazebo/share/turtlebot3_gazebo//models/turtlebot3_dqn_world/obstacle_plugin/obstacle1.cc
[3.389s] -- Up-to-date: /uolstore/home/users/sc23oy/ros2_ws/install/turtlebot3_gazebo/share/turtlebot3_gazebo//models/turtlebot3_dqn_world/obstacle_plugin/obstacle2.cc
[3.389s] -- Up-to-date: /uolstore/home/users/sc23oy/ros2_ws/install/turtlebot3_gazebo/share/turtlebot3_gazebo//models/turtlebot3_dqn_world/obstacle_plugin/obstacles.cc
[3.390s] -- Up-to-date: /uolstore/home/users/sc23oy/ros2_ws/install/turtlebot3_gazebo/share/turtlebot3_gazebo//models/turtlebot3_dqn_world/obstacles
[3.391s] -- Up-to-date: /uolstore/home/users/sc23oy/ros2_ws/install/turtlebot3_gazebo/share/turtlebot3_gazebo//models/turtlebot3_dqn_world/obstacles/model.config
[3.393s] -- Up-to-date: /uolstore/home/users/sc23oy/ros2_ws/install/turtlebot3_gazebo/share/turtlebot3_gazebo//models/turtlebot3_dqn_world/obstacles/model.sdf
[3.393s] -- Up-to-date: /uolstore/home/users/sc23oy/ros2_ws/install/turtlebot3_gazebo/share/turtlebot3_gazebo//models/turtlebot3_house
[3.395s] -- Up-to-date: /uolstore/home/users/sc23oy/ros2_ws/install/turtlebot3_gazebo/share/turtlebot3_gazebo//models/turtlebot3_house/model.config
[3.396s] -- Up-to-date: /uolstore/home/users/sc23oy/ros2_ws/install/turtlebot3_gazebo/share/turtlebot3_gazebo//models/turtlebot3_house/model.sdf
[3.397s] -- Up-to-date: /uolstore/home/users/sc23oy/ros2_ws/install/turtlebot3_gazebo/share/turtlebot3_gazebo//models/turtlebot3_waffle
[3.398s] -- Up-to-date: /uolstore/home/users/sc23oy/ros2_ws/install/turtlebot3_gazebo/share/turtlebot3_gazebo//models/turtlebot3_waffle/model-1_4.sdf
[3.399s] -- Up-to-date: /uolstore/home/users/sc23oy/ros2_ws/install/turtlebot3_gazebo/share/turtlebot3_gazebo//models/turtlebot3_waffle/model.config
[3.400s] -- Up-to-date: /uolstore/home/users/sc23oy/ros2_ws/install/turtlebot3_gazebo/share/turtlebot3_gazebo//models/turtlebot3_waffle/model.sdf
[3.401s] -- Up-to-date: /uolstore/home/users/sc23oy/ros2_ws/install/turtlebot3_gazebo/share/turtlebot3_gazebo//models/turtlebot3_waffle_pi
[3.402s] -- Up-to-date: /uolstore/home/users/sc23oy/ros2_ws/install/turtlebot3_gazebo/share/turtlebot3_gazebo//models/turtlebot3_waffle_pi/model-1_4_.sdf
[3.403s] -- Up-to-date: /uolstore/home/users/sc23oy/ros2_ws/install/turtlebot3_gazebo/share/turtlebot3_gazebo//models/turtlebot3_waffle_pi/model.config
[3.405s] -- Up-to-date: /uolstore/home/users/sc23oy/ros2_ws/install/turtlebot3_gazebo/share/turtlebot3_gazebo//models/turtlebot3_waffle_pi/model.sdf
[3.406s] -- Up-to-date: /uolstore/home/users/sc23oy/ros2_ws/install/turtlebot3_gazebo/share/turtlebot3_gazebo//models/turtlebot3_world
[3.407s] -- Up-to-date: /uolstore/home/users/sc23oy/ros2_ws/install/turtlebot3_gazebo/share/turtlebot3_gazebo//models/turtlebot3_world/meshes
[3.409s] -- Up-to-date: /uolstore/home/users/sc23oy/ros2_ws/install/turtlebot3_gazebo/share/turtlebot3_gazebo//models/turtlebot3_world/meshes/hexagon.dae
[3.409s] -- Up-to-date: /uolstore/home/users/sc23oy/ros2_ws/install/turtlebot3_gazebo/share/turtlebot3_gazebo//models/turtlebot3_world/meshes/wall.dae
[3.410s] -- Up-to-date: /uolstore/home/users/sc23oy/ros2_ws/install/turtlebot3_gazebo/share/turtlebot3_gazebo//models/turtlebot3_world/model-1_4.sdf
[3.411s] -- Up-to-date: /uolstore/home/users/sc23oy/ros2_ws/install/turtlebot3_gazebo/share/turtlebot3_gazebo//models/turtlebot3_world/model.config
[3.412s] -- Up-to-date: /uolstore/home/users/sc23oy/ros2_ws/install/turtlebot3_gazebo/share/turtlebot3_gazebo//models/turtlebot3_world/model.sdf
[3.413s] -- Up-to-date: /uolstore/home/users/sc23oy/ros2_ws/install/turtlebot3_gazebo/share/turtlebot3_gazebo//models/window1
[3.415s] -- Up-to-date: /uolstore/home/users/sc23oy/ros2_ws/install/turtlebot3_gazebo/share/turtlebot3_gazebo//models/window1/materials
[3.416s] -- Up-to-date: /uolstore/home/users/sc23oy/ros2_ws/install/turtlebot3_gazebo/share/turtlebot3_gazebo//models/window1/materials/scripts
[3.419s] -- Up-to-date: /uolstore/home/users/sc23oy/ros2_ws/install/turtlebot3_gazebo/share/turtlebot3_gazebo//models/window1/materials/scripts/repeated.material
[3.419s] -- Up-to-date: /uolstore/home/users/sc23oy/ros2_ws/install/turtlebot3_gazebo/share/turtlebot3_gazebo//models/window1/materials/textures
[3.421s] -- Up-to-date: /uolstore/home/users/sc23oy/ros2_ws/install/turtlebot3_gazebo/share/turtlebot3_gazebo//models/window1/materials/textures/1.jpg
[3.423s] -- Up-to-date: /uolstore/home/users/sc23oy/ros2_ws/install/turtlebot3_gazebo/share/turtlebot3_gazebo//models/window1/materials/textures/2.jpg
[3.424s] -- Up-to-date: /uolstore/home/users/sc23oy/ros2_ws/install/turtlebot3_gazebo/share/turtlebot3_gazebo//models/window1/materials/textures/3.jpg
[3.425s] -- Up-to-date: /uolstore/home/users/sc23oy/ros2_ws/install/turtlebot3_gazebo/share/turtlebot3_gazebo//models/window1/model.config
[3.426s] -- Up-to-date: /uolstore/home/users/sc23oy/ros2_ws/install/turtlebot3_gazebo/share/turtlebot3_gazebo//models/window1/model.sdf
[3.426s] -- Up-to-date: /uolstore/home/users/sc23oy/ros2_ws/install/turtlebot3_gazebo/share/turtlebot3_gazebo//models/window2
[3.428s] -- Up-to-date: /uolstore/home/users/sc23oy/ros2_ws/install/turtlebot3_gazebo/share/turtlebot3_gazebo//models/window2/materials
[3.429s] -- Up-to-date: /uolstore/home/users/sc23oy/ros2_ws/install/turtlebot3_gazebo/share/turtlebot3_gazebo//models/window2/materials/scripts
[3.431s] -- Up-to-date: /uolstore/home/users/sc23oy/ros2_ws/install/turtlebot3_gazebo/share/turtlebot3_gazebo//models/window2/materials/scripts/repeated.material
[3.431s] -- Up-to-date: /uolstore/home/users/sc23oy/ros2_ws/install/turtlebot3_gazebo/share/turtlebot3_gazebo//models/window2/materials/textures
[3.433s] -- Up-to-date: /uolstore/home/users/sc23oy/ros2_ws/install/turtlebot3_gazebo/share/turtlebot3_gazebo//models/window2/materials/textures/1.jpg
[3.434s] -- Up-to-date: /uolstore/home/users/sc23oy/ros2_ws/install/turtlebot3_gazebo/share/turtlebot3_gazebo//models/window2/materials/textures/2.jpg
[3.448s] -- Up-to-date: /uolstore/home/users/sc23oy/ros2_ws/install/turtlebot3_gazebo/share/turtlebot3_gazebo//models/window2/materials/textures/3.jpg
[3.448s] -- Up-to-date: /uolstore/home/users/sc23oy/ros2_ws/install/turtlebot3_gazebo/share/turtlebot3_gazebo//models/window2/model.config
[3.448s] -- Up-to-date: /uolstore/home/users/sc23oy/ros2_ws/install/turtlebot3_gazebo/share/turtlebot3_gazebo//models/window2/model.sdf
[3.449s] -- Up-to-date: /uolstore/home/users/sc23oy/ros2_ws/install/turtlebot3_gazebo/share/turtlebot3_gazebo//models/window3
[3.449s] -- Up-to-date: /uolstore/home/users/sc23oy/ros2_ws/install/turtlebot3_gazebo/share/turtlebot3_gazebo//models/window3/materials
[3.449s] -- Up-to-date: /uolstore/home/users/sc23oy/ros2_ws/install/turtlebot3_gazebo/share/turtlebot3_gazebo//models/window3/materials/scripts
[3.449s] -- Up-to-date: /uolstore/home/users/sc23oy/ros2_ws/install/turtlebot3_gazebo/share/turtlebot3_gazebo//models/window3/materials/scripts/repeated.material
[3.450s] -- Up-to-date: /uolstore/home/users/sc23oy/ros2_ws/install/turtlebot3_gazebo/share/turtlebot3_gazebo//models/window3/materials/textures
[3.450s] -- Up-to-date: /uolstore/home/users/sc23oy/ros2_ws/install/turtlebot3_gazebo/share/turtlebot3_gazebo//models/window3/materials/textures/1.jpg
[3.450s] -- Up-to-date: /uolstore/home/users/sc23oy/ros2_ws/install/turtlebot3_gazebo/share/turtlebot3_gazebo//models/window3/materials/textures/2.jpg
[3.450s] -- Up-to-date: /uolstore/home/users/sc23oy/ros2_ws/install/turtlebot3_gazebo/share/turtlebot3_gazebo//models/window3/materials/textures/3.jpg
[3.450s] -- Up-to-date: /uolstore/home/users/sc23oy/ros2_ws/install/turtlebot3_gazebo/share/turtlebot3_gazebo//models/window3/model.config
[3.450s] -- Up-to-date: /uolstore/home/users/sc23oy/ros2_ws/install/turtlebot3_gazebo/share/turtlebot3_gazebo//models/window3/model.sdf
[3.450s] -- Up-to-date: /uolstore/home/users/sc23oy/ros2_ws/install/turtlebot3_gazebo/share/turtlebot3_gazebo//rviz
[3.451s] -- Up-to-date: /uolstore/home/users/sc23oy/ros2_ws/install/turtlebot3_gazebo/share/turtlebot3_gazebo//rviz/tb3_gazebo.rviz
[3.451s] -- Up-to-date: /uolstore/home/users/sc23oy/ros2_ws/install/turtlebot3_gazebo/share/turtlebot3_gazebo//urdf
[3.451s] -- Up-to-date: /uolstore/home/users/sc23oy/ros2_ws/install/turtlebot3_gazebo/share/turtlebot3_gazebo//urdf/common_properties.urdf
[3.451s] -- Up-to-date: /uolstore/home/users/sc23oy/ros2_ws/install/turtlebot3_gazebo/share/turtlebot3_gazebo//urdf/turtlebot3_burger.urdf
[3.452s] -- Up-to-date: /uolstore/home/users/sc23oy/ros2_ws/install/turtlebot3_gazebo/share/turtlebot3_gazebo//urdf/turtlebot3_waffle.urdf
[3.453s] -- Up-to-date: /uolstore/home/users/sc23oy/ros2_ws/install/turtlebot3_gazebo/share/turtlebot3_gazebo//urdf/turtlebot3_waffle_pi.urdf
[3.453s] -- Up-to-date: /uolstore/home/users/sc23oy/ros2_ws/install/turtlebot3_gazebo/share/turtlebot3_gazebo//worlds
[3.456s] -- Up-to-date: /uolstore/home/users/sc23oy/ros2_ws/install/turtlebot3_gazebo/share/turtlebot3_gazebo//worlds/empty_world.world
[3.456s] -- Up-to-date: /uolstore/home/users/sc23oy/ros2_ws/install/turtlebot3_gazebo/share/turtlebot3_gazebo//worlds/rgb.world
[3.457s] -- Up-to-date: /uolstore/home/users/sc23oy/ros2_ws/install/turtlebot3_gazebo/share/turtlebot3_gazebo//worlds/turtlebot3_dqn_stage1.world
[3.458s] -- Up-to-date: /uolstore/home/users/sc23oy/ros2_ws/install/turtlebot3_gazebo/share/turtlebot3_gazebo//worlds/turtlebot3_dqn_stage2.world
[3.459s] -- Up-to-date: /uolstore/home/users/sc23oy/ros2_ws/install/turtlebot3_gazebo/share/turtlebot3_gazebo//worlds/turtlebot3_dqn_stage3.world
[3.460s] -- Up-to-date: /uolstore/home/users/sc23oy/ros2_ws/install/turtlebot3_gazebo/share/turtlebot3_gazebo//worlds/turtlebot3_dqn_stage4.world
[3.461s] -- Up-to-date: /uolstore/home/users/sc23oy/ros2_ws/install/turtlebot3_gazebo/share/turtlebot3_gazebo//worlds/turtlebot3_house.world
[3.462s] -- Up-to-date: /uolstore/home/users/sc23oy/ros2_ws/install/turtlebot3_gazebo/share/turtlebot3_gazebo//worlds/turtlebot3_panorama
[3.463s] -- Up-to-date: /uolstore/home/users/sc23oy/ros2_ws/install/turtlebot3_gazebo/share/turtlebot3_gazebo//worlds/turtlebot3_panorama/turtlebot3_panorama.world
[3.465s] -- Up-to-date: /uolstore/home/users/sc23oy/ros2_ws/install/turtlebot3_gazebo/share/turtlebot3_gazebo//worlds/turtlebot3_space
[3.466s] -- Up-to-date: /uolstore/home/users/sc23oy/ros2_ws/install/turtlebot3_gazebo/share/turtlebot3_gazebo//worlds/turtlebot3_space/turtlebot3_space.world
[3.466s] -- Up-to-date: /uolstore/home/users/sc23oy/ros2_ws/install/turtlebot3_gazebo/share/turtlebot3_gazebo//worlds/turtlebot3_world.world
[3.467s] -- Up-to-date: /uolstore/home/users/sc23oy/ros2_ws/install/turtlebot3_gazebo/include/
[3.469s] -- Up-to-date: /uolstore/home/users/sc23oy/ros2_ws/install/turtlebot3_gazebo/include//turtlebot3_gazebo
[3.470s] -- Up-to-date: /uolstore/home/users/sc23oy/ros2_ws/install/turtlebot3_gazebo/include//turtlebot3_gazebo/turtlebot3_drive.hpp
[3.471s] -- Up-to-date: /uolstore/home/users/sc23oy/ros2_ws/install/turtlebot3_gazebo/share/ament_index/resource_index/package_run_dependencies/turtlebot3_gazebo
[3.472s] -- Up-to-date: /uolstore/home/users/sc23oy/ros2_ws/install/turtlebot3_gazebo/share/ament_index/resource_index/parent_prefix_path/turtlebot3_gazebo
[3.472s] -- Up-to-date: /uolstore/home/users/sc23oy/ros2_ws/install/turtlebot3_gazebo/share/turtlebot3_gazebo/environment/ament_prefix_path.sh
[3.474s] -- Up-to-date: /uolstore/home/users/sc23oy/ros2_ws/install/turtlebot3_gazebo/share/turtlebot3_gazebo/environment/ament_prefix_path.dsv
[3.475s] -- Up-to-date: /uolstore/home/users/sc23oy/ros2_ws/install/turtlebot3_gazebo/share/turtlebot3_gazebo/environment/path.sh
[3.476s] -- Up-to-date: /uolstore/home/users/sc23oy/ros2_ws/install/turtlebot3_gazebo/share/turtlebot3_gazebo/environment/path.dsv
[3.477s] -- Up-to-date: /uolstore/home/users/sc23oy/ros2_ws/install/turtlebot3_gazebo/share/turtlebot3_gazebo/local_setup.bash
[3.479s] -- Up-to-date: /uolstore/home/users/sc23oy/ros2_ws/install/turtlebot3_gazebo/share/turtlebot3_gazebo/local_setup.sh
[3.479s] -- Up-to-date: /uolstore/home/users/sc23oy/ros2_ws/install/turtlebot3_gazebo/share/turtlebot3_gazebo/local_setup.zsh
[3.480s] -- Up-to-date: /uolstore/home/users/sc23oy/ros2_ws/install/turtlebot3_gazebo/share/turtlebot3_gazebo/local_setup.dsv
[3.481s] -- Installing: /uolstore/home/users/sc23oy/ros2_ws/install/turtlebot3_gazebo/share/turtlebot3_gazebo/package.dsv
[3.489s] -- Up-to-date: /uolstore/home/users/sc23oy/ros2_ws/install/turtlebot3_gazebo/share/ament_index/resource_index/packages/turtlebot3_gazebo
[3.489s] -- Up-to-date: /uolstore/home/users/sc23oy/ros2_ws/install/turtlebot3_gazebo/share/turtlebot3_gazebo/cmake/ament_cmake_export_include_directories-extras.cmake
[3.490s] -- Up-to-date: /uolstore/home/users/sc23oy/ros2_ws/install/turtlebot3_gazebo/share/turtlebot3_gazebo/cmake/ament_cmake_export_dependencies-extras.cmake
[3.491s] -- Up-to-date: /uolstore/home/users/sc23oy/ros2_ws/install/turtlebot3_gazebo/share/turtlebot3_gazebo/cmake/turtlebot3_gazeboConfig.cmake
[3.492s] -- Up-to-date: /uolstore/home/users/sc23oy/ros2_ws/install/turtlebot3_gazebo/share/turtlebot3_gazebo/cmake/turtlebot3_gazeboConfig-version.cmake
[3.493s] -- Up-to-date: /uolstore/home/users/sc23oy/ros2_ws/install/turtlebot3_gazebo/share/turtlebot3_gazebo/package.xml
[3.498s] Invoked command in '/uolstore/home/users/sc23oy/ros2_ws/build/turtlebot3_gazebo' returned '0': CMAKE_PREFIX_PATH=${CMAKE_PREFIX_PATH}:/uolstore/home/users/sc23oy/ros2_ws/install/lab3:/uolstore/home/users/sc23oy/ros2_ws/install/lab2:/uolstore/home/users/sc23oy/ros2_ws/install/lab1:/opt/ros/humble /usr/bin/cmake --install /uolstore/home/users/sc23oy/ros2_ws/build/turtlebot3_gazebo
