[2.305s] DEBUG:colcon:Command line arguments: ['/usr/bin/colcon', 'build']
[2.306s] DEBUG:colcon:Parsed command line arguments: Namespace(log_base=None, log_level=None, verb_name='build', build_base='build', install_base='install', merge_install=False, symlink_install=False, test_result_base=None, continue_on_error=False, executor='parallel', parallel_workers=48, event_handlers=None, ignore_user_meta=False, metas=['./colcon.meta'], base_paths=['.'], packages_ignore=None, packages_ignore_regex=None, paths=None, packages_up_to=None, packages_up_to_regex=None, packages_above=None, packages_above_and_dependencies=None, packages_above_depth=None, packages_select_by_dep=None, packages_skip_by_dep=None, packages_skip_up_to=None, packages_select_build_failed=False, packages_skip_build_finished=False, packages_select_test_failures=False, packages_skip_test_passed=False, packages_select=None, packages_skip=None, packages_select_regex=None, packages_skip_regex=None, packages_start=None, packages_end=None, allow_overriding=[], cmake_args=None, cmake_target=None, cmake_target_skip_unavailable=False, cmake_clean_cache=False, cmake_clean_first=False, cmake_force_configure=False, ament_cmake_args=None, catkin_cmake_args=None, catkin_skip_building_tests=False, verb_parser=<colcon_defaults.argument_parser.defaults.DefaultArgumentsDecorator object at 0x7fb4cc509de0>, verb_extension=<colcon_core.verb.build.BuildVerb object at 0x7fb4cc727730>, main=<bound method BuildVerb.main of <colcon_core.verb.build.BuildVerb object at 0x7fb4cc727730>>)
[2.409s] Level 1:colcon.colcon_core.package_discovery:discover_packages(colcon_meta) check parameters
[2.409s] Level 1:colcon.colcon_core.package_discovery:discover_packages(recursive) check parameters
[2.409s] Level 1:colcon.colcon_core.package_discovery:discover_packages(ignore) check parameters
[2.410s] Level 1:colcon.colcon_core.package_discovery:discover_packages(path) check parameters
[2.410s] Level 1:colcon.colcon_core.package_discovery:discover_packages(colcon_meta) discover
[2.410s] Level 1:colcon.colcon_core.package_discovery:discover_packages(recursive) discover
[2.410s] INFO:colcon.colcon_core.package_discovery:Crawling recursively for packages in '/uolstore/home/users/sc23oy/ros2_ws'
[2.411s] Level 1:colcon.colcon_core.package_identification:_identify(.) by extensions ['ignore', 'ignore_ament_install']
[2.411s] Level 1:colcon.colcon_core.package_identification:_identify(.) by extension 'ignore'
[2.411s] Level 1:colcon.colcon_core.package_identification:_identify(.) by extension 'ignore_ament_install'
[2.411s] Level 1:colcon.colcon_core.package_identification:_identify(.) by extensions ['colcon_pkg']
[2.411s] Level 1:colcon.colcon_core.package_identification:_identify(.) by extension 'colcon_pkg'
[2.412s] Level 1:colcon.colcon_core.package_identification:_identify(.) by extensions ['colcon_meta']
[2.412s] Level 1:colcon.colcon_core.package_identification:_identify(.) by extension 'colcon_meta'
[2.412s] Level 1:colcon.colcon_core.package_identification:_identify(.) by extensions ['ros']
[2.412s] Level 1:colcon.colcon_core.package_identification:_identify(.) by extension 'ros'
[2.429s] Level 1:colcon.colcon_core.package_identification:_identify(.) by extensions ['cmake', 'python']
[2.429s] Level 1:colcon.colcon_core.package_identification:_identify(.) by extension 'cmake'
[2.429s] Level 1:colcon.colcon_core.package_identification:_identify(.) by extension 'python'
[2.429s] Level 1:colcon.colcon_core.package_identification:_identify(.) by extensions ['python_setup_py']
[2.430s] Level 1:colcon.colcon_core.package_identification:_identify(.) by extension 'python_setup_py'
[2.430s] Level 1:colcon.colcon_core.package_identification:_identify(build) by extensions ['ignore', 'ignore_ament_install']
[2.431s] Level 1:colcon.colcon_core.package_identification:_identify(build) by extension 'ignore'
[2.431s] Level 1:colcon.colcon_core.package_identification:_identify(build) ignored
[2.431s] Level 1:colcon.colcon_core.package_identification:_identify(install) by extensions ['ignore', 'ignore_ament_install']
[2.431s] Level 1:colcon.colcon_core.package_identification:_identify(install) by extension 'ignore'
[2.431s] Level 1:colcon.colcon_core.package_identification:_identify(install) ignored
[2.433s] Level 1:colcon.colcon_core.package_identification:_identify(log) by extensions ['ignore', 'ignore_ament_install']
[2.433s] Level 1:colcon.colcon_core.package_identification:_identify(log) by extension 'ignore'
[2.434s] Level 1:colcon.colcon_core.package_identification:_identify(log) ignored
[2.434s] Level 1:colcon.colcon_core.package_identification:_identify(src) by extensions ['ignore', 'ignore_ament_install']
[2.434s] Level 1:colcon.colcon_core.package_identification:_identify(src) by extension 'ignore'
[2.434s] Level 1:colcon.colcon_core.package_identification:_identify(src) by extension 'ignore_ament_install'
[2.434s] Level 1:colcon.colcon_core.package_identification:_identify(src) by extensions ['colcon_pkg']
[2.435s] Level 1:colcon.colcon_core.package_identification:_identify(src) by extension 'colcon_pkg'
[2.435s] Level 1:colcon.colcon_core.package_identification:_identify(src) by extensions ['colcon_meta']
[2.435s] Level 1:colcon.colcon_core.package_identification:_identify(src) by extension 'colcon_meta'
[2.435s] Level 1:colcon.colcon_core.package_identification:_identify(src) by extensions ['ros']
[2.435s] Level 1:colcon.colcon_core.package_identification:_identify(src) by extension 'ros'
[2.435s] Level 1:colcon.colcon_core.package_identification:_identify(src) by extensions ['cmake', 'python']
[2.436s] Level 1:colcon.colcon_core.package_identification:_identify(src) by extension 'cmake'
[2.436s] Level 1:colcon.colcon_core.package_identification:_identify(src) by extension 'python'
[2.436s] Level 1:colcon.colcon_core.package_identification:_identify(src) by extensions ['python_setup_py']
[2.436s] Level 1:colcon.colcon_core.package_identification:_identify(src) by extension 'python_setup_py'
[2.436s] Level 1:colcon.colcon_core.package_identification:_identify(src/lab1) by extensions ['ignore', 'ignore_ament_install']
[2.436s] Level 1:colcon.colcon_core.package_identification:_identify(src/lab1) by extension 'ignore'
[2.436s] Level 1:colcon.colcon_core.package_identification:_identify(src/lab1) by extension 'ignore_ament_install'
[2.437s] Level 1:colcon.colcon_core.package_identification:_identify(src/lab1) by extensions ['colcon_pkg']
[2.437s] Level 1:colcon.colcon_core.package_identification:_identify(src/lab1) by extension 'colcon_pkg'
[2.437s] Level 1:colcon.colcon_core.package_identification:_identify(src/lab1) by extensions ['colcon_meta']
[2.437s] Level 1:colcon.colcon_core.package_identification:_identify(src/lab1) by extension 'colcon_meta'
[2.437s] Level 1:colcon.colcon_core.package_identification:_identify(src/lab1) by extensions ['ros']
[2.437s] Level 1:colcon.colcon_core.package_identification:_identify(src/lab1) by extension 'ros'
[2.443s] DEBUG:colcon.colcon_core.package_identification:Package 'src/lab1' with type 'ros.ament_python' and name 'lab1'
[2.443s] Level 1:colcon.colcon_core.package_identification:_identify(src/lab2) by extensions ['ignore', 'ignore_ament_install']
[2.443s] Level 1:colcon.colcon_core.package_identification:_identify(src/lab2) by extension 'ignore'
[2.443s] Level 1:colcon.colcon_core.package_identification:_identify(src/lab2) by extension 'ignore_ament_install'
[2.443s] Level 1:colcon.colcon_core.package_identification:_identify(src/lab2) by extensions ['colcon_pkg']
[2.443s] Level 1:colcon.colcon_core.package_identification:_identify(src/lab2) by extension 'colcon_pkg'
[2.443s] Level 1:colcon.colcon_core.package_identification:_identify(src/lab2) by extensions ['colcon_meta']
[2.443s] Level 1:colcon.colcon_core.package_identification:_identify(src/lab2) by extension 'colcon_meta'
[2.444s] Level 1:colcon.colcon_core.package_identification:_identify(src/lab2) by extensions ['ros']
[2.444s] Level 1:colcon.colcon_core.package_identification:_identify(src/lab2) by extension 'ros'
[2.446s] DEBUG:colcon.colcon_core.package_identification:Package 'src/lab2' with type 'ros.ament_python' and name 'lab2'
[2.446s] Level 1:colcon.colcon_core.package_identification:_identify(src/lab3) by extensions ['ignore', 'ignore_ament_install']
[2.447s] Level 1:colcon.colcon_core.package_identification:_identify(src/lab3) by extension 'ignore'
[2.447s] Level 1:colcon.colcon_core.package_identification:_identify(src/lab3) by extension 'ignore_ament_install'
[2.447s] Level 1:colcon.colcon_core.package_identification:_identify(src/lab3) by extensions ['colcon_pkg']
[2.447s] Level 1:colcon.colcon_core.package_identification:_identify(src/lab3) by extension 'colcon_pkg'
[2.448s] Level 1:colcon.colcon_core.package_identification:_identify(src/lab3) by extensions ['colcon_meta']
[2.448s] Level 1:colcon.colcon_core.package_identification:_identify(src/lab3) by extension 'colcon_meta'
[2.448s] Level 1:colcon.colcon_core.package_identification:_identify(src/lab3) by extensions ['ros']
[2.448s] Level 1:colcon.colcon_core.package_identification:_identify(src/lab3) by extension 'ros'
[2.449s] DEBUG:colcon.colcon_core.package_identification:Package 'src/lab3' with type 'ros.ament_python' and name 'lab3'
[2.450s] Level 1:colcon.colcon_core.package_identification:_identify(src/turtlebot3_simulations) by extensions ['ignore', 'ignore_ament_install']
[2.450s] Level 1:colcon.colcon_core.package_identification:_identify(src/turtlebot3_simulations) by extension 'ignore'
[2.450s] Level 1:colcon.colcon_core.package_identification:_identify(src/turtlebot3_simulations) by extension 'ignore_ament_install'
[2.450s] Level 1:colcon.colcon_core.package_identification:_identify(src/turtlebot3_simulations) by extensions ['colcon_pkg']
[2.451s] Level 1:colcon.colcon_core.package_identification:_identify(src/turtlebot3_simulations) by extension 'colcon_pkg'
[2.451s] Level 1:colcon.colcon_core.package_identification:_identify(src/turtlebot3_simulations) by extensions ['colcon_meta']
[2.451s] Level 1:colcon.colcon_core.package_identification:_identify(src/turtlebot3_simulations) by extension 'colcon_meta'
[2.451s] Level 1:colcon.colcon_core.package_identification:_identify(src/turtlebot3_simulations) by extensions ['ros']
[2.452s] Level 1:colcon.colcon_core.package_identification:_identify(src/turtlebot3_simulations) by extension 'ros'
[2.452s] Level 1:colcon.colcon_core.package_identification:_identify(src/turtlebot3_simulations) by extensions ['cmake', 'python']
[2.452s] Level 1:colcon.colcon_core.package_identification:_identify(src/turtlebot3_simulations) by extension 'cmake'
[2.453s] Level 1:colcon.colcon_core.package_identification:_identify(src/turtlebot3_simulations) by extension 'python'
[2.453s] Level 1:colcon.colcon_core.package_identification:_identify(src/turtlebot3_simulations) by extensions ['python_setup_py']
[2.453s] Level 1:colcon.colcon_core.package_identification:_identify(src/turtlebot3_simulations) by extension 'python_setup_py'
[2.454s] Level 1:colcon.colcon_core.package_identification:_identify(src/turtlebot3_simulations/turtlebot3_fake_node) by extensions ['ignore', 'ignore_ament_install']
[2.454s] Level 1:colcon.colcon_core.package_identification:_identify(src/turtlebot3_simulations/turtlebot3_fake_node) by extension 'ignore'
[2.454s] Level 1:colcon.colcon_core.package_identification:_identify(src/turtlebot3_simulations/turtlebot3_fake_node) by extension 'ignore_ament_install'
[2.455s] Level 1:colcon.colcon_core.package_identification:_identify(src/turtlebot3_simulations/turtlebot3_fake_node) by extensions ['colcon_pkg']
[2.455s] Level 1:colcon.colcon_core.package_identification:_identify(src/turtlebot3_simulations/turtlebot3_fake_node) by extension 'colcon_pkg'
[2.455s] Level 1:colcon.colcon_core.package_identification:_identify(src/turtlebot3_simulations/turtlebot3_fake_node) by extensions ['colcon_meta']
[2.455s] Level 1:colcon.colcon_core.package_identification:_identify(src/turtlebot3_simulations/turtlebot3_fake_node) by extension 'colcon_meta'
[2.455s] Level 1:colcon.colcon_core.package_identification:_identify(src/turtlebot3_simulations/turtlebot3_fake_node) by extensions ['ros']
[2.455s] Level 1:colcon.colcon_core.package_identification:_identify(src/turtlebot3_simulations/turtlebot3_fake_node) by extension 'ros'
[2.459s] DEBUG:colcon.colcon_core.package_identification:Package 'src/turtlebot3_simulations/turtlebot3_fake_node' with type 'ros.ament_cmake' and name 'turtlebot3_fake_node'
[2.459s] Level 1:colcon.colcon_core.package_identification:_identify(src/turtlebot3_simulations/turtlebot3_gazebo) by extensions ['ignore', 'ignore_ament_install']
[2.459s] Level 1:colcon.colcon_core.package_identification:_identify(src/turtlebot3_simulations/turtlebot3_gazebo) by extension 'ignore'
[2.459s] Level 1:colcon.colcon_core.package_identification:_identify(src/turtlebot3_simulations/turtlebot3_gazebo) by extension 'ignore_ament_install'
[2.459s] Level 1:colcon.colcon_core.package_identification:_identify(src/turtlebot3_simulations/turtlebot3_gazebo) by extensions ['colcon_pkg']
[2.460s] Level 1:colcon.colcon_core.package_identification:_identify(src/turtlebot3_simulations/turtlebot3_gazebo) by extension 'colcon_pkg'
[2.460s] Level 1:colcon.colcon_core.package_identification:_identify(src/turtlebot3_simulations/turtlebot3_gazebo) by extensions ['colcon_meta']
[2.460s] Level 1:colcon.colcon_core.package_identification:_identify(src/turtlebot3_simulations/turtlebot3_gazebo) by extension 'colcon_meta'
[2.460s] Level 1:colcon.colcon_core.package_identification:_identify(src/turtlebot3_simulations/turtlebot3_gazebo) by extensions ['ros']
[2.460s] Level 1:colcon.colcon_core.package_identification:_identify(src/turtlebot3_simulations/turtlebot3_gazebo) by extension 'ros'
[2.463s] DEBUG:colcon.colcon_core.package_identification:Package 'src/turtlebot3_simulations/turtlebot3_gazebo' with type 'ros.ament_cmake' and name 'turtlebot3_gazebo'
[2.464s] Level 1:colcon.colcon_core.package_identification:_identify(src/turtlebot3_simulations/turtlebot3_simulations) by extensions ['ignore', 'ignore_ament_install']
[2.464s] Level 1:colcon.colcon_core.package_identification:_identify(src/turtlebot3_simulations/turtlebot3_simulations) by extension 'ignore'
[2.464s] Level 1:colcon.colcon_core.package_identification:_identify(src/turtlebot3_simulations/turtlebot3_simulations) by extension 'ignore_ament_install'
[2.464s] Level 1:colcon.colcon_core.package_identification:_identify(src/turtlebot3_simulations/turtlebot3_simulations) by extensions ['colcon_pkg']
[2.464s] Level 1:colcon.colcon_core.package_identification:_identify(src/turtlebot3_simulations/turtlebot3_simulations) by extension 'colcon_pkg'
[2.464s] Level 1:colcon.colcon_core.package_identification:_identify(src/turtlebot3_simulations/turtlebot3_simulations) by extensions ['colcon_meta']
[2.465s] Level 1:colcon.colcon_core.package_identification:_identify(src/turtlebot3_simulations/turtlebot3_simulations) by extension 'colcon_meta'
[2.465s] Level 1:colcon.colcon_core.package_identification:_identify(src/turtlebot3_simulations/turtlebot3_simulations) by extensions ['ros']
[2.465s] Level 1:colcon.colcon_core.package_identification:_identify(src/turtlebot3_simulations/turtlebot3_simulations) by extension 'ros'
[2.467s] DEBUG:colcon.colcon_core.package_identification:Package 'src/turtlebot3_simulations/turtlebot3_simulations' with type 'ros.ament_cmake' and name 'turtlebot3_simulations'
[2.467s] Level 1:colcon.colcon_core.package_discovery:discover_packages(recursive) using defaults
[2.468s] Level 1:colcon.colcon_core.package_discovery:discover_packages(ignore) discover
[2.468s] Level 1:colcon.colcon_core.package_discovery:discover_packages(ignore) using defaults
[2.468s] Level 1:colcon.colcon_core.package_discovery:discover_packages(path) discover
[2.468s] Level 1:colcon.colcon_core.package_discovery:discover_packages(path) using defaults
[2.688s] Level 1:colcon.colcon_core.package_discovery:discover_packages(prefix_path) check parameters
[2.689s] Level 1:colcon.colcon_core.package_discovery:discover_packages(prefix_path) discover
[2.731s] WARNING:colcon.colcon_ros.prefix_path.catkin:The path '/uollinapps/v2/24-25/soc/packages/linux-rhel9-x86_64_v3/gcc-11.4.0/gcc-14.2.0-svuh5yskfnrwh537tvxvt642acswwlju' in the environment variable CMAKE_PREFIX_PATH doesn't exist
[2.773s] DEBUG:colcon.colcon_installed_package_information.package_discovery:Found 6 installed packages in /uolstore/home/users/sc23oy/ros2_ws/install
[2.820s] DEBUG:colcon.colcon_installed_package_information.package_discovery:Found 383 installed packages in /opt/ros/humble
[2.841s] Level 1:colcon.colcon_core.package_discovery:discover_packages(prefix_path) using defaults
[3.073s] Level 5:colcon.colcon_core.verb:set package 'lab1' build argument 'cmake_args' from command line to 'None'
[3.073s] Level 5:colcon.colcon_core.verb:set package 'lab1' build argument 'cmake_target' from command line to 'None'
[3.073s] Level 5:colcon.colcon_core.verb:set package 'lab1' build argument 'cmake_target_skip_unavailable' from command line to 'False'
[3.073s] Level 5:colcon.colcon_core.verb:set package 'lab1' build argument 'cmake_clean_cache' from command line to 'False'
[3.073s] Level 5:colcon.colcon_core.verb:set package 'lab1' build argument 'cmake_clean_first' from command line to 'False'
[3.074s] Level 5:colcon.colcon_core.verb:set package 'lab1' build argument 'cmake_force_configure' from command line to 'False'
[3.074s] Level 5:colcon.colcon_core.verb:set package 'lab1' build argument 'ament_cmake_args' from command line to 'None'
[3.074s] Level 5:colcon.colcon_core.verb:set package 'lab1' build argument 'catkin_cmake_args' from command line to 'None'
[3.074s] Level 5:colcon.colcon_core.verb:set package 'lab1' build argument 'catkin_skip_building_tests' from command line to 'False'
[3.074s] DEBUG:colcon.colcon_core.verb:Building package 'lab1' with the following arguments: {'ament_cmake_args': None, 'build_base': '/uolstore/home/users/sc23oy/ros2_ws/build/lab1', 'catkin_cmake_args': None, 'catkin_skip_building_tests': False, 'cmake_args': None, 'cmake_clean_cache': False, 'cmake_clean_first': False, 'cmake_force_configure': False, 'cmake_target': None, 'cmake_target_skip_unavailable': False, 'install_base': '/uolstore/home/users/sc23oy/ros2_ws/install/lab1', 'merge_install': False, 'path': '/uolstore/home/users/sc23oy/ros2_ws/src/lab1', 'symlink_install': False, 'test_result_base': None}
[3.117s] Level 5:colcon.colcon_core.verb:set package 'lab2' build argument 'cmake_args' from command line to 'None'
[3.117s] Level 5:colcon.colcon_core.verb:set package 'lab2' build argument 'cmake_target' from command line to 'None'
[3.117s] Level 5:colcon.colcon_core.verb:set package 'lab2' build argument 'cmake_target_skip_unavailable' from command line to 'False'
[3.117s] Level 5:colcon.colcon_core.verb:set package 'lab2' build argument 'cmake_clean_cache' from command line to 'False'
[3.117s] Level 5:colcon.colcon_core.verb:set package 'lab2' build argument 'cmake_clean_first' from command line to 'False'
[3.117s] Level 5:colcon.colcon_core.verb:set package 'lab2' build argument 'cmake_force_configure' from command line to 'False'
[3.117s] Level 5:colcon.colcon_core.verb:set package 'lab2' build argument 'ament_cmake_args' from command line to 'None'
[3.118s] Level 5:colcon.colcon_core.verb:set package 'lab2' build argument 'catkin_cmake_args' from command line to 'None'
[3.118s] Level 5:colcon.colcon_core.verb:set package 'lab2' build argument 'catkin_skip_building_tests' from command line to 'False'
[3.118s] DEBUG:colcon.colcon_core.verb:Building package 'lab2' with the following arguments: {'ament_cmake_args': None, 'build_base': '/uolstore/home/users/sc23oy/ros2_ws/build/lab2', 'catkin_cmake_args': None, 'catkin_skip_building_tests': False, 'cmake_args': None, 'cmake_clean_cache': False, 'cmake_clean_first': False, 'cmake_force_configure': False, 'cmake_target': None, 'cmake_target_skip_unavailable': False, 'install_base': '/uolstore/home/users/sc23oy/ros2_ws/install/lab2', 'merge_install': False, 'path': '/uolstore/home/users/sc23oy/ros2_ws/src/lab2', 'symlink_install': False, 'test_result_base': None}
[3.148s] Level 5:colcon.colcon_core.verb:set package 'lab3' build argument 'cmake_args' from command line to 'None'
[3.148s] Level 5:colcon.colcon_core.verb:set package 'lab3' build argument 'cmake_target' from command line to 'None'
[3.148s] Level 5:colcon.colcon_core.verb:set package 'lab3' build argument 'cmake_target_skip_unavailable' from command line to 'False'
[3.148s] Level 5:colcon.colcon_core.verb:set package 'lab3' build argument 'cmake_clean_cache' from command line to 'False'
[3.148s] Level 5:colcon.colcon_core.verb:set package 'lab3' build argument 'cmake_clean_first' from command line to 'False'
[3.149s] Level 5:colcon.colcon_core.verb:set package 'lab3' build argument 'cmake_force_configure' from command line to 'False'
[3.149s] Level 5:colcon.colcon_core.verb:set package 'lab3' build argument 'ament_cmake_args' from command line to 'None'
[3.149s] Level 5:colcon.colcon_core.verb:set package 'lab3' build argument 'catkin_cmake_args' from command line to 'None'
[3.149s] Level 5:colcon.colcon_core.verb:set package 'lab3' build argument 'catkin_skip_building_tests' from command line to 'False'
[3.149s] DEBUG:colcon.colcon_core.verb:Building package 'lab3' with the following arguments: {'ament_cmake_args': None, 'build_base': '/uolstore/home/users/sc23oy/ros2_ws/build/lab3', 'catkin_cmake_args': None, 'catkin_skip_building_tests': False, 'cmake_args': None, 'cmake_clean_cache': False, 'cmake_clean_first': False, 'cmake_force_configure': False, 'cmake_target': None, 'cmake_target_skip_unavailable': False, 'install_base': '/uolstore/home/users/sc23oy/ros2_ws/install/lab3', 'merge_install': False, 'path': '/uolstore/home/users/sc23oy/ros2_ws/src/lab3', 'symlink_install': False, 'test_result_base': None}
[3.186s] Level 5:colcon.colcon_core.verb:set package 'turtlebot3_fake_node' build argument 'cmake_args' from command line to 'None'
[3.186s] Level 5:colcon.colcon_core.verb:set package 'turtlebot3_fake_node' build argument 'cmake_target' from command line to 'None'
[3.186s] Level 5:colcon.colcon_core.verb:set package 'turtlebot3_fake_node' build argument 'cmake_target_skip_unavailable' from command line to 'False'
[3.186s] Level 5:colcon.colcon_core.verb:set package 'turtlebot3_fake_node' build argument 'cmake_clean_cache' from command line to 'False'
[3.186s] Level 5:colcon.colcon_core.verb:set package 'turtlebot3_fake_node' build argument 'cmake_clean_first' from command line to 'False'
[3.186s] Level 5:colcon.colcon_core.verb:set package 'turtlebot3_fake_node' build argument 'cmake_force_configure' from command line to 'False'
[3.186s] Level 5:colcon.colcon_core.verb:set package 'turtlebot3_fake_node' build argument 'ament_cmake_args' from command line to 'None'
[3.187s] Level 5:colcon.colcon_core.verb:set package 'turtlebot3_fake_node' build argument 'catkin_cmake_args' from command line to 'None'
[3.187s] Level 5:colcon.colcon_core.verb:set package 'turtlebot3_fake_node' build argument 'catkin_skip_building_tests' from command line to 'False'
[3.187s] DEBUG:colcon.colcon_core.verb:Building package 'turtlebot3_fake_node' with the following arguments: {'ament_cmake_args': None, 'build_base': '/uolstore/home/users/sc23oy/ros2_ws/build/turtlebot3_fake_node', 'catkin_cmake_args': None, 'catkin_skip_building_tests': False, 'cmake_args': None, 'cmake_clean_cache': False, 'cmake_clean_first': False, 'cmake_force_configure': False, 'cmake_target': None, 'cmake_target_skip_unavailable': False, 'install_base': '/uolstore/home/users/sc23oy/ros2_ws/install/turtlebot3_fake_node', 'merge_install': False, 'path': '/uolstore/home/users/sc23oy/ros2_ws/src/turtlebot3_simulations/turtlebot3_fake_node', 'symlink_install': False, 'test_result_base': None}
[3.224s] Level 5:colcon.colcon_core.verb:set package 'turtlebot3_gazebo' build argument 'cmake_args' from command line to 'None'
[3.224s] Level 5:colcon.colcon_core.verb:set package 'turtlebot3_gazebo' build argument 'cmake_target' from command line to 'None'
[3.224s] Level 5:colcon.colcon_core.verb:set package 'turtlebot3_gazebo' build argument 'cmake_target_skip_unavailable' from command line to 'False'
[3.224s] Level 5:colcon.colcon_core.verb:set package 'turtlebot3_gazebo' build argument 'cmake_clean_cache' from command line to 'False'
[3.225s] Level 5:colcon.colcon_core.verb:set package 'turtlebot3_gazebo' build argument 'cmake_clean_first' from command line to 'False'
[3.225s] Level 5:colcon.colcon_core.verb:set package 'turtlebot3_gazebo' build argument 'cmake_force_configure' from command line to 'False'
[3.225s] Level 5:colcon.colcon_core.verb:set package 'turtlebot3_gazebo' build argument 'ament_cmake_args' from command line to 'None'
[3.225s] Level 5:colcon.colcon_core.verb:set package 'turtlebot3_gazebo' build argument 'catkin_cmake_args' from command line to 'None'
[3.225s] Level 5:colcon.colcon_core.verb:set package 'turtlebot3_gazebo' build argument 'catkin_skip_building_tests' from command line to 'False'
[3.225s] DEBUG:colcon.colcon_core.verb:Building package 'turtlebot3_gazebo' with the following arguments: {'ament_cmake_args': None, 'build_base': '/uolstore/home/users/sc23oy/ros2_ws/build/turtlebot3_gazebo', 'catkin_cmake_args': None, 'catkin_skip_building_tests': False, 'cmake_args': None, 'cmake_clean_cache': False, 'cmake_clean_first': False, 'cmake_force_configure': False, 'cmake_target': None, 'cmake_target_skip_unavailable': False, 'install_base': '/uolstore/home/users/sc23oy/ros2_ws/install/turtlebot3_gazebo', 'merge_install': False, 'path': '/uolstore/home/users/sc23oy/ros2_ws/src/turtlebot3_simulations/turtlebot3_gazebo', 'symlink_install': False, 'test_result_base': None}
[3.258s] Level 5:colcon.colcon_core.verb:set package 'turtlebot3_simulations' build argument 'cmake_args' from command line to 'None'
[3.258s] Level 5:colcon.colcon_core.verb:set package 'turtlebot3_simulations' build argument 'cmake_target' from command line to 'None'
[3.258s] Level 5:colcon.colcon_core.verb:set package 'turtlebot3_simulations' build argument 'cmake_target_skip_unavailable' from command line to 'False'
[3.258s] Level 5:colcon.colcon_core.verb:set package 'turtlebot3_simulations' build argument 'cmake_clean_cache' from command line to 'False'
[3.258s] Level 5:colcon.colcon_core.verb:set package 'turtlebot3_simulations' build argument 'cmake_clean_first' from command line to 'False'
[3.258s] Level 5:colcon.colcon_core.verb:set package 'turtlebot3_simulations' build argument 'cmake_force_configure' from command line to 'False'
[3.258s] Level 5:colcon.colcon_core.verb:set package 'turtlebot3_simulations' build argument 'ament_cmake_args' from command line to 'None'
[3.258s] Level 5:colcon.colcon_core.verb:set package 'turtlebot3_simulations' build argument 'catkin_cmake_args' from command line to 'None'
[3.259s] Level 5:colcon.colcon_core.verb:set package 'turtlebot3_simulations' build argument 'catkin_skip_building_tests' from command line to 'False'
[3.259s] DEBUG:colcon.colcon_core.verb:Building package 'turtlebot3_simulations' with the following arguments: {'ament_cmake_args': None, 'build_base': '/uolstore/home/users/sc23oy/ros2_ws/build/turtlebot3_simulations', 'catkin_cmake_args': None, 'catkin_skip_building_tests': False, 'cmake_args': None, 'cmake_clean_cache': False, 'cmake_clean_first': False, 'cmake_force_configure': False, 'cmake_target': None, 'cmake_target_skip_unavailable': False, 'install_base': '/uolstore/home/users/sc23oy/ros2_ws/install/turtlebot3_simulations', 'merge_install': False, 'path': '/uolstore/home/users/sc23oy/ros2_ws/src/turtlebot3_simulations/turtlebot3_simulations', 'symlink_install': False, 'test_result_base': None}
[3.301s] INFO:colcon.colcon_core.executor:Executing jobs using 'parallel' executor
[3.333s] DEBUG:colcon.colcon_parallel_executor.executor.parallel:run_until_complete
[3.333s] INFO:colcon.colcon_ros.task.ament_cmake.build:Building ROS package in '/uolstore/home/users/sc23oy/ros2_ws/src/turtlebot3_simulations/turtlebot3_fake_node' with build type 'ament_cmake'
[3.334s] INFO:colcon.colcon_cmake.task.cmake.build:Building CMake package in '/uolstore/home/users/sc23oy/ros2_ws/src/turtlebot3_simulations/turtlebot3_fake_node'
[3.373s] INFO:colcon.colcon_core.plugin_system:Skipping extension 'colcon_core.shell.bat': Not used on non-Windows systems
[3.373s] INFO:colcon.colcon_core.shell:Skip shell extension 'powershell' for command environment: Not usable outside of PowerShell
[3.374s] DEBUG:colcon.colcon_core.shell:Skip shell extension 'dsv' for command environment
[3.508s] INFO:colcon.colcon_ros.task.ament_cmake.build:Building ROS package in '/uolstore/home/users/sc23oy/ros2_ws/src/turtlebot3_simulations/turtlebot3_gazebo' with build type 'ament_cmake'
[3.508s] INFO:colcon.colcon_cmake.task.cmake.build:Building CMake package in '/uolstore/home/users/sc23oy/ros2_ws/src/turtlebot3_simulations/turtlebot3_gazebo'
[3.539s] INFO:colcon.colcon_core.shell:Skip shell extension 'powershell' for command environment: Not usable outside of PowerShell
[3.539s] DEBUG:colcon.colcon_core.shell:Skip shell extension 'dsv' for command environment
[3.663s] INFO:colcon.colcon_ros.task.ament_python.build:Building ROS package in '/uolstore/home/users/sc23oy/ros2_ws/src/lab1' with build type 'ament_python'
[3.663s] Level 1:colcon.colcon_core.shell:create_environment_hook('lab1', 'ament_prefix_path')
[3.701s] INFO:colcon.colcon_core.shell:Creating environment hook '/uolstore/home/users/sc23oy/ros2_ws/install/lab1/share/lab1/hook/ament_prefix_path.ps1'
[3.704s] INFO:colcon.colcon_core.shell:Creating environment descriptor '/uolstore/home/users/sc23oy/ros2_ws/install/lab1/share/lab1/hook/ament_prefix_path.dsv'
[3.706s] INFO:colcon.colcon_core.shell:Creating environment hook '/uolstore/home/users/sc23oy/ros2_ws/install/lab1/share/lab1/hook/ament_prefix_path.sh'
[3.743s] INFO:colcon.colcon_core.shell:Skip shell extension 'powershell' for command environment: Not usable outside of PowerShell
[3.743s] DEBUG:colcon.colcon_core.shell:Skip shell extension 'dsv' for command environment
[3.862s] INFO:colcon.colcon_ros.task.ament_python.build:Building ROS package in '/uolstore/home/users/sc23oy/ros2_ws/src/lab2' with build type 'ament_python'
[3.863s] Level 1:colcon.colcon_core.shell:create_environment_hook('lab2', 'ament_prefix_path')
[3.898s] INFO:colcon.colcon_core.shell:Creating environment hook '/uolstore/home/users/sc23oy/ros2_ws/install/lab2/share/lab2/hook/ament_prefix_path.ps1'
[3.901s] INFO:colcon.colcon_core.shell:Creating environment descriptor '/uolstore/home/users/sc23oy/ros2_ws/install/lab2/share/lab2/hook/ament_prefix_path.dsv'
[3.903s] INFO:colcon.colcon_core.shell:Creating environment hook '/uolstore/home/users/sc23oy/ros2_ws/install/lab2/share/lab2/hook/ament_prefix_path.sh'
[3.954s] INFO:colcon.colcon_core.shell:Skip shell extension 'powershell' for command environment: Not usable outside of PowerShell
[3.954s] DEBUG:colcon.colcon_core.shell:Skip shell extension 'dsv' for command environment
[4.073s] INFO:colcon.colcon_ros.task.ament_python.build:Building ROS package in '/uolstore/home/users/sc23oy/ros2_ws/src/lab3' with build type 'ament_python'
[4.073s] Level 1:colcon.colcon_core.shell:create_environment_hook('lab3', 'ament_prefix_path')
[4.104s] INFO:colcon.colcon_core.shell:Creating environment hook '/uolstore/home/users/sc23oy/ros2_ws/install/lab3/share/lab3/hook/ament_prefix_path.ps1'
[4.107s] INFO:colcon.colcon_core.shell:Creating environment descriptor '/uolstore/home/users/sc23oy/ros2_ws/install/lab3/share/lab3/hook/ament_prefix_path.dsv'
[4.110s] INFO:colcon.colcon_core.shell:Creating environment hook '/uolstore/home/users/sc23oy/ros2_ws/install/lab3/share/lab3/hook/ament_prefix_path.sh'
[4.150s] INFO:colcon.colcon_core.shell:Skip shell extension 'powershell' for command environment: Not usable outside of PowerShell
[4.150s] DEBUG:colcon.colcon_core.shell:Skip shell extension 'dsv' for command environment
[4.289s] DEBUG:colcon.colcon_core.event_handler.log_command:Invoking command in '/uolstore/home/users/sc23oy/ros2_ws/build/turtlebot3_fake_node': CMAKE_PREFIX_PATH=${CMAKE_PREFIX_PATH}:/uolstore/home/users/sc23oy/ros2_ws/install/lab3:/uolstore/home/users/sc23oy/ros2_ws/install/lab2:/uolstore/home/users/sc23oy/ros2_ws/install/lab1:/opt/ros/humble /usr/bin/cmake --build /uolstore/home/users/sc23oy/ros2_ws/build/turtlebot3_fake_node -- -j48 -l48
[4.306s] DEBUG:colcon.colcon_core.event_handler.log_command:Invoking command in '/uolstore/home/users/sc23oy/ros2_ws/build/turtlebot3_gazebo': CMAKE_PREFIX_PATH=${CMAKE_PREFIX_PATH}:/uolstore/home/users/sc23oy/ros2_ws/install/lab3:/uolstore/home/users/sc23oy/ros2_ws/install/lab2:/uolstore/home/users/sc23oy/ros2_ws/install/lab1:/opt/ros/humble /usr/bin/cmake --build /uolstore/home/users/sc23oy/ros2_ws/build/turtlebot3_gazebo -- -j48 -l48
[4.937s] INFO:colcon.colcon_core.task.python.build:Building Python package in '/uolstore/home/users/sc23oy/ros2_ws/src/lab1'
[4.973s] INFO:colcon.colcon_core.shell:Skip shell extension 'powershell' for command environment: Not usable outside of PowerShell
[4.973s] DEBUG:colcon.colcon_core.shell:Skip shell extension 'dsv' for command environment
[5.678s] INFO:colcon.colcon_core.task.python.build:Building Python package in '/uolstore/home/users/sc23oy/ros2_ws/src/lab2'
[5.713s] INFO:colcon.colcon_core.shell:Skip shell extension 'powershell' for command environment: Not usable outside of PowerShell
[5.714s] DEBUG:colcon.colcon_core.shell:Skip shell extension 'dsv' for command environment
[5.852s] DEBUG:colcon.colcon_core.event_handler.log_command:Invoked command in '/uolstore/home/users/sc23oy/ros2_ws/build/turtlebot3_fake_node' returned '0': CMAKE_PREFIX_PATH=${CMAKE_PREFIX_PATH}:/uolstore/home/users/sc23oy/ros2_ws/install/lab3:/uolstore/home/users/sc23oy/ros2_ws/install/lab2:/uolstore/home/users/sc23oy/ros2_ws/install/lab1:/opt/ros/humble /usr/bin/cmake --build /uolstore/home/users/sc23oy/ros2_ws/build/turtlebot3_fake_node -- -j48 -l48
[6.469s] INFO:colcon.colcon_core.task.python.build:Building Python package in '/uolstore/home/users/sc23oy/ros2_ws/src/lab3'
[6.502s] INFO:colcon.colcon_core.shell:Skip shell extension 'powershell' for command environment: Not usable outside of PowerShell
[6.502s] DEBUG:colcon.colcon_core.shell:Skip shell extension 'dsv' for command environment
[6.635s] DEBUG:colcon.colcon_core.event_handler.log_command:Invoked command in '/uolstore/home/users/sc23oy/ros2_ws/build/turtlebot3_gazebo' returned '0': CMAKE_PREFIX_PATH=${CMAKE_PREFIX_PATH}:/uolstore/home/users/sc23oy/ros2_ws/install/lab3:/uolstore/home/users/sc23oy/ros2_ws/install/lab2:/uolstore/home/users/sc23oy/ros2_ws/install/lab1:/opt/ros/humble /usr/bin/cmake --build /uolstore/home/users/sc23oy/ros2_ws/build/turtlebot3_gazebo -- -j48 -l48
[6.683s] DEBUG:colcon.colcon_core.event_handler.log_command:Invoking command in '/uolstore/home/users/sc23oy/ros2_ws/build/turtlebot3_fake_node': CMAKE_PREFIX_PATH=${CMAKE_PREFIX_PATH}:/uolstore/home/users/sc23oy/ros2_ws/install/lab3:/uolstore/home/users/sc23oy/ros2_ws/install/lab2:/uolstore/home/users/sc23oy/ros2_ws/install/lab1:/opt/ros/humble /usr/bin/cmake --install /uolstore/home/users/sc23oy/ros2_ws/build/turtlebot3_fake_node
[6.730s] DEBUG:colcon.colcon_core.event_handler.log_command:Invoking command in '/uolstore/home/users/sc23oy/ros2_ws/build/turtlebot3_gazebo': CMAKE_PREFIX_PATH=${CMAKE_PREFIX_PATH}:/uolstore/home/users/sc23oy/ros2_ws/install/lab3:/uolstore/home/users/sc23oy/ros2_ws/install/lab2:/uolstore/home/users/sc23oy/ros2_ws/install/lab1:/opt/ros/humble /usr/bin/cmake --install /uolstore/home/users/sc23oy/ros2_ws/build/turtlebot3_gazebo
[6.747s] Level 1:colcon.colcon_core.environment:create_environment_scripts_only(turtlebot3_fake_node)
[6.748s] DEBUG:colcon.colcon_core.event_handler.log_command:Invoked command in '/uolstore/home/users/sc23oy/ros2_ws/build/turtlebot3_fake_node' returned '0': CMAKE_PREFIX_PATH=${CMAKE_PREFIX_PATH}:/uolstore/home/users/sc23oy/ros2_ws/install/lab3:/uolstore/home/users/sc23oy/ros2_ws/install/lab2:/uolstore/home/users/sc23oy/ros2_ws/install/lab1:/opt/ros/humble /usr/bin/cmake --install /uolstore/home/users/sc23oy/ros2_ws/build/turtlebot3_fake_node
[6.802s] Level 1:colcon.colcon_core.environment:checking '/uolstore/home/users/sc23oy/ros2_ws/install/turtlebot3_fake_node' for CMake module files
[6.804s] Level 1:colcon.colcon_core.environment:checking '/uolstore/home/users/sc23oy/ros2_ws/install/turtlebot3_fake_node' for CMake config files
[6.808s] Level 1:colcon.colcon_core.shell:create_environment_hook('turtlebot3_fake_node', 'cmake_prefix_path')
[6.856s] INFO:colcon.colcon_core.shell:Creating environment hook '/uolstore/home/users/sc23oy/ros2_ws/install/turtlebot3_fake_node/share/turtlebot3_fake_node/hook/cmake_prefix_path.ps1'
[6.860s] INFO:colcon.colcon_core.shell:Creating environment descriptor '/uolstore/home/users/sc23oy/ros2_ws/install/turtlebot3_fake_node/share/turtlebot3_fake_node/hook/cmake_prefix_path.dsv'
[6.864s] INFO:colcon.colcon_core.shell:Creating environment hook '/uolstore/home/users/sc23oy/ros2_ws/install/turtlebot3_fake_node/share/turtlebot3_fake_node/hook/cmake_prefix_path.sh'
[6.869s] Level 1:colcon.colcon_core.environment:checking '/uolstore/home/users/sc23oy/ros2_ws/install/turtlebot3_fake_node/lib'
[6.869s] Level 1:colcon.colcon_core.environment:checking '/uolstore/home/users/sc23oy/ros2_ws/install/turtlebot3_fake_node/bin'
[6.869s] Level 1:colcon.colcon_core.environment:checking '/uolstore/home/users/sc23oy/ros2_ws/install/turtlebot3_fake_node/lib/pkgconfig/turtlebot3_fake_node.pc'
[6.870s] Level 1:colcon.colcon_core.environment:checking '/uolstore/home/users/sc23oy/ros2_ws/install/turtlebot3_fake_node/lib/python3.10/site-packages'
[6.870s] Level 1:colcon.colcon_core.environment:checking '/uolstore/home/users/sc23oy/ros2_ws/install/turtlebot3_fake_node/bin'
[6.917s] INFO:colcon.colcon_core.shell:Creating package script '/uolstore/home/users/sc23oy/ros2_ws/install/turtlebot3_fake_node/share/turtlebot3_fake_node/package.ps1'
[6.921s] INFO:colcon.colcon_core.shell:Creating package descriptor '/uolstore/home/users/sc23oy/ros2_ws/install/turtlebot3_fake_node/share/turtlebot3_fake_node/package.dsv'
[6.924s] INFO:colcon.colcon_core.shell:Creating package script '/uolstore/home/users/sc23oy/ros2_ws/install/turtlebot3_fake_node/share/turtlebot3_fake_node/package.sh'
[6.927s] INFO:colcon.colcon_core.shell:Creating package script '/uolstore/home/users/sc23oy/ros2_ws/install/turtlebot3_fake_node/share/turtlebot3_fake_node/package.bash'
[6.929s] INFO:colcon.colcon_core.shell:Creating package script '/uolstore/home/users/sc23oy/ros2_ws/install/turtlebot3_fake_node/share/turtlebot3_fake_node/package.zsh'
[6.933s] Level 1:colcon.colcon_core.environment:create_file_with_runtime_dependencies(/uolstore/home/users/sc23oy/ros2_ws/install/turtlebot3_fake_node/share/colcon-core/packages/turtlebot3_fake_node)
[7.036s] Level 1:colcon.colcon_core.environment:create_environment_scripts_only(turtlebot3_fake_node)
[7.075s] Level 1:colcon.colcon_core.environment:checking '/uolstore/home/users/sc23oy/ros2_ws/install/turtlebot3_fake_node' for CMake module files
[7.080s] Level 1:colcon.colcon_core.environment:checking '/uolstore/home/users/sc23oy/ros2_ws/install/turtlebot3_fake_node' for CMake config files
[7.083s] Level 1:colcon.colcon_core.shell:create_environment_hook('turtlebot3_fake_node', 'cmake_prefix_path')
[7.128s] INFO:colcon.colcon_core.shell:Creating environment hook '/uolstore/home/users/sc23oy/ros2_ws/install/turtlebot3_fake_node/share/turtlebot3_fake_node/hook/cmake_prefix_path.ps1'
[7.131s] INFO:colcon.colcon_core.shell:Creating environment descriptor '/uolstore/home/users/sc23oy/ros2_ws/install/turtlebot3_fake_node/share/turtlebot3_fake_node/hook/cmake_prefix_path.dsv'
[7.134s] INFO:colcon.colcon_core.shell:Creating environment hook '/uolstore/home/users/sc23oy/ros2_ws/install/turtlebot3_fake_node/share/turtlebot3_fake_node/hook/cmake_prefix_path.sh'
[7.137s] Level 1:colcon.colcon_core.environment:checking '/uolstore/home/users/sc23oy/ros2_ws/install/turtlebot3_fake_node/lib'
[7.137s] Level 1:colcon.colcon_core.environment:checking '/uolstore/home/users/sc23oy/ros2_ws/install/turtlebot3_fake_node/bin'
[7.137s] Level 1:colcon.colcon_core.environment:checking '/uolstore/home/users/sc23oy/ros2_ws/install/turtlebot3_fake_node/lib/pkgconfig/turtlebot3_fake_node.pc'
[7.138s] Level 1:colcon.colcon_core.environment:checking '/uolstore/home/users/sc23oy/ros2_ws/install/turtlebot3_fake_node/lib/python3.10/site-packages'
[7.138s] Level 1:colcon.colcon_core.environment:checking '/uolstore/home/users/sc23oy/ros2_ws/install/turtlebot3_fake_node/bin'
[7.187s] INFO:colcon.colcon_core.shell:Creating package script '/uolstore/home/users/sc23oy/ros2_ws/install/turtlebot3_fake_node/share/turtlebot3_fake_node/package.ps1'
[7.190s] INFO:colcon.colcon_core.shell:Creating package descriptor '/uolstore/home/users/sc23oy/ros2_ws/install/turtlebot3_fake_node/share/turtlebot3_fake_node/package.dsv'
[7.192s] INFO:colcon.colcon_core.shell:Creating package script '/uolstore/home/users/sc23oy/ros2_ws/install/turtlebot3_fake_node/share/turtlebot3_fake_node/package.sh'
[7.195s] INFO:colcon.colcon_core.shell:Creating package script '/uolstore/home/users/sc23oy/ros2_ws/install/turtlebot3_fake_node/share/turtlebot3_fake_node/package.bash'
[7.197s] INFO:colcon.colcon_core.shell:Creating package script '/uolstore/home/users/sc23oy/ros2_ws/install/turtlebot3_fake_node/share/turtlebot3_fake_node/package.zsh'
[7.200s] Level 1:colcon.colcon_core.environment:create_file_with_runtime_dependencies(/uolstore/home/users/sc23oy/ros2_ws/install/turtlebot3_fake_node/share/colcon-core/packages/turtlebot3_fake_node)
[7.203s] Level 1:colcon.colcon_core.environment:create_environment_scripts_only(turtlebot3_gazebo)
[7.208s] DEBUG:colcon.colcon_core.event_handler.log_command:Invoked command in '/uolstore/home/users/sc23oy/ros2_ws/build/turtlebot3_gazebo' returned '0': CMAKE_PREFIX_PATH=${CMAKE_PREFIX_PATH}:/uolstore/home/users/sc23oy/ros2_ws/install/lab3:/uolstore/home/users/sc23oy/ros2_ws/install/lab2:/uolstore/home/users/sc23oy/ros2_ws/install/lab1:/opt/ros/humble /usr/bin/cmake --install /uolstore/home/users/sc23oy/ros2_ws/build/turtlebot3_gazebo
[7.239s] Level 1:colcon.colcon_core.environment:checking '/uolstore/home/users/sc23oy/ros2_ws/install/turtlebot3_gazebo' for CMake module files
[7.242s] Level 1:colcon.colcon_core.environment:checking '/uolstore/home/users/sc23oy/ros2_ws/install/turtlebot3_gazebo' for CMake config files
[7.307s] Level 1:colcon.colcon_core.shell:create_environment_hook('turtlebot3_gazebo', 'cmake_prefix_path')
[7.346s] INFO:colcon.colcon_core.shell:Creating environment hook '/uolstore/home/users/sc23oy/ros2_ws/install/turtlebot3_gazebo/share/turtlebot3_gazebo/hook/cmake_prefix_path.ps1'
[7.349s] INFO:colcon.colcon_core.shell:Creating environment descriptor '/uolstore/home/users/sc23oy/ros2_ws/install/turtlebot3_gazebo/share/turtlebot3_gazebo/hook/cmake_prefix_path.dsv'
[7.352s] INFO:colcon.colcon_core.shell:Creating environment hook '/uolstore/home/users/sc23oy/ros2_ws/install/turtlebot3_gazebo/share/turtlebot3_gazebo/hook/cmake_prefix_path.sh'
[7.356s] Level 1:colcon.colcon_core.environment:checking '/uolstore/home/users/sc23oy/ros2_ws/install/turtlebot3_gazebo/lib'
[7.357s] Level 1:colcon.colcon_core.environment:checking '/uolstore/home/users/sc23oy/ros2_ws/install/turtlebot3_gazebo/bin'
[7.357s] Level 1:colcon.colcon_core.environment:checking '/uolstore/home/users/sc23oy/ros2_ws/install/turtlebot3_gazebo/lib/pkgconfig/turtlebot3_gazebo.pc'
[7.358s] Level 1:colcon.colcon_core.environment:checking '/uolstore/home/users/sc23oy/ros2_ws/install/turtlebot3_gazebo/lib/python3.10/site-packages'
[7.358s] Level 1:colcon.colcon_core.environment:checking '/uolstore/home/users/sc23oy/ros2_ws/install/turtlebot3_gazebo/bin'
[7.398s] INFO:colcon.colcon_core.shell:Creating package script '/uolstore/home/users/sc23oy/ros2_ws/install/turtlebot3_gazebo/share/turtlebot3_gazebo/package.ps1'
[7.401s] INFO:colcon.colcon_core.shell:Creating package descriptor '/uolstore/home/users/sc23oy/ros2_ws/install/turtlebot3_gazebo/share/turtlebot3_gazebo/package.dsv'
[7.404s] INFO:colcon.colcon_core.shell:Creating package script '/uolstore/home/users/sc23oy/ros2_ws/install/turtlebot3_gazebo/share/turtlebot3_gazebo/package.sh'
[7.407s] INFO:colcon.colcon_core.shell:Creating package script '/uolstore/home/users/sc23oy/ros2_ws/install/turtlebot3_gazebo/share/turtlebot3_gazebo/package.bash'
[7.410s] INFO:colcon.colcon_core.shell:Creating package script '/uolstore/home/users/sc23oy/ros2_ws/install/turtlebot3_gazebo/share/turtlebot3_gazebo/package.zsh'
[7.413s] Level 1:colcon.colcon_core.environment:create_file_with_runtime_dependencies(/uolstore/home/users/sc23oy/ros2_ws/install/turtlebot3_gazebo/share/colcon-core/packages/turtlebot3_gazebo)
[7.540s] Level 1:colcon.colcon_core.environment:create_environment_scripts_only(turtlebot3_gazebo)
[7.574s] Level 1:colcon.colcon_core.environment:checking '/uolstore/home/users/sc23oy/ros2_ws/install/turtlebot3_gazebo' for CMake module files
[7.577s] Level 1:colcon.colcon_core.environment:checking '/uolstore/home/users/sc23oy/ros2_ws/install/turtlebot3_gazebo' for CMake config files
[7.632s] Level 1:colcon.colcon_core.shell:create_environment_hook('turtlebot3_gazebo', 'cmake_prefix_path')
[7.664s] INFO:colcon.colcon_core.shell:Creating environment hook '/uolstore/home/users/sc23oy/ros2_ws/install/turtlebot3_gazebo/share/turtlebot3_gazebo/hook/cmake_prefix_path.ps1'
[7.667s] INFO:colcon.colcon_core.shell:Creating environment descriptor '/uolstore/home/users/sc23oy/ros2_ws/install/turtlebot3_gazebo/share/turtlebot3_gazebo/hook/cmake_prefix_path.dsv'
[7.669s] INFO:colcon.colcon_core.shell:Creating environment hook '/uolstore/home/users/sc23oy/ros2_ws/install/turtlebot3_gazebo/share/turtlebot3_gazebo/hook/cmake_prefix_path.sh'
[7.672s] Level 1:colcon.colcon_core.environment:checking '/uolstore/home/users/sc23oy/ros2_ws/install/turtlebot3_gazebo/lib'
[7.673s] Level 1:colcon.colcon_core.environment:checking '/uolstore/home/users/sc23oy/ros2_ws/install/turtlebot3_gazebo/bin'
[7.673s] Level 1:colcon.colcon_core.environment:checking '/uolstore/home/users/sc23oy/ros2_ws/install/turtlebot3_gazebo/lib/pkgconfig/turtlebot3_gazebo.pc'
[7.673s] Level 1:colcon.colcon_core.environment:checking '/uolstore/home/users/sc23oy/ros2_ws/install/turtlebot3_gazebo/lib/python3.10/site-packages'
[7.674s] Level 1:colcon.colcon_core.environment:checking '/uolstore/home/users/sc23oy/ros2_ws/install/turtlebot3_gazebo/bin'
[7.709s] INFO:colcon.colcon_core.shell:Creating package script '/uolstore/home/users/sc23oy/ros2_ws/install/turtlebot3_gazebo/share/turtlebot3_gazebo/package.ps1'
[7.713s] INFO:colcon.colcon_core.shell:Creating package descriptor '/uolstore/home/users/sc23oy/ros2_ws/install/turtlebot3_gazebo/share/turtlebot3_gazebo/package.dsv'
[7.720s] INFO:colcon.colcon_core.shell:Creating package script '/uolstore/home/users/sc23oy/ros2_ws/install/turtlebot3_gazebo/share/turtlebot3_gazebo/package.sh'
[7.724s] INFO:colcon.colcon_core.shell:Creating package script '/uolstore/home/users/sc23oy/ros2_ws/install/turtlebot3_gazebo/share/turtlebot3_gazebo/package.bash'
[7.726s] INFO:colcon.colcon_core.shell:Creating package script '/uolstore/home/users/sc23oy/ros2_ws/install/turtlebot3_gazebo/share/turtlebot3_gazebo/package.zsh'
[7.729s] Level 1:colcon.colcon_core.environment:create_file_with_runtime_dependencies(/uolstore/home/users/sc23oy/ros2_ws/install/turtlebot3_gazebo/share/colcon-core/packages/turtlebot3_gazebo)
[7.732s] INFO:colcon.colcon_ros.task.ament_cmake.build:Building ROS package in '/uolstore/home/users/sc23oy/ros2_ws/src/turtlebot3_simulations/turtlebot3_simulations' with build type 'ament_cmake'
[7.732s] INFO:colcon.colcon_cmake.task.cmake.build:Building CMake package in '/uolstore/home/users/sc23oy/ros2_ws/src/turtlebot3_simulations/turtlebot3_simulations'
[7.765s] INFO:colcon.colcon_core.shell:Skip shell extension 'powershell' for command environment: Not usable outside of PowerShell
[7.765s] DEBUG:colcon.colcon_core.shell:Skip shell extension 'dsv' for command environment
[7.904s] DEBUG:colcon.colcon_core.event_handler.log_command:Invoking command in '/uolstore/home/users/sc23oy/ros2_ws/src/lab2': PYTHONPATH=/uolstore/home/users/sc23oy/ros2_ws/build/lab2/prefix_override:/uolstore/home/users/sc23oy/ros2_ws/install/lab2/lib/python3.10/site-packages:${PYTHONPATH} /usr/bin/python3 setup.py egg_info --egg-base ../../build/lab2 build --build-base /uolstore/home/users/sc23oy/ros2_ws/build/lab2/build install --record /uolstore/home/users/sc23oy/ros2_ws/build/lab2/install.log --single-version-externally-managed
[7.911s] DEBUG:colcon.colcon_core.event_handler.log_command:Invoking command in '/uolstore/home/users/sc23oy/ros2_ws/src/lab1': PYTHONPATH=/uolstore/home/users/sc23oy/ros2_ws/build/lab1/prefix_override:/uolstore/home/users/sc23oy/ros2_ws/install/lab1/lib/python3.10/site-packages:${PYTHONPATH} /usr/bin/python3 setup.py egg_info --egg-base ../../build/lab1 build --build-base /uolstore/home/users/sc23oy/ros2_ws/build/lab1/build install --record /uolstore/home/users/sc23oy/ros2_ws/build/lab1/install.log --single-version-externally-managed
[7.918s] DEBUG:colcon.colcon_core.event_handler.log_command:Invoking command in '/uolstore/home/users/sc23oy/ros2_ws/src/lab3': PYTHONPATH=/uolstore/home/users/sc23oy/ros2_ws/build/lab3/prefix_override:/uolstore/home/users/sc23oy/ros2_ws/install/lab3/lib/python3.10/site-packages:${PYTHONPATH} /usr/bin/python3 setup.py egg_info --egg-base ../../build/lab3 build --build-base /uolstore/home/users/sc23oy/ros2_ws/build/lab3/build install --record /uolstore/home/users/sc23oy/ros2_ws/build/lab3/install.log --single-version-externally-managed
[7.928s] DEBUG:colcon.colcon_core.event_handler.log_command:Invoking command in '/uolstore/home/users/sc23oy/ros2_ws/build/turtlebot3_simulations': CMAKE_PREFIX_PATH=/uolstore/home/users/sc23oy/ros2_ws/install/turtlebot3_gazebo:/uolstore/home/users/sc23oy/ros2_ws/install/turtlebot3_fake_node:/uolstore/home/users/sc23oy/ros2_ws/install/turtlebot3_simulations:/uollinapps/v2/24-25/soc/packages/linux-rhel9-x86_64_v3/gcc-11.4.0/gcc-14.2.0-svuh5yskfnrwh537tvxvt642acswwlju:/uolstore/home/users/sc23oy/ros2_ws/install/lab3:/uolstore/home/users/sc23oy/ros2_ws/install/lab2:/uolstore/home/users/sc23oy/ros2_ws/install/lab1:/opt/ros/humble /usr/bin/cmake --build /uolstore/home/users/sc23oy/ros2_ws/build/turtlebot3_simulations -- -j48 -l48
[8.032s] DEBUG:colcon.colcon_core.event_handler.log_command:Invoked command in '/uolstore/home/users/sc23oy/ros2_ws/build/turtlebot3_simulations' returned '0': CMAKE_PREFIX_PATH=/uolstore/home/users/sc23oy/ros2_ws/install/turtlebot3_gazebo:/uolstore/home/users/sc23oy/ros2_ws/install/turtlebot3_fake_node:/uolstore/home/users/sc23oy/ros2_ws/install/turtlebot3_simulations:/uollinapps/v2/24-25/soc/packages/linux-rhel9-x86_64_v3/gcc-11.4.0/gcc-14.2.0-svuh5yskfnrwh537tvxvt642acswwlju:/uolstore/home/users/sc23oy/ros2_ws/install/lab3:/uolstore/home/users/sc23oy/ros2_ws/install/lab2:/uolstore/home/users/sc23oy/ros2_ws/install/lab1:/opt/ros/humble /usr/bin/cmake --build /uolstore/home/users/sc23oy/ros2_ws/build/turtlebot3_simulations -- -j48 -l48
[8.087s] DEBUG:colcon.colcon_core.event_handler.log_command:Invoking command in '/uolstore/home/users/sc23oy/ros2_ws/build/turtlebot3_simulations': CMAKE_PREFIX_PATH=/uolstore/home/users/sc23oy/ros2_ws/install/turtlebot3_gazebo:/uolstore/home/users/sc23oy/ros2_ws/install/turtlebot3_fake_node:/uolstore/home/users/sc23oy/ros2_ws/install/turtlebot3_simulations:/uollinapps/v2/24-25/soc/packages/linux-rhel9-x86_64_v3/gcc-11.4.0/gcc-14.2.0-svuh5yskfnrwh537tvxvt642acswwlju:/uolstore/home/users/sc23oy/ros2_ws/install/lab3:/uolstore/home/users/sc23oy/ros2_ws/install/lab2:/uolstore/home/users/sc23oy/ros2_ws/install/lab1:/opt/ros/humble /usr/bin/cmake --install /uolstore/home/users/sc23oy/ros2_ws/build/turtlebot3_simulations
[8.139s] Level 1:colcon.colcon_core.environment:create_environment_scripts_only(turtlebot3_simulations)
[8.140s] DEBUG:colcon.colcon_core.event_handler.log_command:Invoked command in '/uolstore/home/users/sc23oy/ros2_ws/build/turtlebot3_simulations' returned '0': CMAKE_PREFIX_PATH=/uolstore/home/users/sc23oy/ros2_ws/install/turtlebot3_gazebo:/uolstore/home/users/sc23oy/ros2_ws/install/turtlebot3_fake_node:/uolstore/home/users/sc23oy/ros2_ws/install/turtlebot3_simulations:/uollinapps/v2/24-25/soc/packages/linux-rhel9-x86_64_v3/gcc-11.4.0/gcc-14.2.0-svuh5yskfnrwh537tvxvt642acswwlju:/uolstore/home/users/sc23oy/ros2_ws/install/lab3:/uolstore/home/users/sc23oy/ros2_ws/install/lab2:/uolstore/home/users/sc23oy/ros2_ws/install/lab1:/opt/ros/humble /usr/bin/cmake --install /uolstore/home/users/sc23oy/ros2_ws/build/turtlebot3_simulations
[8.177s] Level 1:colcon.colcon_core.environment:checking '/uolstore/home/users/sc23oy/ros2_ws/install/turtlebot3_simulations' for CMake module files
[8.179s] Level 1:colcon.colcon_core.environment:checking '/uolstore/home/users/sc23oy/ros2_ws/install/turtlebot3_simulations' for CMake config files
[8.182s] Level 1:colcon.colcon_core.shell:create_environment_hook('turtlebot3_simulations', 'cmake_prefix_path')
[8.226s] INFO:colcon.colcon_core.shell:Creating environment hook '/uolstore/home/users/sc23oy/ros2_ws/install/turtlebot3_simulations/share/turtlebot3_simulations/hook/cmake_prefix_path.ps1'
[8.229s] INFO:colcon.colcon_core.shell:Creating environment descriptor '/uolstore/home/users/sc23oy/ros2_ws/install/turtlebot3_simulations/share/turtlebot3_simulations/hook/cmake_prefix_path.dsv'
[8.233s] INFO:colcon.colcon_core.shell:Creating environment hook '/uolstore/home/users/sc23oy/ros2_ws/install/turtlebot3_simulations/share/turtlebot3_simulations/hook/cmake_prefix_path.sh'
[8.236s] Level 1:colcon.colcon_core.environment:checking '/uolstore/home/users/sc23oy/ros2_ws/install/turtlebot3_simulations/bin'
[8.236s] Level 1:colcon.colcon_core.environment:checking '/uolstore/home/users/sc23oy/ros2_ws/install/turtlebot3_simulations/lib/pkgconfig/turtlebot3_simulations.pc'
[8.237s] Level 1:colcon.colcon_core.environment:checking '/uolstore/home/users/sc23oy/ros2_ws/install/turtlebot3_simulations/lib/python3.10/site-packages'
[8.238s] Level 1:colcon.colcon_core.environment:checking '/uolstore/home/users/sc23oy/ros2_ws/install/turtlebot3_simulations/bin'
[8.276s] INFO:colcon.colcon_core.shell:Creating package script '/uolstore/home/users/sc23oy/ros2_ws/install/turtlebot3_simulations/share/turtlebot3_simulations/package.ps1'
[8.279s] INFO:colcon.colcon_core.shell:Creating package descriptor '/uolstore/home/users/sc23oy/ros2_ws/install/turtlebot3_simulations/share/turtlebot3_simulations/package.dsv'
[8.281s] INFO:colcon.colcon_core.shell:Creating package script '/uolstore/home/users/sc23oy/ros2_ws/install/turtlebot3_simulations/share/turtlebot3_simulations/package.sh'
[8.284s] INFO:colcon.colcon_core.shell:Creating package script '/uolstore/home/users/sc23oy/ros2_ws/install/turtlebot3_simulations/share/turtlebot3_simulations/package.bash'
[8.287s] INFO:colcon.colcon_core.shell:Creating package script '/uolstore/home/users/sc23oy/ros2_ws/install/turtlebot3_simulations/share/turtlebot3_simulations/package.zsh'
[8.290s] Level 1:colcon.colcon_core.environment:create_file_with_runtime_dependencies(/uolstore/home/users/sc23oy/ros2_ws/install/turtlebot3_simulations/share/colcon-core/packages/turtlebot3_simulations)
[8.394s] Level 1:colcon.colcon_core.environment:create_environment_scripts_only(turtlebot3_simulations)
[8.425s] Level 1:colcon.colcon_core.environment:checking '/uolstore/home/users/sc23oy/ros2_ws/install/turtlebot3_simulations' for CMake module files
[8.427s] Level 1:colcon.colcon_core.environment:checking '/uolstore/home/users/sc23oy/ros2_ws/install/turtlebot3_simulations' for CMake config files
[8.430s] Level 1:colcon.colcon_core.shell:create_environment_hook('turtlebot3_simulations', 'cmake_prefix_path')
[8.476s] INFO:colcon.colcon_core.shell:Creating environment hook '/uolstore/home/users/sc23oy/ros2_ws/install/turtlebot3_simulations/share/turtlebot3_simulations/hook/cmake_prefix_path.ps1'
[8.478s] INFO:colcon.colcon_core.shell:Creating environment descriptor '/uolstore/home/users/sc23oy/ros2_ws/install/turtlebot3_simulations/share/turtlebot3_simulations/hook/cmake_prefix_path.dsv'
[8.481s] INFO:colcon.colcon_core.shell:Creating environment hook '/uolstore/home/users/sc23oy/ros2_ws/install/turtlebot3_simulations/share/turtlebot3_simulations/hook/cmake_prefix_path.sh'
[8.484s] Level 1:colcon.colcon_core.environment:checking '/uolstore/home/users/sc23oy/ros2_ws/install/turtlebot3_simulations/bin'
[8.484s] Level 1:colcon.colcon_core.environment:checking '/uolstore/home/users/sc23oy/ros2_ws/install/turtlebot3_simulations/lib/pkgconfig/turtlebot3_simulations.pc'
[8.485s] Level 1:colcon.colcon_core.environment:checking '/uolstore/home/users/sc23oy/ros2_ws/install/turtlebot3_simulations/lib/python3.10/site-packages'
[8.487s] Level 1:colcon.colcon_core.environment:checking '/uolstore/home/users/sc23oy/ros2_ws/install/turtlebot3_simulations/bin'
[8.524s] INFO:colcon.colcon_core.shell:Creating package script '/uolstore/home/users/sc23oy/ros2_ws/install/turtlebot3_simulations/share/turtlebot3_simulations/package.ps1'
[8.528s] INFO:colcon.colcon_core.shell:Creating package descriptor '/uolstore/home/users/sc23oy/ros2_ws/install/turtlebot3_simulations/share/turtlebot3_simulations/package.dsv'
[8.531s] INFO:colcon.colcon_core.shell:Creating package script '/uolstore/home/users/sc23oy/ros2_ws/install/turtlebot3_simulations/share/turtlebot3_simulations/package.sh'
[8.534s] INFO:colcon.colcon_core.shell:Creating package script '/uolstore/home/users/sc23oy/ros2_ws/install/turtlebot3_simulations/share/turtlebot3_simulations/package.bash'
[8.536s] INFO:colcon.colcon_core.shell:Creating package script '/uolstore/home/users/sc23oy/ros2_ws/install/turtlebot3_simulations/share/turtlebot3_simulations/package.zsh'
[8.539s] Level 1:colcon.colcon_core.environment:create_file_with_runtime_dependencies(/uolstore/home/users/sc23oy/ros2_ws/install/turtlebot3_simulations/share/colcon-core/packages/turtlebot3_simulations)
[8.706s] DEBUG:colcon.colcon_core.event_handler.log_command:Invoked command in '/uolstore/home/users/sc23oy/ros2_ws/src/lab1' returned '0': PYTHONPATH=/uolstore/home/users/sc23oy/ros2_ws/build/lab1/prefix_override:/uolstore/home/users/sc23oy/ros2_ws/install/lab1/lib/python3.10/site-packages:${PYTHONPATH} /usr/bin/python3 setup.py egg_info --egg-base ../../build/lab1 build --build-base /uolstore/home/users/sc23oy/ros2_ws/build/lab1/build install --record /uolstore/home/users/sc23oy/ros2_ws/build/lab1/install.log --single-version-externally-managed
[8.747s] Level 1:colcon.colcon_core.environment:checking '/uolstore/home/users/sc23oy/ros2_ws/install/lab1' for CMake module files
[8.750s] Level 1:colcon.colcon_core.environment:checking '/uolstore/home/users/sc23oy/ros2_ws/install/lab1' for CMake config files
[8.756s] Level 1:colcon.colcon_core.environment:checking '/uolstore/home/users/sc23oy/ros2_ws/install/lab1/lib'
[8.756s] Level 1:colcon.colcon_core.environment:checking '/uolstore/home/users/sc23oy/ros2_ws/install/lab1/bin'
[8.757s] Level 1:colcon.colcon_core.environment:checking '/uolstore/home/users/sc23oy/ros2_ws/install/lab1/lib/pkgconfig/lab1.pc'
[8.757s] Level 1:colcon.colcon_core.environment:checking '/uolstore/home/users/sc23oy/ros2_ws/install/lab1/lib/python3.10/site-packages'
[8.758s] Level 1:colcon.colcon_core.shell:create_environment_hook('lab1', 'pythonpath')
[8.792s] INFO:colcon.colcon_core.shell:Creating environment hook '/uolstore/home/users/sc23oy/ros2_ws/install/lab1/share/lab1/hook/pythonpath.ps1'
[8.795s] INFO:colcon.colcon_core.shell:Creating environment descriptor '/uolstore/home/users/sc23oy/ros2_ws/install/lab1/share/lab1/hook/pythonpath.dsv'
[8.797s] INFO:colcon.colcon_core.shell:Creating environment hook '/uolstore/home/users/sc23oy/ros2_ws/install/lab1/share/lab1/hook/pythonpath.sh'
[8.800s] Level 1:colcon.colcon_core.environment:checking '/uolstore/home/users/sc23oy/ros2_ws/install/lab1/bin'
[8.800s] Level 1:colcon.colcon_core.environment:create_environment_scripts_only(lab1)
[8.833s] INFO:colcon.colcon_core.shell:Creating package script '/uolstore/home/users/sc23oy/ros2_ws/install/lab1/share/lab1/package.ps1'
[8.836s] INFO:colcon.colcon_core.shell:Creating package descriptor '/uolstore/home/users/sc23oy/ros2_ws/install/lab1/share/lab1/package.dsv'
[8.838s] INFO:colcon.colcon_core.shell:Creating package script '/uolstore/home/users/sc23oy/ros2_ws/install/lab1/share/lab1/package.sh'
[8.841s] INFO:colcon.colcon_core.shell:Creating package script '/uolstore/home/users/sc23oy/ros2_ws/install/lab1/share/lab1/package.bash'
[8.843s] INFO:colcon.colcon_core.shell:Creating package script '/uolstore/home/users/sc23oy/ros2_ws/install/lab1/share/lab1/package.zsh'
[8.846s] Level 1:colcon.colcon_core.environment:create_file_with_runtime_dependencies(/uolstore/home/users/sc23oy/ros2_ws/install/lab1/share/colcon-core/packages/lab1)
[8.854s] DEBUG:colcon.colcon_core.event_handler.log_command:Invoked command in '/uolstore/home/users/sc23oy/ros2_ws/src/lab2' returned '0': PYTHONPATH=/uolstore/home/users/sc23oy/ros2_ws/build/lab2/prefix_override:/uolstore/home/users/sc23oy/ros2_ws/install/lab2/lib/python3.10/site-packages:${PYTHONPATH} /usr/bin/python3 setup.py egg_info --egg-base ../../build/lab2 build --build-base /uolstore/home/users/sc23oy/ros2_ws/build/lab2/build install --record /uolstore/home/users/sc23oy/ros2_ws/build/lab2/install.log --single-version-externally-managed
[8.884s] Level 1:colcon.colcon_core.environment:checking '/uolstore/home/users/sc23oy/ros2_ws/install/lab2' for CMake module files
[8.886s] Level 1:colcon.colcon_core.environment:checking '/uolstore/home/users/sc23oy/ros2_ws/install/lab2' for CMake config files
[8.892s] Level 1:colcon.colcon_core.environment:checking '/uolstore/home/users/sc23oy/ros2_ws/install/lab2/lib'
[8.892s] Level 1:colcon.colcon_core.environment:checking '/uolstore/home/users/sc23oy/ros2_ws/install/lab2/bin'
[8.893s] Level 1:colcon.colcon_core.environment:checking '/uolstore/home/users/sc23oy/ros2_ws/install/lab2/lib/pkgconfig/lab2.pc'
[8.893s] Level 1:colcon.colcon_core.environment:checking '/uolstore/home/users/sc23oy/ros2_ws/install/lab2/lib/python3.10/site-packages'
[8.893s] Level 1:colcon.colcon_core.shell:create_environment_hook('lab2', 'pythonpath')
[8.929s] INFO:colcon.colcon_core.shell:Creating environment hook '/uolstore/home/users/sc23oy/ros2_ws/install/lab2/share/lab2/hook/pythonpath.ps1'
[8.933s] INFO:colcon.colcon_core.shell:Creating environment descriptor '/uolstore/home/users/sc23oy/ros2_ws/install/lab2/share/lab2/hook/pythonpath.dsv'
[8.935s] INFO:colcon.colcon_core.shell:Creating environment hook '/uolstore/home/users/sc23oy/ros2_ws/install/lab2/share/lab2/hook/pythonpath.sh'
[8.939s] Level 1:colcon.colcon_core.environment:checking '/uolstore/home/users/sc23oy/ros2_ws/install/lab2/bin'
[8.939s] Level 1:colcon.colcon_core.environment:create_environment_scripts_only(lab2)
[8.973s] INFO:colcon.colcon_core.shell:Creating package script '/uolstore/home/users/sc23oy/ros2_ws/install/lab2/share/lab2/package.ps1'
[8.976s] INFO:colcon.colcon_core.shell:Creating package descriptor '/uolstore/home/users/sc23oy/ros2_ws/install/lab2/share/lab2/package.dsv'
[8.979s] INFO:colcon.colcon_core.shell:Creating package script '/uolstore/home/users/sc23oy/ros2_ws/install/lab2/share/lab2/package.sh'
[8.981s] INFO:colcon.colcon_core.shell:Creating package script '/uolstore/home/users/sc23oy/ros2_ws/install/lab2/share/lab2/package.bash'
[8.984s] INFO:colcon.colcon_core.shell:Creating package script '/uolstore/home/users/sc23oy/ros2_ws/install/lab2/share/lab2/package.zsh'
[8.986s] Level 1:colcon.colcon_core.environment:create_file_with_runtime_dependencies(/uolstore/home/users/sc23oy/ros2_ws/install/lab2/share/colcon-core/packages/lab2)
[8.993s] DEBUG:colcon.colcon_core.event_handler.log_command:Invoked command in '/uolstore/home/users/sc23oy/ros2_ws/src/lab3' returned '0': PYTHONPATH=/uolstore/home/users/sc23oy/ros2_ws/build/lab3/prefix_override:/uolstore/home/users/sc23oy/ros2_ws/install/lab3/lib/python3.10/site-packages:${PYTHONPATH} /usr/bin/python3 setup.py egg_info --egg-base ../../build/lab3 build --build-base /uolstore/home/users/sc23oy/ros2_ws/build/lab3/build install --record /uolstore/home/users/sc23oy/ros2_ws/build/lab3/install.log --single-version-externally-managed
[9.023s] Level 1:colcon.colcon_core.environment:checking '/uolstore/home/users/sc23oy/ros2_ws/install/lab3' for CMake module files
[9.026s] Level 1:colcon.colcon_core.environment:checking '/uolstore/home/users/sc23oy/ros2_ws/install/lab3' for CMake config files
[9.033s] Level 1:colcon.colcon_core.environment:checking '/uolstore/home/users/sc23oy/ros2_ws/install/lab3/lib'
[9.033s] Level 1:colcon.colcon_core.environment:checking '/uolstore/home/users/sc23oy/ros2_ws/install/lab3/bin'
[9.034s] Level 1:colcon.colcon_core.environment:checking '/uolstore/home/users/sc23oy/ros2_ws/install/lab3/lib/pkgconfig/lab3.pc'
[9.034s] Level 1:colcon.colcon_core.environment:checking '/uolstore/home/users/sc23oy/ros2_ws/install/lab3/lib/python3.10/site-packages'
[9.035s] Level 1:colcon.colcon_core.shell:create_environment_hook('lab3', 'pythonpath')
[9.065s] INFO:colcon.colcon_core.shell:Creating environment hook '/uolstore/home/users/sc23oy/ros2_ws/install/lab3/share/lab3/hook/pythonpath.ps1'
[9.068s] INFO:colcon.colcon_core.shell:Creating environment descriptor '/uolstore/home/users/sc23oy/ros2_ws/install/lab3/share/lab3/hook/pythonpath.dsv'
[9.070s] INFO:colcon.colcon_core.shell:Creating environment hook '/uolstore/home/users/sc23oy/ros2_ws/install/lab3/share/lab3/hook/pythonpath.sh'
[9.073s] Level 1:colcon.colcon_core.environment:checking '/uolstore/home/users/sc23oy/ros2_ws/install/lab3/bin'
[9.073s] Level 1:colcon.colcon_core.environment:create_environment_scripts_only(lab3)
[9.108s] INFO:colcon.colcon_core.shell:Creating package script '/uolstore/home/users/sc23oy/ros2_ws/install/lab3/share/lab3/package.ps1'
[9.111s] INFO:colcon.colcon_core.shell:Creating package descriptor '/uolstore/home/users/sc23oy/ros2_ws/install/lab3/share/lab3/package.dsv'
[9.113s] INFO:colcon.colcon_core.shell:Creating package script '/uolstore/home/users/sc23oy/ros2_ws/install/lab3/share/lab3/package.sh'
[9.116s] INFO:colcon.colcon_core.shell:Creating package script '/uolstore/home/users/sc23oy/ros2_ws/install/lab3/share/lab3/package.bash'
[9.125s] INFO:colcon.colcon_core.shell:Creating package script '/uolstore/home/users/sc23oy/ros2_ws/install/lab3/share/lab3/package.zsh'
[9.127s] Level 1:colcon.colcon_core.environment:create_file_with_runtime_dependencies(/uolstore/home/users/sc23oy/ros2_ws/install/lab3/share/colcon-core/packages/lab3)
[9.129s] DEBUG:colcon.colcon_parallel_executor.executor.parallel:closing loop
[9.129s] DEBUG:colcon.colcon_parallel_executor.executor.parallel:loop closed
[9.129s] DEBUG:colcon.colcon_parallel_executor.executor.parallel:run_until_complete finished with '0'
[9.130s] DEBUG:colcon.colcon_core.event_reactor:joining thread
[9.173s] INFO:colcon.colcon_core.plugin_system:Skipping extension 'colcon_notification.desktop_notification.notify_send': Could not find 'notify-send'
[9.174s] INFO:colcon.colcon_core.plugin_system:Skipping extension 'colcon_notification.desktop_notification.terminal_notifier': Not used on non-Darwin systems
[9.174s] INFO:colcon.colcon_core.plugin_system:Skipping extension 'colcon_notification.desktop_notification.win32': Not used on non-Windows systems
[9.174s] INFO:colcon.colcon_notification.desktop_notification:Sending desktop notification using 'notify2'
[9.192s] DEBUG:colcon.colcon_core.event_reactor:joined thread
[9.233s] INFO:colcon.colcon_core.shell:Creating prefix script '/uolstore/home/users/sc23oy/ros2_ws/install/local_setup.ps1'
[9.237s] INFO:colcon.colcon_core.shell:Creating prefix util module '/uolstore/home/users/sc23oy/ros2_ws/install/_local_setup_util_ps1.py'
[9.240s] INFO:colcon.colcon_core.shell:Creating prefix chain script '/uolstore/home/users/sc23oy/ros2_ws/install/setup.ps1'
[9.279s] INFO:colcon.colcon_core.shell:Creating prefix script '/uolstore/home/users/sc23oy/ros2_ws/install/local_setup.sh'
[9.282s] INFO:colcon.colcon_core.shell:Creating prefix util module '/uolstore/home/users/sc23oy/ros2_ws/install/_local_setup_util_sh.py'
[9.286s] INFO:colcon.colcon_core.shell:Creating prefix chain script '/uolstore/home/users/sc23oy/ros2_ws/install/setup.sh'
[9.333s] INFO:colcon.colcon_core.shell:Creating prefix script '/uolstore/home/users/sc23oy/ros2_ws/install/local_setup.bash'
[9.336s] INFO:colcon.colcon_core.shell:Creating prefix chain script '/uolstore/home/users/sc23oy/ros2_ws/install/setup.bash'
[9.378s] INFO:colcon.colcon_core.shell:Creating prefix script '/uolstore/home/users/sc23oy/ros2_ws/install/local_setup.zsh'
[9.381s] INFO:colcon.colcon_core.shell:Creating prefix chain script '/uolstore/home/users/sc23oy/ros2_ws/install/setup.zsh'
