[0.188s] Invoking command in '/uolstore/home/users/sc23oy/ros2_ws/build/turtlebot3_simulations': CMAKE_PREFIX_PATH=/uolstore/home/users/sc23oy/ros2_ws/install/turtlebot3_gazebo:/uolstore/home/users/sc23oy/ros2_ws/install/turtlebot3_fake_node:/uolstore/home/users/sc23oy/ros2_ws/install/turtlebot3_simulations:/uollinapps/v2/24-25/soc/packages/linux-rhel9-x86_64_v3/gcc-11.4.0/gcc-14.2.0-svuh5yskfnrwh537tvxvt642acswwlju:/uolstore/home/users/sc23oy/ros2_ws/install/lab3:/uolstore/home/users/sc23oy/ros2_ws/install/lab2:/uolstore/home/users/sc23oy/ros2_ws/install/lab1:/opt/ros/humble /usr/bin/cmake --build /uolstore/home/users/sc23oy/ros2_ws/build/turtlebot3_simulations -- -j48 -l48
[0.310s] Invoked command in '/uolstore/home/users/sc23oy/ros2_ws/build/turtlebot3_simulations' returned '0': CMAKE_PREFIX_PATH=/uolstore/home/users/sc23oy/ros2_ws/install/turtlebot3_gazebo:/uolstore/home/users/sc23oy/ros2_ws/install/turtlebot3_fake_node:/uolstore/home/users/sc23oy/ros2_ws/install/turtlebot3_simulations:/uollinapps/v2/24-25/soc/packages/linux-rhel9-x86_64_v3/gcc-11.4.0/gcc-14.2.0-svuh5yskfnrwh537tvxvt642acswwlju:/uolstore/home/users/sc23oy/ros2_ws/install/lab3:/uolstore/home/users/sc23oy/ros2_ws/install/lab2:/uolstore/home/users/sc23oy/ros2_ws/install/lab1:/opt/ros/humble /usr/bin/cmake --build /uolstore/home/users/sc23oy/ros2_ws/build/turtlebot3_simulations -- -j48 -l48
[0.365s] Invoking command in '/uolstore/home/users/sc23oy/ros2_ws/build/turtlebot3_simulations': CMAKE_PREFIX_PATH=/uolstore/home/users/sc23oy/ros2_ws/install/turtlebot3_gazebo:/uolstore/home/users/sc23oy/ros2_ws/install/turtlebot3_fake_node:/uolstore/home/users/sc23oy/ros2_ws/install/turtlebot3_simulations:/uollinapps/v2/24-25/soc/packages/linux-rhel9-x86_64_v3/gcc-11.4.0/gcc-14.2.0-svuh5yskfnrwh537tvxvt642acswwlju:/uolstore/home/users/sc23oy/ros2_ws/install/lab3:/uolstore/home/users/sc23oy/ros2_ws/install/lab2:/uolstore/home/users/sc23oy/ros2_ws/install/lab1:/opt/ros/humble /usr/bin/cmake --install /uolstore/home/users/sc23oy/ros2_ws/build/turtlebot3_simulations
[0.386s] -- Install configuration: ""
[0.387s] -- Up-to-date: /uolstore/home/users/sc23oy/ros2_ws/install/turtlebot3_simulations/share/ament_index/resource_index/package_run_dependencies/turtlebot3_simulations
[0.388s] -- Up-to-date: /uolstore/home/users/sc23oy/ros2_ws/install/turtlebot3_simulations/share/ament_index/resource_index/parent_prefix_path/turtlebot3_simulations
[0.389s] -- Up-to-date: /uolstore/home/users/sc23oy/ros2_ws/install/turtlebot3_simulations/share/turtlebot3_simulations/environment/ament_prefix_path.sh
[0.391s] -- Up-to-date: /uolstore/home/users/sc23oy/ros2_ws/install/turtlebot3_simulations/share/turtlebot3_simulations/environment/ament_prefix_path.dsv
[0.392s] -- Up-to-date: /uolstore/home/users/sc23oy/ros2_ws/install/turtlebot3_simulations/share/turtlebot3_simulations/environment/path.sh
[0.393s] -- Up-to-date: /uolstore/home/users/sc23oy/ros2_ws/install/turtlebot3_simulations/share/turtlebot3_simulations/environment/path.dsv
[0.394s] -- Up-to-date: /uolstore/home/users/sc23oy/ros2_ws/install/turtlebot3_simulations/share/turtlebot3_simulations/local_setup.bash
[0.395s] -- Up-to-date: /uolstore/home/users/sc23oy/ros2_ws/install/turtlebot3_simulations/share/turtlebot3_simulations/local_setup.sh
[0.395s] -- Up-to-date: /uolstore/home/users/sc23oy/ros2_ws/install/turtlebot3_simulations/share/turtlebot3_simulations/local_setup.zsh
[0.397s] -- Up-to-date: /uolstore/home/users/sc23oy/ros2_ws/install/turtlebot3_simulations/share/turtlebot3_simulations/local_setup.dsv
[0.398s] -- Up-to-date: /uolstore/home/users/sc23oy/ros2_ws/install/turtlebot3_simulations/share/turtlebot3_simulations/package.dsv
[0.399s] -- Up-to-date: /uolstore/home/users/sc23oy/ros2_ws/install/turtlebot3_simulations/share/ament_index/resource_index/packages/turtlebot3_simulations
[0.400s] -- Up-to-date: /uolstore/home/users/sc23oy/ros2_ws/install/turtlebot3_simulations/share/turtlebot3_simulations/cmake/turtlebot3_simulationsConfig.cmake
[0.401s] -- Up-to-date: /uolstore/home/users/sc23oy/ros2_ws/install/turtlebot3_simulations/share/turtlebot3_simulations/cmake/turtlebot3_simulationsConfig-version.cmake
[0.402s] -- Up-to-date: /uolstore/home/users/sc23oy/ros2_ws/install/turtlebot3_simulations/share/turtlebot3_simulations/package.xml
[0.407s] Invoked command in '/uolstore/home/users/sc23oy/ros2_ws/build/turtlebot3_simulations' returned '0': CMAKE_PREFIX_PATH=/uolstore/home/users/sc23oy/ros2_ws/install/turtlebot3_gazebo:/uolstore/home/users/sc23oy/ros2_ws/install/turtlebot3_fake_node:/uolstore/home/users/sc23oy/ros2_ws/install/turtlebot3_simulations:/uollinapps/v2/24-25/soc/packages/linux-rhel9-x86_64_v3/gcc-11.4.0/gcc-14.2.0-svuh5yskfnrwh537tvxvt642acswwlju:/uolstore/home/users/sc23oy/ros2_ws/install/lab3:/uolstore/home/users/sc23oy/ros2_ws/install/lab2:/uolstore/home/users/sc23oy/ros2_ws/install/lab1:/opt/ros/humble /usr/bin/cmake --install /uolstore/home/users/sc23oy/ros2_ws/build/turtlebot3_simulations
