[1.485s] DEBUG:colcon:Command line arguments: ['/usr/bin/colcon', 'list', '-p', '--base-paths', '/uolstore/home/users/sc23oy/ros2_ws']
[1.485s] DEBUG:colcon:Parsed command line arguments: Namespace(log_base=None, log_level=None, verb_name='list', build_base='build', ignore_user_meta=False, metas=['./colcon.meta'], base_paths=['/uolstore/home/users/sc23oy/ros2_ws'], packages_ignore=None, packages_ignore_regex=None, paths=None, packages_up_to=None, packages_up_to_regex=None, packages_above=None, packages_above_and_dependencies=None, packages_above_depth=None, packages_select_by_dep=None, packages_skip_by_dep=None, packages_skip_up_to=None, packages_select_build_failed=False, packages_skip_build_finished=False, packages_select_test_failures=False, packages_skip_test_passed=False, packages_select=None, packages_skip=None, packages_select_regex=None, packages_skip_regex=None, packages_start=None, packages_end=None, allow_overriding=[], topological_order=False, names_only=False, paths_only=True, topological_graph=False, topological_graph_dot=False, topological_graph_density=False, topological_graph_legend=False, topological_graph_dot_cluster=False, topological_graph_dot_include_skipped=False, verb_parser=<colcon_defaults.argument_parser.defaults.DefaultArgumentsDecorator object at 0x7f8173265180>, verb_extension=<colcon_package_information.verb.list.ListVerb object at 0x7f8173266110>, main=<bound method ListVerb.main of <colcon_package_information.verb.list.ListVerb object at 0x7f8173266110>>)
[1.570s] Level 1:colcon.colcon_core.package_discovery:discover_packages(colcon_meta) check parameters
[1.570s] Level 1:colcon.colcon_core.package_discovery:discover_packages(recursive) check parameters
[1.570s] Level 1:colcon.colcon_core.package_discovery:discover_packages(ignore) check parameters
[1.570s] Level 1:colcon.colcon_core.package_discovery:discover_packages(path) check parameters
[1.570s] Level 1:colcon.colcon_core.package_discovery:discover_packages(recursive) discover
[1.570s] INFO:colcon.colcon_core.package_discovery:Crawling recursively for packages in '/uolstore/home/users/sc23oy/ros2_ws'
[1.571s] Level 1:colcon.colcon_core.package_identification:_identify(/uolstore/home/users/sc23oy/ros2_ws) by extensions ['ignore', 'ignore_ament_install']
[1.571s] Level 1:colcon.colcon_core.package_identification:_identify(/uolstore/home/users/sc23oy/ros2_ws) by extension 'ignore'
[1.571s] Level 1:colcon.colcon_core.package_identification:_identify(/uolstore/home/users/sc23oy/ros2_ws) by extension 'ignore_ament_install'
[1.571s] Level 1:colcon.colcon_core.package_identification:_identify(/uolstore/home/users/sc23oy/ros2_ws) by extensions ['colcon_pkg']
[1.571s] Level 1:colcon.colcon_core.package_identification:_identify(/uolstore/home/users/sc23oy/ros2_ws) by extension 'colcon_pkg'
[1.571s] Level 1:colcon.colcon_core.package_identification:_identify(/uolstore/home/users/sc23oy/ros2_ws) by extensions ['colcon_meta']
[1.571s] Level 1:colcon.colcon_core.package_identification:_identify(/uolstore/home/users/sc23oy/ros2_ws) by extension 'colcon_meta'
[1.572s] Level 1:colcon.colcon_core.package_identification:_identify(/uolstore/home/users/sc23oy/ros2_ws) by extensions ['ros']
[1.572s] Level 1:colcon.colcon_core.package_identification:_identify(/uolstore/home/users/sc23oy/ros2_ws) by extension 'ros'
[1.587s] Level 1:colcon.colcon_core.package_identification:_identify(/uolstore/home/users/sc23oy/ros2_ws) by extensions ['cmake', 'python']
[1.587s] Level 1:colcon.colcon_core.package_identification:_identify(/uolstore/home/users/sc23oy/ros2_ws) by extension 'cmake'
[1.587s] Level 1:colcon.colcon_core.package_identification:_identify(/uolstore/home/users/sc23oy/ros2_ws) by extension 'python'
[1.587s] Level 1:colcon.colcon_core.package_identification:_identify(/uolstore/home/users/sc23oy/ros2_ws) by extensions ['python_setup_py']
[1.588s] Level 1:colcon.colcon_core.package_identification:_identify(/uolstore/home/users/sc23oy/ros2_ws) by extension 'python_setup_py'
[1.588s] Level 1:colcon.colcon_core.package_identification:_identify(/uolstore/home/users/sc23oy/ros2_ws/build) by extensions ['ignore', 'ignore_ament_install']
[1.588s] Level 1:colcon.colcon_core.package_identification:_identify(/uolstore/home/users/sc23oy/ros2_ws/build) by extension 'ignore'
[1.588s] Level 1:colcon.colcon_core.package_identification:_identify(/uolstore/home/users/sc23oy/ros2_ws/build) ignored
[1.589s] Level 1:colcon.colcon_core.package_identification:_identify(/uolstore/home/users/sc23oy/ros2_ws/install) by extensions ['ignore', 'ignore_ament_install']
[1.589s] Level 1:colcon.colcon_core.package_identification:_identify(/uolstore/home/users/sc23oy/ros2_ws/install) by extension 'ignore'
[1.590s] Level 1:colcon.colcon_core.package_identification:_identify(/uolstore/home/users/sc23oy/ros2_ws/install) ignored
[1.591s] Level 1:colcon.colcon_core.package_identification:_identify(/uolstore/home/users/sc23oy/ros2_ws/log) by extensions ['ignore', 'ignore_ament_install']
[1.591s] Level 1:colcon.colcon_core.package_identification:_identify(/uolstore/home/users/sc23oy/ros2_ws/log) by extension 'ignore'
[1.591s] Level 1:colcon.colcon_core.package_identification:_identify(/uolstore/home/users/sc23oy/ros2_ws/log) ignored
[1.592s] Level 1:colcon.colcon_core.package_identification:_identify(/uolstore/home/users/sc23oy/ros2_ws/src) by extensions ['ignore', 'ignore_ament_install']
[1.592s] Level 1:colcon.colcon_core.package_identification:_identify(/uolstore/home/users/sc23oy/ros2_ws/src) by extension 'ignore'
[1.592s] Level 1:colcon.colcon_core.package_identification:_identify(/uolstore/home/users/sc23oy/ros2_ws/src) by extension 'ignore_ament_install'
[1.592s] Level 1:colcon.colcon_core.package_identification:_identify(/uolstore/home/users/sc23oy/ros2_ws/src) by extensions ['colcon_pkg']
[1.592s] Level 1:colcon.colcon_core.package_identification:_identify(/uolstore/home/users/sc23oy/ros2_ws/src) by extension 'colcon_pkg'
[1.592s] Level 1:colcon.colcon_core.package_identification:_identify(/uolstore/home/users/sc23oy/ros2_ws/src) by extensions ['colcon_meta']
[1.593s] Level 1:colcon.colcon_core.package_identification:_identify(/uolstore/home/users/sc23oy/ros2_ws/src) by extension 'colcon_meta'
[1.593s] Level 1:colcon.colcon_core.package_identification:_identify(/uolstore/home/users/sc23oy/ros2_ws/src) by extensions ['ros']
[1.593s] Level 1:colcon.colcon_core.package_identification:_identify(/uolstore/home/users/sc23oy/ros2_ws/src) by extension 'ros'
[1.593s] Level 1:colcon.colcon_core.package_identification:_identify(/uolstore/home/users/sc23oy/ros2_ws/src) by extensions ['cmake', 'python']
[1.593s] Level 1:colcon.colcon_core.package_identification:_identify(/uolstore/home/users/sc23oy/ros2_ws/src) by extension 'cmake'
[1.594s] Level 1:colcon.colcon_core.package_identification:_identify(/uolstore/home/users/sc23oy/ros2_ws/src) by extension 'python'
[1.594s] Level 1:colcon.colcon_core.package_identification:_identify(/uolstore/home/users/sc23oy/ros2_ws/src) by extensions ['python_setup_py']
[1.594s] Level 1:colcon.colcon_core.package_identification:_identify(/uolstore/home/users/sc23oy/ros2_ws/src) by extension 'python_setup_py'
[1.594s] Level 1:colcon.colcon_core.package_identification:_identify(/uolstore/home/users/sc23oy/ros2_ws/src/lab1) by extensions ['ignore', 'ignore_ament_install']
[1.594s] Level 1:colcon.colcon_core.package_identification:_identify(/uolstore/home/users/sc23oy/ros2_ws/src/lab1) by extension 'ignore'
[1.595s] Level 1:colcon.colcon_core.package_identification:_identify(/uolstore/home/users/sc23oy/ros2_ws/src/lab1) by extension 'ignore_ament_install'
[1.595s] Level 1:colcon.colcon_core.package_identification:_identify(/uolstore/home/users/sc23oy/ros2_ws/src/lab1) by extensions ['colcon_pkg']
[1.595s] Level 1:colcon.colcon_core.package_identification:_identify(/uolstore/home/users/sc23oy/ros2_ws/src/lab1) by extension 'colcon_pkg'
[1.595s] Level 1:colcon.colcon_core.package_identification:_identify(/uolstore/home/users/sc23oy/ros2_ws/src/lab1) by extensions ['colcon_meta']
[1.595s] Level 1:colcon.colcon_core.package_identification:_identify(/uolstore/home/users/sc23oy/ros2_ws/src/lab1) by extension 'colcon_meta'
[1.595s] Level 1:colcon.colcon_core.package_identification:_identify(/uolstore/home/users/sc23oy/ros2_ws/src/lab1) by extensions ['ros']
[1.596s] Level 1:colcon.colcon_core.package_identification:_identify(/uolstore/home/users/sc23oy/ros2_ws/src/lab1) by extension 'ros'
[1.599s] DEBUG:colcon.colcon_core.package_identification:Package '/uolstore/home/users/sc23oy/ros2_ws/src/lab1' with type 'ros.ament_python' and name 'lab1'
[1.600s] Level 1:colcon.colcon_core.package_identification:_identify(/uolstore/home/users/sc23oy/ros2_ws/src/lab2) by extensions ['ignore', 'ignore_ament_install']
[1.600s] Level 1:colcon.colcon_core.package_identification:_identify(/uolstore/home/users/sc23oy/ros2_ws/src/lab2) by extension 'ignore'
[1.600s] Level 1:colcon.colcon_core.package_identification:_identify(/uolstore/home/users/sc23oy/ros2_ws/src/lab2) by extension 'ignore_ament_install'
[1.600s] Level 1:colcon.colcon_core.package_identification:_identify(/uolstore/home/users/sc23oy/ros2_ws/src/lab2) by extensions ['colcon_pkg']
[1.600s] Level 1:colcon.colcon_core.package_identification:_identify(/uolstore/home/users/sc23oy/ros2_ws/src/lab2) by extension 'colcon_pkg'
[1.600s] Level 1:colcon.colcon_core.package_identification:_identify(/uolstore/home/users/sc23oy/ros2_ws/src/lab2) by extensions ['colcon_meta']
[1.600s] Level 1:colcon.colcon_core.package_identification:_identify(/uolstore/home/users/sc23oy/ros2_ws/src/lab2) by extension 'colcon_meta'
[1.601s] Level 1:colcon.colcon_core.package_identification:_identify(/uolstore/home/users/sc23oy/ros2_ws/src/lab2) by extensions ['ros']
[1.601s] Level 1:colcon.colcon_core.package_identification:_identify(/uolstore/home/users/sc23oy/ros2_ws/src/lab2) by extension 'ros'
[1.602s] DEBUG:colcon.colcon_core.package_identification:Package '/uolstore/home/users/sc23oy/ros2_ws/src/lab2' with type 'ros.ament_python' and name 'lab2'
[1.602s] Level 1:colcon.colcon_core.package_discovery:discover_packages(recursive) using defaults
