[0.204s] Invoking command in '/uolstore/home/users/sc23oy/ros2_ws/build/turtlebot3_gazebo': PS1=[COMP3631] Singularity> \w $ /usr/bin/cmake /uolstore/home/users/sc23oy/ros2_ws/src/turtlebot3_simulations/turtlebot3_gazebo -DCMAKE_INSTALL_PREFIX=/uolstore/home/users/sc23oy/ros2_ws/install/turtlebot3_gazebo
[0.933s] -- Configuring incomplete, errors occurred!
[0.933s] See also "/uolstore/home/users/sc23oy/ros2_ws/build/turtlebot3_gazebo/CMakeFiles/CMakeOutput.log".
[0.933s] [31mCMake Error at CMakeLists.txt:22 (find_package):
[0.933s]   By not providing "Findament_cmake.cmake" in CMAKE_MODULE_PATH this project
[0.933s]   has asked CMake to find a package configuration file provided by
[0.933s]   "ament_cmake", but CMake did not find one.
[0.933s] 
[0.934s]   Could not find a package configuration file provided by "ament_cmake" with
[0.934s]   any of the following names:
[0.934s] 
[0.934s]     ament_cmakeConfig.cmake
[0.934s]     ament_cmake-config.cmake
[0.934s] 
[0.934s]   Add the installation prefix of "ament_cmake" to CMAKE_PREFIX_PATH or set
[0.934s]   "ament_cmake_DIR" to a directory containing one of the above files.  If
[0.934s]   "ament_cmake" provides a separate development package or SDK, be sure it
[0.934s]   has been installed.
[0.934s] 
[0.934s] [0m
[0.942s] Invoked command in '/uolstore/home/users/sc23oy/ros2_ws/build/turtlebot3_gazebo' returned '1': PS1=[COMP3631] Singularity> \w $ /usr/bin/cmake /uolstore/home/users/sc23oy/ros2_ws/src/turtlebot3_simulations/turtlebot3_gazebo -DCMAKE_INSTALL_PREFIX=/uolstore/home/users/sc23oy/ros2_ws/install/turtlebot3_gazebo
