[3.827s] Invoking command in '/uolstore/home/users/sc23oy/ros2_ws/src/lab2': PYTHONPATH=/uolstore/home/users/sc23oy/ros2_ws/build/lab2/prefix_override:/uolstore/home/users/sc23oy/ros2_ws/install/lab2/lib/python3.10/site-packages:${PYTHONPATH} /usr/bin/python3 setup.py egg_info --egg-base ../../build/lab2 build --build-base /uolstore/home/users/sc23oy/ros2_ws/build/lab2/build install --record /uolstore/home/users/sc23oy/ros2_ws/build/lab2/install.log --single-version-externally-managed
[4.340s] running egg_info
[4.342s] writing ../../build/lab2/lab2.egg-info/PKG-INFO
[4.345s] writing dependency_links to ../../build/lab2/lab2.egg-info/dependency_links.txt
[4.347s] writing entry points to ../../build/lab2/lab2.egg-info/entry_points.txt
[4.350s] writing requirements to ../../build/lab2/lab2.egg-info/requires.txt
[4.353s] writing top-level names to ../../build/lab2/lab2.egg-info/top_level.txt
[4.358s] reading manifest file '../../build/lab2/lab2.egg-info/SOURCES.txt'
[4.361s] writing manifest file '../../build/lab2/lab2.egg-info/SOURCES.txt'
[4.363s] running build
[4.364s] running build_py
[4.364s] running install
[4.364s] running install_lib
[4.369s] running install_data
[4.370s] running install_egg_info
[4.372s] removing '/uolstore/home/users/sc23oy/ros2_ws/install/lab2/lib/python3.10/site-packages/lab2-0.0.0-py3.10.egg-info' (and everything under it)
[4.380s] Copying ../../build/lab2/lab2.egg-info to /uolstore/home/users/sc23oy/ros2_ws/install/lab2/lib/python3.10/site-packages/lab2-0.0.0-py3.10.egg-info
[4.416s] running install_scripts
[4.447s] Installing listener script to /uolstore/home/users/sc23oy/ros2_ws/install/lab2/lib/lab2
[4.449s] Installing numeric_listener script to /uolstore/home/users/sc23oy/ros2_ws/install/lab2/lib/lab2
[4.452s] Installing numeric_talker script to /uolstore/home/users/sc23oy/ros2_ws/install/lab2/lib/lab2
[4.454s] Installing talker script to /uolstore/home/users/sc23oy/ros2_ws/install/lab2/lib/lab2
[4.458s] writing list of installed files to '/uolstore/home/users/sc23oy/ros2_ws/build/lab2/install.log'
[4.571s] Invoked command in '/uolstore/home/users/sc23oy/ros2_ws/src/lab2' returned '0': PYTHONPATH=/uolstore/home/users/sc23oy/ros2_ws/build/lab2/prefix_override:/uolstore/home/users/sc23oy/ros2_ws/install/lab2/lib/python3.10/site-packages:${PYTHONPATH} /usr/bin/python3 setup.py egg_info --egg-base ../../build/lab2 build --build-base /uolstore/home/users/sc23oy/ros2_ws/build/lab2/build install --record /uolstore/home/users/sc23oy/ros2_ws/build/lab2/install.log --single-version-externally-managed
