[3.013s] Invoking command in '/uolstore/home/users/sc23oy/ros2_ws/src/lab2': PYTHONPATH=/uolstore/home/users/sc23oy/ros2_ws/build/lab2/prefix_override:/uolstore/home/users/sc23oy/ros2_ws/install/lab2/lib/python3.10/site-packages:${PYTHONPATH} /usr/bin/python3 setup.py egg_info --egg-base ../../build/lab2 build --build-base /uolstore/home/users/sc23oy/ros2_ws/build/lab2/build install --record /uolstore/home/users/sc23oy/ros2_ws/build/lab2/install.log --single-version-externally-managed
[3.540s] running egg_info
[3.542s] writing ../../build/lab2/lab2.egg-info/PKG-INFO
[3.545s] writing dependency_links to ../../build/lab2/lab2.egg-info/dependency_links.txt
[3.549s] writing entry points to ../../build/lab2/lab2.egg-info/entry_points.txt
[3.552s] writing requirements to ../../build/lab2/lab2.egg-info/requires.txt
[3.554s] writing top-level names to ../../build/lab2/lab2.egg-info/top_level.txt
[3.566s] reading manifest file '../../build/lab2/lab2.egg-info/SOURCES.txt'
[3.570s] writing manifest file '../../build/lab2/lab2.egg-info/SOURCES.txt'
[3.572s] running build
[3.572s] running build_py
[3.577s] running install
[3.577s] running install_lib
[3.585s] running install_data
[3.587s] running install_egg_info
[3.590s] removing '/uolstore/home/users/sc23oy/ros2_ws/install/lab2/lib/python3.10/site-packages/lab2-0.0.0-py3.10.egg-info' (and everything under it)
[3.599s] Copying ../../build/lab2/lab2.egg-info to /uolstore/home/users/sc23oy/ros2_ws/install/lab2/lib/python3.10/site-packages/lab2-0.0.0-py3.10.egg-info
[3.640s] running install_scripts
[3.671s] Installing listener script to /uolstore/home/users/sc23oy/ros2_ws/install/lab2/lib/lab2
[3.673s] Installing numeric_listener script to /uolstore/home/users/sc23oy/ros2_ws/install/lab2/lib/lab2
[3.676s] Installing numeric_talker script to /uolstore/home/users/sc23oy/ros2_ws/install/lab2/lib/lab2
[3.678s] Installing talker script to /uolstore/home/users/sc23oy/ros2_ws/install/lab2/lib/lab2
[3.681s] writing list of installed files to '/uolstore/home/users/sc23oy/ros2_ws/build/lab2/install.log'
[3.719s] Invoked command in '/uolstore/home/users/sc23oy/ros2_ws/src/lab2' returned '0': PYTHONPATH=/uolstore/home/users/sc23oy/ros2_ws/build/lab2/prefix_override:/uolstore/home/users/sc23oy/ros2_ws/install/lab2/lib/python3.10/site-packages:${PYTHONPATH} /usr/bin/python3 setup.py egg_info --egg-base ../../build/lab2 build --build-base /uolstore/home/users/sc23oy/ros2_ws/build/lab2/build install --record /uolstore/home/users/sc23oy/ros2_ws/build/lab2/install.log --single-version-externally-managed
