[3.879s] Invoking command in '/uolstore/home/users/sc23oy/ros2_ws/src/lab3': PYTHONPATH=/uolstore/home/users/sc23oy/ros2_ws/build/lab3/prefix_override:/uolstore/home/users/sc23oy/ros2_ws/install/lab3/lib/python3.10/site-packages:${PYTHONPATH} /usr/bin/python3 setup.py egg_info --egg-base ../../build/lab3 build --build-base /uolstore/home/users/sc23oy/ros2_ws/build/lab3/build install --record /uolstore/home/users/sc23oy/ros2_ws/build/lab3/install.log --single-version-externally-managed
[4.494s] running egg_info
[4.495s] writing ../../build/lab3/lab3.egg-info/PKG-INFO
[4.499s] writing dependency_links to ../../build/lab3/lab3.egg-info/dependency_links.txt
[4.502s] writing entry points to ../../build/lab3/lab3.egg-info/entry_points.txt
[4.504s] writing requirements to ../../build/lab3/lab3.egg-info/requires.txt
[4.507s] writing top-level names to ../../build/lab3/lab3.egg-info/top_level.txt
[4.524s] reading manifest file '../../build/lab3/lab3.egg-info/SOURCES.txt'
[4.524s] writing manifest file '../../build/lab3/lab3.egg-info/SOURCES.txt'
[4.525s] running build
[4.525s] running build_py
[4.526s] copying lab3/firstwalk.py -> /uolstore/home/users/sc23oy/ros2_ws/build/lab3/build/lib/lab3
[4.531s] copying lab3/exercise1.py -> /uolstore/home/users/sc23oy/ros2_ws/build/lab3/build/lib/lab3
[4.535s] running install
[4.535s] running install_lib
[4.539s] copying /uolstore/home/users/sc23oy/ros2_ws/build/lab3/build/lib/lab3/firstwalk.py -> /uolstore/home/users/sc23oy/ros2_ws/install/lab3/lib/python3.10/site-packages/lab3
[4.547s] copying /uolstore/home/users/sc23oy/ros2_ws/build/lab3/build/lib/lab3/exercise1.py -> /uolstore/home/users/sc23oy/ros2_ws/install/lab3/lib/python3.10/site-packages/lab3
[4.553s] byte-compiling /uolstore/home/users/sc23oy/ros2_ws/install/lab3/lib/python3.10/site-packages/lab3/firstwalk.py to firstwalk.cpython-310.pyc
[4.560s] byte-compiling /uolstore/home/users/sc23oy/ros2_ws/install/lab3/lib/python3.10/site-packages/lab3/exercise1.py to exercise1.cpython-310.pyc
[4.565s] running install_data
[4.567s] running install_egg_info
[4.573s] removing '/uolstore/home/users/sc23oy/ros2_ws/install/lab3/lib/python3.10/site-packages/lab3-0.0.0-py3.10.egg-info' (and everything under it)
[4.585s] Copying ../../build/lab3/lab3.egg-info to /uolstore/home/users/sc23oy/ros2_ws/install/lab3/lib/python3.10/site-packages/lab3-0.0.0-py3.10.egg-info
[4.628s] running install_scripts
[4.664s] Installing circlewalk script to /uolstore/home/users/sc23oy/ros2_ws/install/lab3/lib/lab3
[4.666s] Installing firstwalk script to /uolstore/home/users/sc23oy/ros2_ws/install/lab3/lib/lab3
[4.669s] writing list of installed files to '/uolstore/home/users/sc23oy/ros2_ws/build/lab3/install.log'
[4.842s] Invoked command in '/uolstore/home/users/sc23oy/ros2_ws/src/lab3' returned '0': PYTHONPATH=/uolstore/home/users/sc23oy/ros2_ws/build/lab3/prefix_override:/uolstore/home/users/sc23oy/ros2_ws/install/lab3/lib/python3.10/site-packages:${PYTHONPATH} /usr/bin/python3 setup.py egg_info --egg-base ../../build/lab3 build --build-base /uolstore/home/users/sc23oy/ros2_ws/build/lab3/build install --record /uolstore/home/users/sc23oy/ros2_ws/build/lab3/install.log --single-version-externally-managed
