[0.192s] Invoking command in '/uolstore/home/users/sc23oy/ros2_ws/build/turtlebot3_simulations': CMAKE_PREFIX_PATH=/uolstore/home/users/sc23oy/ros2_ws/install/turtlebot3_gazebo:/uolstore/home/users/sc23oy/ros2_ws/install/turtlebot3_fake_node:/uolstore/home/users/sc23oy/ros2_ws/install/turtlebot3_simulations:/uollinapps/v2/24-25/soc/packages/linux-rhel9-x86_64_v3/gcc-11.4.0/gcc-14.2.0-svuh5yskfnrwh537tvxvt642acswwlju:/uolstore/home/users/sc23oy/ros2_ws/install/lab3:/uolstore/home/users/sc23oy/ros2_ws/install/lab2:/uolstore/home/users/sc23oy/ros2_ws/install/lab1:/opt/ros/humble /usr/bin/cmake --build /uolstore/home/users/sc23oy/ros2_ws/build/turtlebot3_simulations -- -j48 -l48
[0.296s] Invoked command in '/uolstore/home/users/sc23oy/ros2_ws/build/turtlebot3_simulations' returned '0': CMAKE_PREFIX_PATH=/uolstore/home/users/sc23oy/ros2_ws/install/turtlebot3_gazebo:/uolstore/home/users/sc23oy/ros2_ws/install/turtlebot3_fake_node:/uolstore/home/users/sc23oy/ros2_ws/install/turtlebot3_simulations:/uollinapps/v2/24-25/soc/packages/linux-rhel9-x86_64_v3/gcc-11.4.0/gcc-14.2.0-svuh5yskfnrwh537tvxvt642acswwlju:/uolstore/home/users/sc23oy/ros2_ws/install/lab3:/uolstore/home/users/sc23oy/ros2_ws/install/lab2:/uolstore/home/users/sc23oy/ros2_ws/install/lab1:/opt/ros/humble /usr/bin/cmake --build /uolstore/home/users/sc23oy/ros2_ws/build/turtlebot3_simulations -- -j48 -l48
[0.350s] Invoking command in '/uolstore/home/users/sc23oy/ros2_ws/build/turtlebot3_simulations': CMAKE_PREFIX_PATH=/uolstore/home/users/sc23oy/ros2_ws/install/turtlebot3_gazebo:/uolstore/home/users/sc23oy/ros2_ws/install/turtlebot3_fake_node:/uolstore/home/users/sc23oy/ros2_ws/install/turtlebot3_simulations:/uollinapps/v2/24-25/soc/packages/linux-rhel9-x86_64_v3/gcc-11.4.0/gcc-14.2.0-svuh5yskfnrwh537tvxvt642acswwlju:/uolstore/home/users/sc23oy/ros2_ws/install/lab3:/uolstore/home/users/sc23oy/ros2_ws/install/lab2:/uolstore/home/users/sc23oy/ros2_ws/install/lab1:/opt/ros/humble /usr/bin/cmake --install /uolstore/home/users/sc23oy/ros2_ws/build/turtlebot3_simulations
[0.373s] -- Install configuration: ""
[0.373s] -- Up-to-date: /uolstore/home/users/sc23oy/ros2_ws/install/turtlebot3_simulations/share/ament_index/resource_index/package_run_dependencies/turtlebot3_simulations
[0.374s] -- Up-to-date: /uolstore/home/users/sc23oy/ros2_ws/install/turtlebot3_simulations/share/ament_index/resource_index/parent_prefix_path/turtlebot3_simulations
[0.375s] -- Up-to-date: /uolstore/home/users/sc23oy/ros2_ws/install/turtlebot3_simulations/share/turtlebot3_simulations/environment/ament_prefix_path.sh
[0.376s] -- Up-to-date: /uolstore/home/users/sc23oy/ros2_ws/install/turtlebot3_simulations/share/turtlebot3_simulations/environment/ament_prefix_path.dsv
[0.377s] -- Up-to-date: /uolstore/home/users/sc23oy/ros2_ws/install/turtlebot3_simulations/share/turtlebot3_simulations/environment/path.sh
[0.378s] -- Up-to-date: /uolstore/home/users/sc23oy/ros2_ws/install/turtlebot3_simulations/share/turtlebot3_simulations/environment/path.dsv
[0.379s] -- Up-to-date: /uolstore/home/users/sc23oy/ros2_ws/install/turtlebot3_simulations/share/turtlebot3_simulations/local_setup.bash
[0.379s] -- Up-to-date: /uolstore/home/users/sc23oy/ros2_ws/install/turtlebot3_simulations/share/turtlebot3_simulations/local_setup.sh
[0.380s] -- Up-to-date: /uolstore/home/users/sc23oy/ros2_ws/install/turtlebot3_simulations/share/turtlebot3_simulations/local_setup.zsh
[0.381s] -- Up-to-date: /uolstore/home/users/sc23oy/ros2_ws/install/turtlebot3_simulations/share/turtlebot3_simulations/local_setup.dsv
[0.383s] -- Installing: /uolstore/home/users/sc23oy/ros2_ws/install/turtlebot3_simulations/share/turtlebot3_simulations/package.dsv
[0.396s] -- Up-to-date: /uolstore/home/users/sc23oy/ros2_ws/install/turtlebot3_simulations/share/ament_index/resource_index/packages/turtlebot3_simulations
[0.396s] -- Up-to-date: /uolstore/home/users/sc23oy/ros2_ws/install/turtlebot3_simulations/share/turtlebot3_simulations/cmake/turtlebot3_simulationsConfig.cmake
[0.397s] -- Up-to-date: /uolstore/home/users/sc23oy/ros2_ws/install/turtlebot3_simulations/share/turtlebot3_simulations/cmake/turtlebot3_simulationsConfig-version.cmake
[0.398s] -- Up-to-date: /uolstore/home/users/sc23oy/ros2_ws/install/turtlebot3_simulations/share/turtlebot3_simulations/package.xml
[0.404s] Invoked command in '/uolstore/home/users/sc23oy/ros2_ws/build/turtlebot3_simulations' returned '0': CMAKE_PREFIX_PATH=/uolstore/home/users/sc23oy/ros2_ws/install/turtlebot3_gazebo:/uolstore/home/users/sc23oy/ros2_ws/install/turtlebot3_fake_node:/uolstore/home/users/sc23oy/ros2_ws/install/turtlebot3_simulations:/uollinapps/v2/24-25/soc/packages/linux-rhel9-x86_64_v3/gcc-11.4.0/gcc-14.2.0-svuh5yskfnrwh537tvxvt642acswwlju:/uolstore/home/users/sc23oy/ros2_ws/install/lab3:/uolstore/home/users/sc23oy/ros2_ws/install/lab2:/uolstore/home/users/sc23oy/ros2_ws/install/lab1:/opt/ros/humble /usr/bin/cmake --install /uolstore/home/users/sc23oy/ros2_ws/build/turtlebot3_simulations
