[4.106s] Invoking command in '/uolstore/home/users/sc23oy/ros2_ws/src/lab2': PYTHONPATH=/uolstore/home/users/sc23oy/ros2_ws/build/lab2/prefix_override:/uolstore/home/users/sc23oy/ros2_ws/install/lab2/lib/python3.10/site-packages:${PYTHONPATH} /usr/bin/python3 setup.py egg_info --egg-base ../../build/lab2 build --build-base /uolstore/home/users/sc23oy/ros2_ws/build/lab2/build install --record /uolstore/home/users/sc23oy/ros2_ws/build/lab2/install.log --single-version-externally-managed
[4.709s] running egg_info
[4.712s] writing ../../build/lab2/lab2.egg-info/PKG-INFO
[4.714s] writing dependency_links to ../../build/lab2/lab2.egg-info/dependency_links.txt
[4.717s] writing entry points to ../../build/lab2/lab2.egg-info/entry_points.txt
[4.719s] writing requirements to ../../build/lab2/lab2.egg-info/requires.txt
[4.722s] writing top-level names to ../../build/lab2/lab2.egg-info/top_level.txt
[4.737s] reading manifest file '../../build/lab2/lab2.egg-info/SOURCES.txt'
[4.740s] writing manifest file '../../build/lab2/lab2.egg-info/SOURCES.txt'
[4.742s] running build
[4.742s] running build_py
[4.746s] copying lab2/numeric_talker.py -> /uolstore/home/users/sc23oy/ros2_ws/build/lab2/build/lib/lab2
[4.750s] running install
[4.751s] running install_lib
[4.755s] copying /uolstore/home/users/sc23oy/ros2_ws/build/lab2/build/lib/lab2/numeric_talker.py -> /uolstore/home/users/sc23oy/ros2_ws/install/lab2/lib/python3.10/site-packages/lab2
[4.765s] byte-compiling /uolstore/home/users/sc23oy/ros2_ws/install/lab2/lib/python3.10/site-packages/lab2/numeric_talker.py to numeric_talker.cpython-310.pyc
[4.772s] running install_data
[4.776s] copying launch/chatter.py -> /uolstore/home/users/sc23oy/ros2_ws/install/lab2/share/lab2/launch
[4.781s] copying launch/numeric_chatter.py -> /uolstore/home/users/sc23oy/ros2_ws/install/lab2/share/lab2/launch
[4.787s] running install_egg_info
[4.791s] removing '/uolstore/home/users/sc23oy/ros2_ws/install/lab2/lib/python3.10/site-packages/lab2-0.0.0-py3.10.egg-info' (and everything under it)
[4.806s] Copying ../../build/lab2/lab2.egg-info to /uolstore/home/users/sc23oy/ros2_ws/install/lab2/lib/python3.10/site-packages/lab2-0.0.0-py3.10.egg-info
[4.846s] running install_scripts
[4.885s] Installing listener script to /uolstore/home/users/sc23oy/ros2_ws/install/lab2/lib/lab2
[4.888s] Installing numeric_listener script to /uolstore/home/users/sc23oy/ros2_ws/install/lab2/lib/lab2
[4.894s] Installing numeric_talker script to /uolstore/home/users/sc23oy/ros2_ws/install/lab2/lib/lab2
[4.896s] Installing talker script to /uolstore/home/users/sc23oy/ros2_ws/install/lab2/lib/lab2
[4.900s] writing list of installed files to '/uolstore/home/users/sc23oy/ros2_ws/build/lab2/install.log'
[5.202s] Invoked command in '/uolstore/home/users/sc23oy/ros2_ws/src/lab2' returned '0': PYTHONPATH=/uolstore/home/users/sc23oy/ros2_ws/build/lab2/prefix_override:/uolstore/home/users/sc23oy/ros2_ws/install/lab2/lib/python3.10/site-packages:${PYTHONPATH} /usr/bin/python3 setup.py egg_info --egg-base ../../build/lab2 build --build-base /uolstore/home/users/sc23oy/ros2_ws/build/lab2/build install --record /uolstore/home/users/sc23oy/ros2_ws/build/lab2/install.log --single-version-externally-managed
