[3.706s] Invoking command in '/uolstore/home/users/sc23oy/ros2_ws/src/lab4': PYTHONPATH=/uolstore/home/users/sc23oy/ros2_ws/build/lab4/prefix_override:/uolstore/home/users/sc23oy/ros2_ws/install/lab4/lib/python3.10/site-packages:${PYTHONPATH} /usr/bin/python3 setup.py egg_info --egg-base ../../build/lab4 build --build-base /uolstore/home/users/sc23oy/ros2_ws/build/lab4/build install --record /uolstore/home/users/sc23oy/ros2_ws/build/lab4/install.log --single-version-externally-managed
[4.228s] running egg_info
[4.229s] creating ../../build/lab4/lab4.egg-info
[4.230s] writing ../../build/lab4/lab4.egg-info/PKG-INFO
[4.235s] writing dependency_links to ../../build/lab4/lab4.egg-info/dependency_links.txt
[4.237s] writing entry points to ../../build/lab4/lab4.egg-info/entry_points.txt
[4.240s] writing requirements to ../../build/lab4/lab4.egg-info/requires.txt
[4.241s] writing top-level names to ../../build/lab4/lab4.egg-info/top_level.txt
[4.244s] writing manifest file '../../build/lab4/lab4.egg-info/SOURCES.txt'
[4.252s] reading manifest file '../../build/lab4/lab4.egg-info/SOURCES.txt'
[4.256s] writing manifest file '../../build/lab4/lab4.egg-info/SOURCES.txt'
[4.257s] running build
[4.257s] running build_py
[4.258s] creating /uolstore/home/users/sc23oy/ros2_ws/build/lab4/build
[4.259s] creating /uolstore/home/users/sc23oy/ros2_ws/build/lab4/build/lib
[4.260s] creating /uolstore/home/users/sc23oy/ros2_ws/build/lab4/build/lib/lab4
[4.262s] copying lab4/__init__.py -> /uolstore/home/users/sc23oy/ros2_ws/build/lab4/build/lib/lab4
[4.266s] copying lab4/go_to_specific_point_on_map.py -> /uolstore/home/users/sc23oy/ros2_ws/build/lab4/build/lib/lab4
[4.270s] running install
[4.271s] running install_lib
[4.274s] creating /uolstore/home/users/sc23oy/ros2_ws/install/lab4/lib/python3.10/site-packages/lab4
[4.276s] copying /uolstore/home/users/sc23oy/ros2_ws/build/lab4/build/lib/lab4/__init__.py -> /uolstore/home/users/sc23oy/ros2_ws/install/lab4/lib/python3.10/site-packages/lab4
[4.280s] copying /uolstore/home/users/sc23oy/ros2_ws/build/lab4/build/lib/lab4/go_to_specific_point_on_map.py -> /uolstore/home/users/sc23oy/ros2_ws/install/lab4/lib/python3.10/site-packages/lab4
[4.287s] byte-compiling /uolstore/home/users/sc23oy/ros2_ws/install/lab4/lib/python3.10/site-packages/lab4/__init__.py to __init__.cpython-310.pyc
[4.291s] byte-compiling /uolstore/home/users/sc23oy/ros2_ws/install/lab4/lib/python3.10/site-packages/lab4/go_to_specific_point_on_map.py to go_to_specific_point_on_map.cpython-310.pyc
[4.296s] running install_data
[4.297s] creating /uolstore/home/users/sc23oy/ros2_ws/install/lab4/share/ament_index
[4.298s] creating /uolstore/home/users/sc23oy/ros2_ws/install/lab4/share/ament_index/resource_index
[4.300s] creating /uolstore/home/users/sc23oy/ros2_ws/install/lab4/share/ament_index/resource_index/packages
[4.301s] copying resource/lab4 -> /uolstore/home/users/sc23oy/ros2_ws/install/lab4/share/ament_index/resource_index/packages
[4.306s] copying package.xml -> /uolstore/home/users/sc23oy/ros2_ws/install/lab4/share/lab4
[4.310s] running install_egg_info
[4.314s] Copying ../../build/lab4/lab4.egg-info to /uolstore/home/users/sc23oy/ros2_ws/install/lab4/lib/python3.10/site-packages/lab4-0.0.0-py3.10.egg-info
[4.349s] running install_scripts
[4.383s] Installing go_to_pose script to /uolstore/home/users/sc23oy/ros2_ws/install/lab4/lib/lab4
[4.387s] writing list of installed files to '/uolstore/home/users/sc23oy/ros2_ws/build/lab4/install.log'
[4.711s] Invoked command in '/uolstore/home/users/sc23oy/ros2_ws/src/lab4' returned '0': PYTHONPATH=/uolstore/home/users/sc23oy/ros2_ws/build/lab4/prefix_override:/uolstore/home/users/sc23oy/ros2_ws/install/lab4/lib/python3.10/site-packages:${PYTHONPATH} /usr/bin/python3 setup.py egg_info --egg-base ../../build/lab4 build --build-base /uolstore/home/users/sc23oy/ros2_ws/build/lab4/build install --record /uolstore/home/users/sc23oy/ros2_ws/build/lab4/install.log --single-version-externally-managed
