[3.246s] Invoking command in '/uolstore/home/users/sc23oy/ros2_ws/src/lab1': PYTHONPATH=/uolstore/home/users/sc23oy/ros2_ws/build/lab1/prefix_override:/uolstore/home/users/sc23oy/ros2_ws/install/lab1/lib/python3.10/site-packages:${PYTHONPATH} /usr/bin/python3 setup.py egg_info --egg-base ../../build/lab1 build --build-base /uolstore/home/users/sc23oy/ros2_ws/build/lab1/build install --record /uolstore/home/users/sc23oy/ros2_ws/build/lab1/install.log --single-version-externally-managed
[3.699s] running egg_info
[3.700s] writing ../../build/lab1/lab1.egg-info/PKG-INFO
[3.703s] writing dependency_links to ../../build/lab1/lab1.egg-info/dependency_links.txt
[3.706s] writing entry points to ../../build/lab1/lab1.egg-info/entry_points.txt
[3.708s] writing requirements to ../../build/lab1/lab1.egg-info/requires.txt
[3.711s] writing top-level names to ../../build/lab1/lab1.egg-info/top_level.txt
[3.719s] reading manifest file '../../build/lab1/lab1.egg-info/SOURCES.txt'
[3.722s] writing manifest file '../../build/lab1/lab1.egg-info/SOURCES.txt'
[3.724s] running build
[3.725s] running build_py
[3.727s] running install
[3.728s] running install_lib
[3.732s] running install_data
[3.733s] running install_egg_info
[3.736s] removing '/uolstore/home/users/sc23oy/ros2_ws/install/lab1/lib/python3.10/site-packages/lab1-0.0.0-py3.10.egg-info' (and everything under it)
[3.745s] Copying ../../build/lab1/lab1.egg-info to /uolstore/home/users/sc23oy/ros2_ws/install/lab1/lib/python3.10/site-packages/lab1-0.0.0-py3.10.egg-info
[3.789s] running install_scripts
[3.820s] Installing hello script to /uolstore/home/users/sc23oy/ros2_ws/install/lab1/lib/lab1
[3.823s] writing list of installed files to '/uolstore/home/users/sc23oy/ros2_ws/build/lab1/install.log'
[3.856s] Invoked command in '/uolstore/home/users/sc23oy/ros2_ws/src/lab1' returned '0': PYTHONPATH=/uolstore/home/users/sc23oy/ros2_ws/build/lab1/prefix_override:/uolstore/home/users/sc23oy/ros2_ws/install/lab1/lib/python3.10/site-packages:${PYTHONPATH} /usr/bin/python3 setup.py egg_info --egg-base ../../build/lab1 build --build-base /uolstore/home/users/sc23oy/ros2_ws/build/lab1/build install --record /uolstore/home/users/sc23oy/ros2_ws/build/lab1/install.log --single-version-externally-managed
