[4.951s] Invoking command in '/uolstore/home/users/sc23oy/ros2_ws/src/lab2': PYTHONPATH=/uolstore/home/users/sc23oy/ros2_ws/build/lab2/prefix_override:/uolstore/home/users/sc23oy/ros2_ws/install/lab2/lib/python3.10/site-packages:${PYTHONPATH} /usr/bin/python3 setup.py egg_info --egg-base ../../build/lab2 build --build-base /uolstore/home/users/sc23oy/ros2_ws/build/lab2/build install --record /uolstore/home/users/sc23oy/ros2_ws/build/lab2/install.log --single-version-externally-managed
[5.566s] running egg_info
[5.568s] writing ../../build/lab2/lab2.egg-info/PKG-INFO
[5.573s] writing dependency_links to ../../build/lab2/lab2.egg-info/dependency_links.txt
[5.576s] writing entry points to ../../build/lab2/lab2.egg-info/entry_points.txt
[5.579s] writing requirements to ../../build/lab2/lab2.egg-info/requires.txt
[5.582s] writing top-level names to ../../build/lab2/lab2.egg-info/top_level.txt
[5.590s] reading manifest file '../../build/lab2/lab2.egg-info/SOURCES.txt'
[5.595s] writing manifest file '../../build/lab2/lab2.egg-info/SOURCES.txt'
[5.596s] running build
[5.596s] running build_py
[5.598s] running install
[5.598s] running install_lib
[5.602s] running install_data
[5.603s] running install_egg_info
[5.606s] removing '/uolstore/home/users/sc23oy/ros2_ws/install/lab2/lib/python3.10/site-packages/lab2-0.0.0-py3.10.egg-info' (and everything under it)
[5.615s] Copying ../../build/lab2/lab2.egg-info to /uolstore/home/users/sc23oy/ros2_ws/install/lab2/lib/python3.10/site-packages/lab2-0.0.0-py3.10.egg-info
[5.660s] running install_scripts
[5.703s] Installing listener script to /uolstore/home/users/sc23oy/ros2_ws/install/lab2/lib/lab2
[5.705s] Installing numeric_listener script to /uolstore/home/users/sc23oy/ros2_ws/install/lab2/lib/lab2
[5.709s] Installing numeric_talker script to /uolstore/home/users/sc23oy/ros2_ws/install/lab2/lib/lab2
[5.711s] Installing talker script to /uolstore/home/users/sc23oy/ros2_ws/install/lab2/lib/lab2
[5.715s] writing list of installed files to '/uolstore/home/users/sc23oy/ros2_ws/build/lab2/install.log'
[5.899s] Invoked command in '/uolstore/home/users/sc23oy/ros2_ws/src/lab2' returned '0': PYTHONPATH=/uolstore/home/users/sc23oy/ros2_ws/build/lab2/prefix_override:/uolstore/home/users/sc23oy/ros2_ws/install/lab2/lib/python3.10/site-packages:${PYTHONPATH} /usr/bin/python3 setup.py egg_info --egg-base ../../build/lab2 build --build-base /uolstore/home/users/sc23oy/ros2_ws/build/lab2/build install --record /uolstore/home/users/sc23oy/ros2_ws/build/lab2/install.log --single-version-externally-managed
