[3.205s] Invoking command in '/uolstore/home/users/sc23oy/ros2_ws/src/lab3': PYTHONPATH=/uolstore/home/users/sc23oy/ros2_ws/build/lab3/prefix_override:/uolstore/home/users/sc23oy/ros2_ws/install/lab3/lib/python3.10/site-packages:${PYTHONPATH} /usr/bin/python3 setup.py egg_info --egg-base ../../build/lab3 build --build-base /uolstore/home/users/sc23oy/ros2_ws/build/lab3/build install --record /uolstore/home/users/sc23oy/ros2_ws/build/lab3/install.log --single-version-externally-managed
[3.713s] running egg_info
[3.715s] writing ../../build/lab3/lab3.egg-info/PKG-INFO
[3.718s] writing dependency_links to ../../build/lab3/lab3.egg-info/dependency_links.txt
[3.720s] writing entry points to ../../build/lab3/lab3.egg-info/entry_points.txt
[3.723s] writing requirements to ../../build/lab3/lab3.egg-info/requires.txt
[3.725s] writing top-level names to ../../build/lab3/lab3.egg-info/top_level.txt
[3.734s] reading manifest file '../../build/lab3/lab3.egg-info/SOURCES.txt'
[3.737s] writing manifest file '../../build/lab3/lab3.egg-info/SOURCES.txt'
[3.740s] running build
[3.740s] running build_py
[3.742s] copying lab3/exercise1.py -> /uolstore/home/users/sc23oy/ros2_ws/build/lab3/build/lib/lab3
[3.746s] running install
[3.747s] running install_lib
[3.751s] copying /uolstore/home/users/sc23oy/ros2_ws/build/lab3/build/lib/lab3/exercise1.py -> /uolstore/home/users/sc23oy/ros2_ws/install/lab3/lib/python3.10/site-packages/lab3
[3.758s] byte-compiling /uolstore/home/users/sc23oy/ros2_ws/install/lab3/lib/python3.10/site-packages/lab3/exercise1.py to exercise1.cpython-310.pyc
[3.763s] running install_data
[3.765s] running install_egg_info
[3.770s] removing '/uolstore/home/users/sc23oy/ros2_ws/install/lab3/lib/python3.10/site-packages/lab3-0.0.0-py3.10.egg-info' (and everything under it)
[3.778s] Copying ../../build/lab3/lab3.egg-info to /uolstore/home/users/sc23oy/ros2_ws/install/lab3/lib/python3.10/site-packages/lab3-0.0.0-py3.10.egg-info
[3.814s] running install_scripts
[3.848s] Installing exercise1 script to /uolstore/home/users/sc23oy/ros2_ws/install/lab3/lib/lab3
[3.849s] Installing firstwalk script to /uolstore/home/users/sc23oy/ros2_ws/install/lab3/lib/lab3
[3.853s] writing list of installed files to '/uolstore/home/users/sc23oy/ros2_ws/build/lab3/install.log'
[4.002s] Invoked command in '/uolstore/home/users/sc23oy/ros2_ws/src/lab3' returned '0': PYTHONPATH=/uolstore/home/users/sc23oy/ros2_ws/build/lab3/prefix_override:/uolstore/home/users/sc23oy/ros2_ws/install/lab3/lib/python3.10/site-packages:${PYTHONPATH} /usr/bin/python3 setup.py egg_info --egg-base ../../build/lab3 build --build-base /uolstore/home/users/sc23oy/ros2_ws/build/lab3/build install --record /uolstore/home/users/sc23oy/ros2_ws/build/lab3/install.log --single-version-externally-managed
