[1.931s] Invoking command in '/uolstore/home/users/sc23oy/ros2_ws/src/lab2': PYTHONPATH=/uolstore/home/users/sc23oy/ros2_ws/build/lab2/prefix_override:/uolstore/home/users/sc23oy/ros2_ws/install/lab2/lib/python3.10/site-packages:${PYTHONPATH} /usr/bin/python3 setup.py egg_info --egg-base ../../build/lab2 build --build-base /uolstore/home/users/sc23oy/ros2_ws/build/lab2/build install --record /uolstore/home/users/sc23oy/ros2_ws/build/lab2/install.log --single-version-externally-managed
[2.363s] running egg_info
[2.364s] writing ../../build/lab2/lab2.egg-info/PKG-INFO
[2.368s] writing dependency_links to ../../build/lab2/lab2.egg-info/dependency_links.txt
[2.370s] writing entry points to ../../build/lab2/lab2.egg-info/entry_points.txt
[2.373s] writing requirements to ../../build/lab2/lab2.egg-info/requires.txt
[2.374s] writing top-level names to ../../build/lab2/lab2.egg-info/top_level.txt
[2.380s] reading manifest file '../../build/lab2/lab2.egg-info/SOURCES.txt'
[2.383s] writing manifest file '../../build/lab2/lab2.egg-info/SOURCES.txt'
[2.385s] running build
[2.385s] running build_py
[2.387s] copying lab2/listener.py -> /uolstore/home/users/sc23oy/ros2_ws/build/lab2/build/lib/lab2
[2.391s] copying lab2/talker.py -> /uolstore/home/users/sc23oy/ros2_ws/build/lab2/build/lib/lab2
[2.395s] copying lab2/numeric_listener.py -> /uolstore/home/users/sc23oy/ros2_ws/build/lab2/build/lib/lab2
[2.398s] copying lab2/numeric_talker.py -> /uolstore/home/users/sc23oy/ros2_ws/build/lab2/build/lib/lab2
[2.402s] running install
[2.402s] running install_lib
[2.406s] copying /uolstore/home/users/sc23oy/ros2_ws/build/lab2/build/lib/lab2/listener.py -> /uolstore/home/users/sc23oy/ros2_ws/install/lab2/lib/python3.10/site-packages/lab2
[2.411s] copying /uolstore/home/users/sc23oy/ros2_ws/build/lab2/build/lib/lab2/talker.py -> /uolstore/home/users/sc23oy/ros2_ws/install/lab2/lib/python3.10/site-packages/lab2
[2.416s] copying /uolstore/home/users/sc23oy/ros2_ws/build/lab2/build/lib/lab2/numeric_listener.py -> /uolstore/home/users/sc23oy/ros2_ws/install/lab2/lib/python3.10/site-packages/lab2
[2.420s] copying /uolstore/home/users/sc23oy/ros2_ws/build/lab2/build/lib/lab2/numeric_talker.py -> /uolstore/home/users/sc23oy/ros2_ws/install/lab2/lib/python3.10/site-packages/lab2
[2.426s] byte-compiling /uolstore/home/users/sc23oy/ros2_ws/install/lab2/lib/python3.10/site-packages/lab2/listener.py to listener.cpython-310.pyc
[2.431s] byte-compiling /uolstore/home/users/sc23oy/ros2_ws/install/lab2/lib/python3.10/site-packages/lab2/talker.py to talker.cpython-310.pyc
[2.436s] byte-compiling /uolstore/home/users/sc23oy/ros2_ws/install/lab2/lib/python3.10/site-packages/lab2/numeric_listener.py to numeric_listener.cpython-310.pyc
[2.441s] byte-compiling /uolstore/home/users/sc23oy/ros2_ws/install/lab2/lib/python3.10/site-packages/lab2/numeric_talker.py to numeric_talker.cpython-310.pyc
[2.445s] running install_data
[2.448s] copying launch/numeric_chatter.py -> /uolstore/home/users/sc23oy/ros2_ws/install/lab2/share/lab2/launch
[2.453s] running install_egg_info
[2.456s] removing '/uolstore/home/users/sc23oy/ros2_ws/install/lab2/lib/python3.10/site-packages/lab2-0.0.0-py3.10.egg-info' (and everything under it)
[2.465s] Copying ../../build/lab2/lab2.egg-info to /uolstore/home/users/sc23oy/ros2_ws/install/lab2/lib/python3.10/site-packages/lab2-0.0.0-py3.10.egg-info
[2.502s] running install_scripts
[2.529s] Installing listener script to /uolstore/home/users/sc23oy/ros2_ws/install/lab2/lib/lab2
[2.532s] Installing numeric_listener script to /uolstore/home/users/sc23oy/ros2_ws/install/lab2/lib/lab2
[2.534s] Installing numeric_talker script to /uolstore/home/users/sc23oy/ros2_ws/install/lab2/lib/lab2
[2.536s] Installing talker script to /uolstore/home/users/sc23oy/ros2_ws/install/lab2/lib/lab2
[2.539s] writing list of installed files to '/uolstore/home/users/sc23oy/ros2_ws/build/lab2/install.log'
[2.675s] Invoked command in '/uolstore/home/users/sc23oy/ros2_ws/src/lab2' returned '0': PYTHONPATH=/uolstore/home/users/sc23oy/ros2_ws/build/lab2/prefix_override:/uolstore/home/users/sc23oy/ros2_ws/install/lab2/lib/python3.10/site-packages:${PYTHONPATH} /usr/bin/python3 setup.py egg_info --egg-base ../../build/lab2 build --build-base /uolstore/home/users/sc23oy/ros2_ws/build/lab2/build install --record /uolstore/home/users/sc23oy/ros2_ws/build/lab2/install.log --single-version-externally-managed
