[1.715s] Invoking command in '/uolstore/home/users/sc23oy/ros2_ws/src/lab1': PS1=[COMP3631] Singularity> \w $ PYTHONPATH=/uolstore/home/users/sc23oy/ros2_ws/build/lab1/prefix_override:/uolstore/home/users/sc23oy/ros2_ws/install/lab1/lib/python3.10/site-packages: /usr/bin/python3 setup.py egg_info --egg-base ../../build/lab1 build --build-base /uolstore/home/users/sc23oy/ros2_ws/build/lab1/build install --record /uolstore/home/users/sc23oy/ros2_ws/build/lab1/install.log --single-version-externally-managed
[2.040s] running egg_info
[2.041s] creating ../../build/lab1/lab1.egg-info
[2.042s] writing ../../build/lab1/lab1.egg-info/PKG-INFO
[2.046s] writing dependency_links to ../../build/lab1/lab1.egg-info/dependency_links.txt
[2.048s] writing entry points to ../../build/lab1/lab1.egg-info/entry_points.txt
[2.049s] writing requirements to ../../build/lab1/lab1.egg-info/requires.txt
[2.050s] writing top-level names to ../../build/lab1/lab1.egg-info/top_level.txt
[2.052s] writing manifest file '../../build/lab1/lab1.egg-info/SOURCES.txt'
[2.058s] reading manifest file '../../build/lab1/lab1.egg-info/SOURCES.txt'
[2.060s] writing manifest file '../../build/lab1/lab1.egg-info/SOURCES.txt'
[2.061s] running build
[2.061s] running build_py
[2.062s] creating /uolstore/home/users/sc23oy/ros2_ws/build/lab1/build
[2.063s] creating /uolstore/home/users/sc23oy/ros2_ws/build/lab1/build/lib
[2.064s] creating /uolstore/home/users/sc23oy/ros2_ws/build/lab1/build/lib/lab1
[2.065s] copying lab1/__init__.py -> /uolstore/home/users/sc23oy/ros2_ws/build/lab1/build/lib/lab1
[2.068s] copying lab1/hello.py -> /uolstore/home/users/sc23oy/ros2_ws/build/lab1/build/lib/lab1
[2.071s] running install
[2.071s] running install_lib
[2.074s] creating /uolstore/home/users/sc23oy/ros2_ws/install/lab1/lib/python3.10/site-packages/lab1
[2.075s] copying /uolstore/home/users/sc23oy/ros2_ws/build/lab1/build/lib/lab1/__init__.py -> /uolstore/home/users/sc23oy/ros2_ws/install/lab1/lib/python3.10/site-packages/lab1
[2.078s] copying /uolstore/home/users/sc23oy/ros2_ws/build/lab1/build/lib/lab1/hello.py -> /uolstore/home/users/sc23oy/ros2_ws/install/lab1/lib/python3.10/site-packages/lab1
[2.084s] byte-compiling /uolstore/home/users/sc23oy/ros2_ws/install/lab1/lib/python3.10/site-packages/lab1/__init__.py to __init__.cpython-310.pyc
[2.088s] byte-compiling /uolstore/home/users/sc23oy/ros2_ws/install/lab1/lib/python3.10/site-packages/lab1/hello.py to hello.cpython-310.pyc
[2.092s] running install_data
[2.094s] creating /uolstore/home/users/sc23oy/ros2_ws/install/lab1/share/ament_index
[2.094s] creating /uolstore/home/users/sc23oy/ros2_ws/install/lab1/share/ament_index/resource_index
[2.096s] creating /uolstore/home/users/sc23oy/ros2_ws/install/lab1/share/ament_index/resource_index/packages
[2.097s] copying resource/lab1 -> /uolstore/home/users/sc23oy/ros2_ws/install/lab1/share/ament_index/resource_index/packages
[2.100s] copying package.xml -> /uolstore/home/users/sc23oy/ros2_ws/install/lab1/share/lab1
[2.104s] running install_egg_info
[2.107s] Copying ../../build/lab1/lab1.egg-info to /uolstore/home/users/sc23oy/ros2_ws/install/lab1/lib/python3.10/site-packages/lab1-0.0.0-py3.10.egg-info
[2.147s] running install_scripts
[2.176s] Installing hello script to /uolstore/home/users/sc23oy/ros2_ws/install/lab1/lib/lab1
[2.179s] writing list of installed files to '/uolstore/home/users/sc23oy/ros2_ws/build/lab1/install.log'
[2.208s] Invoked command in '/uolstore/home/users/sc23oy/ros2_ws/src/lab1' returned '0': PS1=[COMP3631] Singularity> \w $ PYTHONPATH=/uolstore/home/users/sc23oy/ros2_ws/build/lab1/prefix_override:/uolstore/home/users/sc23oy/ros2_ws/install/lab1/lib/python3.10/site-packages: /usr/bin/python3 setup.py egg_info --egg-base ../../build/lab1 build --build-base /uolstore/home/users/sc23oy/ros2_ws/build/lab1/build install --record /uolstore/home/users/sc23oy/ros2_ws/build/lab1/install.log --single-version-externally-managed
