[4.301s] Invoking command in '/uolstore/home/users/sc23oy/ros2_ws/src/lab1': PYTHONPATH=/uolstore/home/users/sc23oy/ros2_ws/build/lab1/prefix_override:/uolstore/home/users/sc23oy/ros2_ws/install/lab1/lib/python3.10/site-packages:${PYTHONPATH} /usr/bin/python3 setup.py egg_info --egg-base ../../build/lab1 build --build-base /uolstore/home/users/sc23oy/ros2_ws/build/lab1/build install --record /uolstore/home/users/sc23oy/ros2_ws/build/lab1/install.log --single-version-externally-managed
[4.917s] running egg_info
[4.918s] writing ../../build/lab1/lab1.egg-info/PKG-INFO
[4.922s] writing dependency_links to ../../build/lab1/lab1.egg-info/dependency_links.txt
[4.926s] writing entry points to ../../build/lab1/lab1.egg-info/entry_points.txt
[4.929s] writing requirements to ../../build/lab1/lab1.egg-info/requires.txt
[4.931s] writing top-level names to ../../build/lab1/lab1.egg-info/top_level.txt
[4.943s] reading manifest file '../../build/lab1/lab1.egg-info/SOURCES.txt'
[4.949s] writing manifest file '../../build/lab1/lab1.egg-info/SOURCES.txt'
[4.950s] running build
[4.951s] running build_py
[4.953s] running install
[4.953s] running install_lib
[4.959s] running install_data
[4.964s] running install_egg_info
[4.969s] removing '/uolstore/home/users/sc23oy/ros2_ws/install/lab1/lib/python3.10/site-packages/lab1-0.0.0-py3.10.egg-info' (and everything under it)
[4.977s] Copying ../../build/lab1/lab1.egg-info to /uolstore/home/users/sc23oy/ros2_ws/install/lab1/lib/python3.10/site-packages/lab1-0.0.0-py3.10.egg-info
[5.026s] running install_scripts
[5.064s] Installing hello script to /uolstore/home/users/sc23oy/ros2_ws/install/lab1/lib/lab1
[5.068s] writing list of installed files to '/uolstore/home/users/sc23oy/ros2_ws/build/lab1/install.log'
[5.108s] Invoked command in '/uolstore/home/users/sc23oy/ros2_ws/src/lab1' returned '0': PYTHONPATH=/uolstore/home/users/sc23oy/ros2_ws/build/lab1/prefix_override:/uolstore/home/users/sc23oy/ros2_ws/install/lab1/lib/python3.10/site-packages:${PYTHONPATH} /usr/bin/python3 setup.py egg_info --egg-base ../../build/lab1 build --build-base /uolstore/home/users/sc23oy/ros2_ws/build/lab1/build install --record /uolstore/home/users/sc23oy/ros2_ws/build/lab1/install.log --single-version-externally-managed
