[0.226s] Invoking command in '/uolstore/home/users/sc23oy/ros2_ws/build/turtlebot3_fake_node': PS1=[COMP3631] Singularity> \w $ /usr/bin/cmake /uolstore/home/users/sc23oy/ros2_ws/src/turtlebot3_simulations/turtlebot3_fake_node -DCMAKE_INSTALL_PREFIX=/uolstore/home/users/sc23oy/ros2_ws/install/turtlebot3_fake_node
[0.964s] -- Configuring incomplete, errors occurred!
[0.965s] See also "/uolstore/home/users/sc23oy/ros2_ws/build/turtlebot3_fake_node/CMakeFiles/CMakeOutput.log".
[0.965s] [31mCMake Error at CMakeLists.txt:18 (find_package):
[0.965s]   By not providing "Findament_cmake.cmake" in CMAKE_MODULE_PATH this project
[0.965s]   has asked CMake to find a package configuration file provided by
[0.965s]   "ament_cmake", but CMake did not find one.
[0.965s] 
[0.965s]   Could not find a package configuration file provided by "ament_cmake" with
[0.965s]   any of the following names:
[0.965s] 
[0.965s]     ament_cmakeConfig.cmake
[0.966s]     ament_cmake-config.cmake
[0.966s] 
[0.966s]   Add the installation prefix of "ament_cmake" to CMAKE_PREFIX_PATH or set
[0.966s]   "ament_cmake_DIR" to a directory containing one of the above files.  If
[0.966s]   "ament_cmake" provides a separate development package or SDK, be sure it
[0.966s]   has been installed.
[0.966s] 
[0.966s] [0m
[0.968s] Invoked command in '/uolstore/home/users/sc23oy/ros2_ws/build/turtlebot3_fake_node' returned '1': PS1=[COMP3631] Singularity> \w $ /usr/bin/cmake /uolstore/home/users/sc23oy/ros2_ws/src/turtlebot3_simulations/turtlebot3_fake_node -DCMAKE_INSTALL_PREFIX=/uolstore/home/users/sc23oy/ros2_ws/install/turtlebot3_fake_node
