[3.843s] Invoking command in '/uolstore/home/users/sc23oy/ros2_ws/src/lab3': PYTHONPATH=/uolstore/home/users/sc23oy/ros2_ws/build/lab3/prefix_override:/uolstore/home/users/sc23oy/ros2_ws/install/lab3/lib/python3.10/site-packages:${PYTHONPATH} /usr/bin/python3 setup.py egg_info --egg-base ../../build/lab3 build --build-base /uolstore/home/users/sc23oy/ros2_ws/build/lab3/build install --record /uolstore/home/users/sc23oy/ros2_ws/build/lab3/install.log --single-version-externally-managed
[4.333s] running egg_info
[4.335s] writing ../../build/lab3/lab3.egg-info/PKG-INFO
[4.340s] writing dependency_links to ../../build/lab3/lab3.egg-info/dependency_links.txt
[4.341s] writing entry points to ../../build/lab3/lab3.egg-info/entry_points.txt
[4.344s] writing requirements to ../../build/lab3/lab3.egg-info/requires.txt
[4.346s] writing top-level names to ../../build/lab3/lab3.egg-info/top_level.txt
[4.353s] reading manifest file '../../build/lab3/lab3.egg-info/SOURCES.txt'
[4.356s] writing manifest file '../../build/lab3/lab3.egg-info/SOURCES.txt'
[4.358s] running build
[4.358s] running build_py
[4.359s] running install
[4.359s] running install_lib
[4.362s] running install_data
[4.363s] running install_egg_info
[4.365s] removing '/uolstore/home/users/sc23oy/ros2_ws/install/lab3/lib/python3.10/site-packages/lab3-0.0.0-py3.10.egg-info' (and everything under it)
[4.372s] Copying ../../build/lab3/lab3.egg-info to /uolstore/home/users/sc23oy/ros2_ws/install/lab3/lib/python3.10/site-packages/lab3-0.0.0-py3.10.egg-info
[4.417s] running install_scripts
[4.449s] Installing exercise1 script to /uolstore/home/users/sc23oy/ros2_ws/install/lab3/lib/lab3
[4.453s] Installing exercise2 script to /uolstore/home/users/sc23oy/ros2_ws/install/lab3/lib/lab3
[4.455s] Installing firstwalk script to /uolstore/home/users/sc23oy/ros2_ws/install/lab3/lib/lab3
[4.459s] writing list of installed files to '/uolstore/home/users/sc23oy/ros2_ws/build/lab3/install.log'
[4.497s] Invoked command in '/uolstore/home/users/sc23oy/ros2_ws/src/lab3' returned '0': PYTHONPATH=/uolstore/home/users/sc23oy/ros2_ws/build/lab3/prefix_override:/uolstore/home/users/sc23oy/ros2_ws/install/lab3/lib/python3.10/site-packages:${PYTHONPATH} /usr/bin/python3 setup.py egg_info --egg-base ../../build/lab3 build --build-base /uolstore/home/users/sc23oy/ros2_ws/build/lab3/build install --record /uolstore/home/users/sc23oy/ros2_ws/build/lab3/install.log --single-version-externally-managed
